2021-06-11T14:34:12+09:00 (NOTICE): Invalid controller specified (wp-login.php) %info%
2021-06-11T14:34:12+09:00 (NOTICE): Request Parameters Array
(
    [controller] => wp-login.php
    [module] => front
    [action] => index
)

2021-06-11T14:34:25+09:00 (NOTICE): Invalid controller specified (wordpress) %info%
2021-06-11T14:34:25+09:00 (NOTICE): Request Parameters Array
(
    [controller] => wordpress
    [action] => wp-login.php
    [module] => front
)

2021-06-11T14:34:32+09:00 (NOTICE): Invalid controller specified (blog) %info%
2021-06-11T14:34:32+09:00 (NOTICE): Request Parameters Array
(
    [controller] => blog
    [action] => wp-login.php
    [module] => front
)

2021-06-11T14:34:40+09:00 (NOTICE): Invalid controller specified (wp) %info%
2021-06-11T14:34:40+09:00 (NOTICE): Request Parameters Array
(
    [controller] => wp
    [action] => wp-login.php
    [module] => front
)

