2021-06-16T12:34:23+09:00 (NOTICE): Invalid controller specified (robots.txt) %info%
2021-06-16T12:34:23+09:00 (NOTICE): Request Parameters Array
(
    [controller] => robots.txt
    [module] => front
    [action] => index
)

2021-06-16T14:01:23+09:00 (NOTICE): Invalid controller specified (wp-login.php) %info%
2021-06-16T14:01:23+09:00 (NOTICE): Request Parameters Array
(
    [controller] => wp-login.php
    [module] => front
    [action] => index
)

2021-06-16T14:01:25+09:00 (NOTICE): Invalid controller specified (wordpress) %info%
2021-06-16T14:01:25+09:00 (NOTICE): Request Parameters Array
(
    [controller] => wordpress
    [action] => wp-login.php
    [module] => front
)

2021-06-16T14:01:27+09:00 (NOTICE): Invalid controller specified (blog) %info%
2021-06-16T14:01:27+09:00 (NOTICE): Request Parameters Array
(
    [controller] => blog
    [action] => wp-login.php
    [module] => front
)

2021-06-16T14:01:28+09:00 (NOTICE): Invalid controller specified (wp) %info%
2021-06-16T14:01:28+09:00 (NOTICE): Request Parameters Array
(
    [controller] => wp
    [action] => wp-login.php
    [module] => front
)

