2021-06-18T07:07:26+09:00 (NOTICE): Invalid controller specified (.env) %info%
2021-06-18T07:07:26+09:00 (NOTICE): Request Parameters Array
(
    [controller] => .env
    [module] => front
    [action] => index
)

2021-06-18T08:17:42+09:00 (NOTICE): Invalid controller specified (.env) %info%
2021-06-18T08:17:42+09:00 (NOTICE): Request Parameters Array
(
    [controller] => .env
    [module] => front
    [action] => index
)

2021-06-18T11:54:54+09:00 (NOTICE): Invalid controller specified (wp-login.php) %info%
2021-06-18T11:54:54+09:00 (NOTICE): Request Parameters Array
(
    [controller] => wp-login.php
    [module] => front
    [action] => index
)

2021-06-18T11:55:09+09:00 (NOTICE): Invalid controller specified (wordpress) %info%
2021-06-18T11:55:09+09:00 (NOTICE): Request Parameters Array
(
    [controller] => wordpress
    [action] => wp-login.php
    [module] => front
)

2021-06-18T11:55:13+09:00 (NOTICE): Invalid controller specified (blog) %info%
2021-06-18T11:55:13+09:00 (NOTICE): Request Parameters Array
(
    [controller] => blog
    [action] => wp-login.php
    [module] => front
)

2021-06-18T11:55:16+09:00 (NOTICE): Invalid controller specified (wp) %info%
2021-06-18T11:55:16+09:00 (NOTICE): Request Parameters Array
(
    [controller] => wp
    [action] => wp-login.php
    [module] => front
)

2021-06-18T19:10:19+09:00 (NOTICE): Invalid controller specified (wp-login.php) %info%
2021-06-18T19:10:19+09:00 (NOTICE): Request Parameters Array
(
    [controller] => wp-login.php
    [module] => front
    [action] => index
)

2021-06-18T19:10:20+09:00 (NOTICE): Invalid controller specified (wordpress) %info%
2021-06-18T19:10:20+09:00 (NOTICE): Request Parameters Array
(
    [controller] => wordpress
    [action] => wp-login.php
    [module] => front
)

2021-06-18T19:10:20+09:00 (NOTICE): Invalid controller specified (blog) %info%
2021-06-18T19:10:20+09:00 (NOTICE): Request Parameters Array
(
    [controller] => blog
    [action] => wp-login.php
    [module] => front
)

2021-06-18T19:10:20+09:00 (NOTICE): Invalid controller specified (wp) %info%
2021-06-18T19:10:20+09:00 (NOTICE): Request Parameters Array
(
    [controller] => wp
    [action] => wp-login.php
    [module] => front
)

