2021-06-30T14:05:56+09:00 (NOTICE): Invalid controller specified (favicon.ico) %info%
2021-06-30T14:05:56+09:00 (NOTICE): Request Parameters Array
(
    [controller] => favicon.ico
    [module] => front
    [action] => index
)

2021-06-30T14:13:54+09:00 (NOTICE): Action "bankSelect" does not exist and was not trapped in __call() %info%
2021-06-30T14:13:54+09:00 (NOTICE): Request Parameters Array
(
    [controller] => connection
    [action] => bank-select
    [module] => front
)

2021-06-30T14:14:09+09:00 (NOTICE): Action "bankSelect" does not exist and was not trapped in __call() %info%
2021-06-30T14:14:09+09:00 (NOTICE): Request Parameters Array
(
    [controller] => connection
    [action] => bank-select
    [module] => front
)

2021-06-30T14:14:38+09:00 (CRIT): SQLSTATE[HY093]: Invalid parameter number: no parameters were bound #0 /var/www/fass-dev.fresco-co.net/Web/library/Zend/Db/Statement.php(305): Zend_Db_Statement_Pdo->_execute(Array)
#1 /var/www/fass-dev.fresco-co.net/Web/library/Zend/Db/Adapter/Abstract.php(479): Zend_Db_Statement->execute(Array)
#2 /var/www/fass-dev.fresco-co.net/Web/library/Zend/Db/Adapter/Pdo/Abstract.php(238): Zend_Db_Adapter_Abstract->query(Object(Nutex_Data_Db_Select), Array)
#3 /var/www/fass-dev.fresco-co.net/Web/library/Nutex/Data/Db/Select.php(18): Zend_Db_Adapter_Pdo_Abstract->query(Object(Nutex_Data_Db_Select))
#4 /var/www/fass-dev.fresco-co.net/Web/application/models/Data/ConnectionBank.php(80): Nutex_Data_Db_Select->query()
#5 /var/www/fass-dev.fresco-co.net/Web/application/modules/front/controllers/ConnectionController.php(1130): Shared_Model_Data_ConnectionBank->getListByConnectionId(NULL)
#6 /var/www/fass-dev.fresco-co.net/Web/library/Zend/Controller/Action.php(516): ConnectionController->bankListSelectAction()
#7 /var/www/fass-dev.fresco-co.net/Web/library/Zend/Controller/Dispatcher/Standard.php(295): Zend_Controller_Action->dispatch('bankListSelectA...')
#8 /var/www/fass-dev.fresco-co.net/Web/library/Zend/Controller/Front.php(954): Zend_Controller_Dispatcher_Standard->dispatch(Object(Nutex_Request), Object(Nutex_Response))
#9 /var/www/fass-dev.fresco-co.net/Web/library/Zend/Application/Bootstrap/Bootstrap.php(97): Zend_Controller_Front->dispatch()
#10 /var/www/fass-dev.fresco-co.net/Web/library/Zend/Application.php(366): Zend_Application_Bootstrap_Bootstrap->run()
#11 /var/www/fass-dev.fresco-co.net/Web/public/index.php(22): Zend_Application->run()
#12 {main}
2021-06-30T14:14:38+09:00 (CRIT): Request Parameters Array
(
    [controller] => connection
    [action] => bank-list-select
    [module] => front
)

2021-06-30T14:16:49+09:00 (CRIT): SQLSTATE[HY093]: Invalid parameter number: no parameters were bound #0 /var/www/fass-dev.fresco-co.net/Web/library/Zend/Db/Statement.php(305): Zend_Db_Statement_Pdo->_execute(Array)
#1 /var/www/fass-dev.fresco-co.net/Web/library/Zend/Db/Adapter/Abstract.php(479): Zend_Db_Statement->execute(Array)
#2 /var/www/fass-dev.fresco-co.net/Web/library/Zend/Db/Adapter/Pdo/Abstract.php(238): Zend_Db_Adapter_Abstract->query(Object(Nutex_Data_Db_Select), Array)
#3 /var/www/fass-dev.fresco-co.net/Web/library/Nutex/Data/Db/Select.php(18): Zend_Db_Adapter_Pdo_Abstract->query(Object(Nutex_Data_Db_Select))
#4 /var/www/fass-dev.fresco-co.net/Web/application/models/Data/ConnectionBank.php(80): Nutex_Data_Db_Select->query()
#5 /var/www/fass-dev.fresco-co.net/Web/application/modules/front/controllers/ConnectionController.php(1130): Shared_Model_Data_ConnectionBank->getListByConnectionId(NULL)
#6 /var/www/fass-dev.fresco-co.net/Web/library/Zend/Controller/Action.php(516): ConnectionController->bankListSelectAction()
#7 /var/www/fass-dev.fresco-co.net/Web/library/Zend/Controller/Dispatcher/Standard.php(295): Zend_Controller_Action->dispatch('bankListSelectA...')
#8 /var/www/fass-dev.fresco-co.net/Web/library/Zend/Controller/Front.php(954): Zend_Controller_Dispatcher_Standard->dispatch(Object(Nutex_Request), Object(Nutex_Response))
#9 /var/www/fass-dev.fresco-co.net/Web/library/Zend/Application/Bootstrap/Bootstrap.php(97): Zend_Controller_Front->dispatch()
#10 /var/www/fass-dev.fresco-co.net/Web/library/Zend/Application.php(366): Zend_Application_Bootstrap_Bootstrap->run()
#11 /var/www/fass-dev.fresco-co.net/Web/public/index.php(22): Zend_Application->run()
#12 {main}
2021-06-30T14:16:49+09:00 (CRIT): Request Parameters Array
(
    [controller] => connection
    [action] => bank-list-select
    [module] => front
)

2021-06-30T14:17:31+09:00 (CRIT): SQLSTATE[HY093]: Invalid parameter number: no parameters were bound #0 /var/www/fass-dev.fresco-co.net/Web/library/Zend/Db/Statement.php(305): Zend_Db_Statement_Pdo->_execute(Array)
#1 /var/www/fass-dev.fresco-co.net/Web/library/Zend/Db/Adapter/Abstract.php(479): Zend_Db_Statement->execute(Array)
#2 /var/www/fass-dev.fresco-co.net/Web/library/Zend/Db/Adapter/Pdo/Abstract.php(238): Zend_Db_Adapter_Abstract->query(Object(Nutex_Data_Db_Select), Array)
#3 /var/www/fass-dev.fresco-co.net/Web/library/Nutex/Data/Db/Select.php(18): Zend_Db_Adapter_Pdo_Abstract->query(Object(Nutex_Data_Db_Select))
#4 /var/www/fass-dev.fresco-co.net/Web/application/models/Data/ConnectionBank.php(80): Nutex_Data_Db_Select->query()
#5 /var/www/fass-dev.fresco-co.net/Web/application/modules/front/controllers/ConnectionController.php(1131): Shared_Model_Data_ConnectionBank->getListByConnectionId(NULL)
#6 /var/www/fass-dev.fresco-co.net/Web/library/Zend/Controller/Action.php(516): ConnectionController->bankListSelectAction()
#7 /var/www/fass-dev.fresco-co.net/Web/library/Zend/Controller/Dispatcher/Standard.php(295): Zend_Controller_Action->dispatch('bankListSelectA...')
#8 /var/www/fass-dev.fresco-co.net/Web/library/Zend/Controller/Front.php(954): Zend_Controller_Dispatcher_Standard->dispatch(Object(Nutex_Request), Object(Nutex_Response))
#9 /var/www/fass-dev.fresco-co.net/Web/library/Zend/Application/Bootstrap/Bootstrap.php(97): Zend_Controller_Front->dispatch()
#10 /var/www/fass-dev.fresco-co.net/Web/library/Zend/Application.php(366): Zend_Application_Bootstrap_Bootstrap->run()
#11 /var/www/fass-dev.fresco-co.net/Web/public/index.php(22): Zend_Application->run()
#12 {main}
2021-06-30T14:17:31+09:00 (CRIT): Request Parameters Array
(
    [controller] => connection
    [action] => bank-list-select
    [module] => front
)

2021-06-30T14:17:39+09:00 (CRIT): SQLSTATE[HY093]: Invalid parameter number: no parameters were bound #0 /var/www/fass-dev.fresco-co.net/Web/library/Zend/Db/Statement.php(305): Zend_Db_Statement_Pdo->_execute(Array)
#1 /var/www/fass-dev.fresco-co.net/Web/library/Zend/Db/Adapter/Abstract.php(479): Zend_Db_Statement->execute(Array)
#2 /var/www/fass-dev.fresco-co.net/Web/library/Zend/Db/Adapter/Pdo/Abstract.php(238): Zend_Db_Adapter_Abstract->query(Object(Nutex_Data_Db_Select), Array)
#3 /var/www/fass-dev.fresco-co.net/Web/library/Nutex/Data/Db/Select.php(18): Zend_Db_Adapter_Pdo_Abstract->query(Object(Nutex_Data_Db_Select))
#4 /var/www/fass-dev.fresco-co.net/Web/application/models/Data/ConnectionBank.php(80): Nutex_Data_Db_Select->query()
#5 /var/www/fass-dev.fresco-co.net/Web/application/modules/front/controllers/ConnectionController.php(1131): Shared_Model_Data_ConnectionBank->getListByConnectionId(NULL)
#6 /var/www/fass-dev.fresco-co.net/Web/library/Zend/Controller/Action.php(516): ConnectionController->bankListSelectAction()
#7 /var/www/fass-dev.fresco-co.net/Web/library/Zend/Controller/Dispatcher/Standard.php(295): Zend_Controller_Action->dispatch('bankListSelectA...')
#8 /var/www/fass-dev.fresco-co.net/Web/library/Zend/Controller/Front.php(954): Zend_Controller_Dispatcher_Standard->dispatch(Object(Nutex_Request), Object(Nutex_Response))
#9 /var/www/fass-dev.fresco-co.net/Web/library/Zend/Application/Bootstrap/Bootstrap.php(97): Zend_Controller_Front->dispatch()
#10 /var/www/fass-dev.fresco-co.net/Web/library/Zend/Application.php(366): Zend_Application_Bootstrap_Bootstrap->run()
#11 /var/www/fass-dev.fresco-co.net/Web/public/index.php(22): Zend_Application->run()
#12 {main}
2021-06-30T14:17:39+09:00 (CRIT): Request Parameters Array
(
    [controller] => connection
    [action] => bank-list-select
    [module] => front
)

2021-06-30T14:18:07+09:00 (CRIT): SQLSTATE[HY093]: Invalid parameter number: no parameters were bound #0 /var/www/fass-dev.fresco-co.net/Web/library/Zend/Db/Statement.php(305): Zend_Db_Statement_Pdo->_execute(Array)
#1 /var/www/fass-dev.fresco-co.net/Web/library/Zend/Db/Adapter/Abstract.php(479): Zend_Db_Statement->execute(Array)
#2 /var/www/fass-dev.fresco-co.net/Web/library/Zend/Db/Adapter/Pdo/Abstract.php(238): Zend_Db_Adapter_Abstract->query(Object(Nutex_Data_Db_Select), Array)
#3 /var/www/fass-dev.fresco-co.net/Web/library/Nutex/Data/Db/Select.php(18): Zend_Db_Adapter_Pdo_Abstract->query(Object(Nutex_Data_Db_Select))
#4 /var/www/fass-dev.fresco-co.net/Web/application/models/Data/ConnectionBank.php(80): Nutex_Data_Db_Select->query()
#5 /var/www/fass-dev.fresco-co.net/Web/application/modules/front/controllers/ConnectionController.php(1131): Shared_Model_Data_ConnectionBank->getListByConnectionId(NULL)
#6 /var/www/fass-dev.fresco-co.net/Web/library/Zend/Controller/Action.php(516): ConnectionController->bankListSelectAction()
#7 /var/www/fass-dev.fresco-co.net/Web/library/Zend/Controller/Dispatcher/Standard.php(295): Zend_Controller_Action->dispatch('bankListSelectA...')
#8 /var/www/fass-dev.fresco-co.net/Web/library/Zend/Controller/Front.php(954): Zend_Controller_Dispatcher_Standard->dispatch(Object(Nutex_Request), Object(Nutex_Response))
#9 /var/www/fass-dev.fresco-co.net/Web/library/Zend/Application/Bootstrap/Bootstrap.php(97): Zend_Controller_Front->dispatch()
#10 /var/www/fass-dev.fresco-co.net/Web/library/Zend/Application.php(366): Zend_Application_Bootstrap_Bootstrap->run()
#11 /var/www/fass-dev.fresco-co.net/Web/public/index.php(22): Zend_Application->run()
#12 {main}
2021-06-30T14:18:07+09:00 (CRIT): Request Parameters Array
(
    [controller] => connection
    [action] => bank-list-select
    [module] => front
)

2021-06-30T18:15:06+09:00 (CRIT): /transaction-payable/invoice-add-post transaction faied: exception 'PDOException' with message 'SQLSTATE[23000]: Integrity constraint violation: 1048 Column 'target_id' cannot be null' in /var/www/fass-dev.fresco-co.net/Web/library/Zend/Db/Statement/Pdo.php:228
Stack trace:
#0 /var/www/fass-dev.fresco-co.net/Web/library/Zend/Db/Statement/Pdo.php(228): PDOStatement->execute(Array)
#1 /var/www/fass-dev.fresco-co.net/Web/library/Zend/Db/Statement.php(305): Zend_Db_Statement_Pdo->_execute(Array)
#2 /var/www/fass-dev.fresco-co.net/Web/library/Zend/Db/Adapter/Abstract.php(479): Zend_Db_Statement->execute(Array)
#3 /var/www/fass-dev.fresco-co.net/Web/library/Zend/Db/Adapter/Pdo/Abstract.php(238): Zend_Db_Adapter_Abstract->query('INSERT INTO `fr...', Array)
#4 /var/www/fass-dev.fresco-co.net/Web/library/Zend/Db/Adapter/Abstract.php(575): Zend_Db_Adapter_Pdo_Abstract->query('INSERT INTO `fr...', Array)
#5 /var/www/fass-dev.fresco-co.net/Web/library/Nutex/Data/Db/Abstract.php(67): Zend_Db_Adapter_Abstract->insert('frs_account_pay...', Array)
#6 /var/www/fass-dev.fresco-co.net/Web/application/models/Data/DbAbstract.php(31): Nutex_Data_Db_Abstract->create(Array)
#7 /var/www/fass-dev.fresco-co.net/Web/application/modules/front/controllers/TransactionPayableController.php(575): Shared_Model_Data_DbAbstract->create(Array)
#8 /var/www/fass-dev.fresco-co.net/Web/library/Zend/Controller/Action.php(516): TransactionPayableController->addPostAction()
#9 /var/www/fass-dev.fresco-co.net/Web/library/Zend/Controller/Dispatcher/Standard.php(295): Zend_Controller_Action->dispatch('addPostAction')
#10 /var/www/fass-dev.fresco-co.net/Web/library/Zend/Controller/Front.php(954): Zend_Controller_Dispatcher_Standard->dispatch(Object(Nutex_Request), Object(Nutex_Response))
#11 /var/www/fass-dev.fresco-co.net/Web/library/Zend/Application/Bootstrap/Bootstrap.php(97): Zend_Controller_Front->dispatch()
#12 /var/www/fass-dev.fresco-co.net/Web/library/Zend/Application.php(366): Zend_Application_Bootstrap_Bootstrap->run()
#13 /var/www/fass-dev.fresco-co.net/Web/public/index.php(22): Zend_Application->run()
#14 {main}

Next exception 'Zend_Db_Statement_Exception' with message 'SQLSTATE[23000]: Integrity constraint violation: 1048 Column 'target_id' cannot be null' in /var/www/fass-dev.fresco-co.net/Web/library/Zend/Db/Statement/Pdo.php:234
Stack trace:
#0 /var/www/fass-dev.fresco-co.net/Web/library/Zend/Db/Statement.php(305): Zend_Db_Statement_Pdo->_execute(Array)
#1 /var/www/fass-dev.fresco-co.net/Web/library/Zend/Db/Adapter/Abstract.php(479): Zend_Db_Statement->execute(Array)
#2 /var/www/fass-dev.fresco-co.net/Web/library/Zend/Db/Adapter/Pdo/Abstract.php(238): Zend_Db_Adapter_Abstract->query('INSERT INTO `fr...', Array)
#3 /var/www/fass-dev.fresco-co.net/Web/library/Zend/Db/Adapter/Abstract.php(575): Zend_Db_Adapter_Pdo_Abstract->query('INSERT INTO `fr...', Array)
#4 /var/www/fass-dev.fresco-co.net/Web/library/Nutex/Data/Db/Abstract.php(67): Zend_Db_Adapter_Abstract->insert('frs_account_pay...', Array)
#5 /var/www/fass-dev.fresco-co.net/Web/application/models/Data/DbAbstract.php(31): Nutex_Data_Db_Abstract->create(Array)
#6 /var/www/fass-dev.fresco-co.net/Web/application/modules/front/controllers/TransactionPayableController.php(575): Shared_Model_Data_DbAbstract->create(Array)
#7 /var/www/fass-dev.fresco-co.net/Web/library/Zend/Controller/Action.php(516): TransactionPayableController->addPostAction()
#8 /var/www/fass-dev.fresco-co.net/Web/library/Zend/Controller/Dispatcher/Standard.php(295): Zend_Controller_Action->dispatch('addPostAction')
#9 /var/www/fass-dev.fresco-co.net/Web/library/Zend/Controller/Front.php(954): Zend_Controller_Dispatcher_Standard->dispatch(Object(Nutex_Request), Object(Nutex_Response))
#10 /var/www/fass-dev.fresco-co.net/Web/library/Zend/Application/Bootstrap/Bootstrap.php(97): Zend_Controller_Front->dispatch()
#11 /var/www/fass-dev.fresco-co.net/Web/library/Zend/Application.php(366): Zend_Application_Bootstrap_Bootstrap->run()
#12 /var/www/fass-dev.fresco-co.net/Web/public/index.php(22): Zend_Application->run()
#13 {main} #0 /var/www/fass-dev.fresco-co.net/Web/library/Zend/Controller/Action.php(516): TransactionPayableController->addPostAction()
#1 /var/www/fass-dev.fresco-co.net/Web/library/Zend/Controller/Dispatcher/Standard.php(295): Zend_Controller_Action->dispatch('addPostAction')
#2 /var/www/fass-dev.fresco-co.net/Web/library/Zend/Controller/Front.php(954): Zend_Controller_Dispatcher_Standard->dispatch(Object(Nutex_Request), Object(Nutex_Response))
#3 /var/www/fass-dev.fresco-co.net/Web/library/Zend/Application/Bootstrap/Bootstrap.php(97): Zend_Controller_Front->dispatch()
#4 /var/www/fass-dev.fresco-co.net/Web/library/Zend/Application.php(366): Zend_Application_Bootstrap_Bootstrap->run()
#5 /var/www/fass-dev.fresco-co.net/Web/public/index.php(22): Zend_Application->run()
#6 {main}
2021-06-30T18:15:06+09:00 (CRIT): Request Parameters Array
(
    [controller] => transaction-payable
    [action] => add-post
    [module] => front
    [paying_type] => 10
    [account_title_id] => 2
    [target_connection_id] => 571
    [ad06327a-e4a8-6fc2-9cd7-9a1a2b6fec46_order_form_id] => 
    [order_form_list] => ad06327a-e4a8-6fc2-9cd7-9a1a2b6fec46
    [paying_method] => 10
    [paying_bank_id] => 7
    [paying_card_id] => 
    [purchased_date] => 
    [paying_method_memo] => 
    [file_list] => 
)

2021-06-30T18:15:16+09:00 (CRIT): /transaction-payable/invoice-add-post transaction faied: exception 'PDOException' with message 'SQLSTATE[23000]: Integrity constraint violation: 1048 Column 'target_id' cannot be null' in /var/www/fass-dev.fresco-co.net/Web/library/Zend/Db/Statement/Pdo.php:228
Stack trace:
#0 /var/www/fass-dev.fresco-co.net/Web/library/Zend/Db/Statement/Pdo.php(228): PDOStatement->execute(Array)
#1 /var/www/fass-dev.fresco-co.net/Web/library/Zend/Db/Statement.php(305): Zend_Db_Statement_Pdo->_execute(Array)
#2 /var/www/fass-dev.fresco-co.net/Web/library/Zend/Db/Adapter/Abstract.php(479): Zend_Db_Statement->execute(Array)
#3 /var/www/fass-dev.fresco-co.net/Web/library/Zend/Db/Adapter/Pdo/Abstract.php(238): Zend_Db_Adapter_Abstract->query('INSERT INTO `fr...', Array)
#4 /var/www/fass-dev.fresco-co.net/Web/library/Zend/Db/Adapter/Abstract.php(575): Zend_Db_Adapter_Pdo_Abstract->query('INSERT INTO `fr...', Array)
#5 /var/www/fass-dev.fresco-co.net/Web/library/Nutex/Data/Db/Abstract.php(67): Zend_Db_Adapter_Abstract->insert('frs_account_pay...', Array)
#6 /var/www/fass-dev.fresco-co.net/Web/application/models/Data/DbAbstract.php(31): Nutex_Data_Db_Abstract->create(Array)
#7 /var/www/fass-dev.fresco-co.net/Web/application/modules/front/controllers/TransactionPayableController.php(575): Shared_Model_Data_DbAbstract->create(Array)
#8 /var/www/fass-dev.fresco-co.net/Web/library/Zend/Controller/Action.php(516): TransactionPayableController->addPostAction()
#9 /var/www/fass-dev.fresco-co.net/Web/library/Zend/Controller/Dispatcher/Standard.php(295): Zend_Controller_Action->dispatch('addPostAction')
#10 /var/www/fass-dev.fresco-co.net/Web/library/Zend/Controller/Front.php(954): Zend_Controller_Dispatcher_Standard->dispatch(Object(Nutex_Request), Object(Nutex_Response))
#11 /var/www/fass-dev.fresco-co.net/Web/library/Zend/Application/Bootstrap/Bootstrap.php(97): Zend_Controller_Front->dispatch()
#12 /var/www/fass-dev.fresco-co.net/Web/library/Zend/Application.php(366): Zend_Application_Bootstrap_Bootstrap->run()
#13 /var/www/fass-dev.fresco-co.net/Web/public/index.php(22): Zend_Application->run()
#14 {main}

Next exception 'Zend_Db_Statement_Exception' with message 'SQLSTATE[23000]: Integrity constraint violation: 1048 Column 'target_id' cannot be null' in /var/www/fass-dev.fresco-co.net/Web/library/Zend/Db/Statement/Pdo.php:234
Stack trace:
#0 /var/www/fass-dev.fresco-co.net/Web/library/Zend/Db/Statement.php(305): Zend_Db_Statement_Pdo->_execute(Array)
#1 /var/www/fass-dev.fresco-co.net/Web/library/Zend/Db/Adapter/Abstract.php(479): Zend_Db_Statement->execute(Array)
#2 /var/www/fass-dev.fresco-co.net/Web/library/Zend/Db/Adapter/Pdo/Abstract.php(238): Zend_Db_Adapter_Abstract->query('INSERT INTO `fr...', Array)
#3 /var/www/fass-dev.fresco-co.net/Web/library/Zend/Db/Adapter/Abstract.php(575): Zend_Db_Adapter_Pdo_Abstract->query('INSERT INTO `fr...', Array)
#4 /var/www/fass-dev.fresco-co.net/Web/library/Nutex/Data/Db/Abstract.php(67): Zend_Db_Adapter_Abstract->insert('frs_account_pay...', Array)
#5 /var/www/fass-dev.fresco-co.net/Web/application/models/Data/DbAbstract.php(31): Nutex_Data_Db_Abstract->create(Array)
#6 /var/www/fass-dev.fresco-co.net/Web/application/modules/front/controllers/TransactionPayableController.php(575): Shared_Model_Data_DbAbstract->create(Array)
#7 /var/www/fass-dev.fresco-co.net/Web/library/Zend/Controller/Action.php(516): TransactionPayableController->addPostAction()
#8 /var/www/fass-dev.fresco-co.net/Web/library/Zend/Controller/Dispatcher/Standard.php(295): Zend_Controller_Action->dispatch('addPostAction')
#9 /var/www/fass-dev.fresco-co.net/Web/library/Zend/Controller/Front.php(954): Zend_Controller_Dispatcher_Standard->dispatch(Object(Nutex_Request), Object(Nutex_Response))
#10 /var/www/fass-dev.fresco-co.net/Web/library/Zend/Application/Bootstrap/Bootstrap.php(97): Zend_Controller_Front->dispatch()
#11 /var/www/fass-dev.fresco-co.net/Web/library/Zend/Application.php(366): Zend_Application_Bootstrap_Bootstrap->run()
#12 /var/www/fass-dev.fresco-co.net/Web/public/index.php(22): Zend_Application->run()
#13 {main} #0 /var/www/fass-dev.fresco-co.net/Web/library/Zend/Controller/Action.php(516): TransactionPayableController->addPostAction()
#1 /var/www/fass-dev.fresco-co.net/Web/library/Zend/Controller/Dispatcher/Standard.php(295): Zend_Controller_Action->dispatch('addPostAction')
#2 /var/www/fass-dev.fresco-co.net/Web/library/Zend/Controller/Front.php(954): Zend_Controller_Dispatcher_Standard->dispatch(Object(Nutex_Request), Object(Nutex_Response))
#3 /var/www/fass-dev.fresco-co.net/Web/library/Zend/Application/Bootstrap/Bootstrap.php(97): Zend_Controller_Front->dispatch()
#4 /var/www/fass-dev.fresco-co.net/Web/library/Zend/Application.php(366): Zend_Application_Bootstrap_Bootstrap->run()
#5 /var/www/fass-dev.fresco-co.net/Web/public/index.php(22): Zend_Application->run()
#6 {main}
2021-06-30T18:15:16+09:00 (CRIT): Request Parameters Array
(
    [controller] => transaction-payable
    [action] => add-post
    [module] => front
    [paying_type] => 10
    [account_title_id] => 2
    [target_connection_id] => 571
    [ad06327a-e4a8-6fc2-9cd7-9a1a2b6fec46_order_form_id] => 
    [order_form_list] => ad06327a-e4a8-6fc2-9cd7-9a1a2b6fec46
    [paying_method] => 10
    [paying_bank_id] => 7
    [paying_card_id] => 
    [purchased_date] => 
    [paying_method_memo] => 
    [file_list] => 
)

2021-06-30T18:43:12+09:00 (CRIT): SQLSTATE[HY093]: Invalid parameter number: no parameters were bound #0 /var/www/fass-dev.fresco-co.net/Web/library/Zend/Db/Statement.php(305): Zend_Db_Statement_Pdo->_execute(Array)
#1 /var/www/fass-dev.fresco-co.net/Web/library/Zend/Db/Adapter/Abstract.php(479): Zend_Db_Statement->execute(Array)
#2 /var/www/fass-dev.fresco-co.net/Web/library/Zend/Db/Adapter/Pdo/Abstract.php(238): Zend_Db_Adapter_Abstract->query(Object(Nutex_Data_Db_Select), Array)
#3 /var/www/fass-dev.fresco-co.net/Web/library/Nutex/Data/Db/Select.php(18): Zend_Db_Adapter_Pdo_Abstract->query(Object(Nutex_Data_Db_Select))
#4 /var/www/fass-dev.fresco-co.net/Web/application/models/Data/ConnectionBank.php(67): Nutex_Data_Db_Select->query()
#5 /var/www/fass-dev.fresco-co.net/Web/application/modules/front/views/default/scripts/oauth/get-plan-items.phtml(117): Shared_Model_Data_ConnectionBank->getById(NULL)
#6 /var/www/fass-dev.fresco-co.net/Web/library/Zend/View.php(108): include('/var/www/fass-d...')
#7 /var/www/fass-dev.fresco-co.net/Web/library/Zend/View/Abstract.php(888): Zend_View->_run('/var/www/fass-d...')
#8 /var/www/fass-dev.fresco-co.net/Web/library/Zend/Controller/Action/Helper/ViewRenderer.php(900): Zend_View_Abstract->render('oauth/get-plan-...')
#9 /var/www/fass-dev.fresco-co.net/Web/library/Zend/Controller/Action/Helper/ViewRenderer.php(921): Zend_Controller_Action_Helper_ViewRenderer->renderScript('oauth/get-plan-...', NULL)
#10 /var/www/fass-dev.fresco-co.net/Web/library/Zend/Controller/Action/Helper/ViewRenderer.php(960): Zend_Controller_Action_Helper_ViewRenderer->render()
#11 /var/www/fass-dev.fresco-co.net/Web/library/Zend/Controller/Action/HelperBroker.php(277): Zend_Controller_Action_Helper_ViewRenderer->postDispatch()
#12 /var/www/fass-dev.fresco-co.net/Web/library/Zend/Controller/Action.php(527): Zend_Controller_Action_HelperBroker->notifyPostDispatch()
#13 /var/www/fass-dev.fresco-co.net/Web/library/Zend/Controller/Dispatcher/Standard.php(295): Zend_Controller_Action->dispatch('getPlanItemsAct...')
#14 /var/www/fass-dev.fresco-co.net/Web/library/Zend/Controller/Front.php(954): Zend_Controller_Dispatcher_Standard->dispatch(Object(Nutex_Request), Object(Nutex_Response))
#15 /var/www/fass-dev.fresco-co.net/Web/library/Zend/Application/Bootstrap/Bootstrap.php(97): Zend_Controller_Front->dispatch()
#16 /var/www/fass-dev.fresco-co.net/Web/library/Zend/Application.php(366): Zend_Application_Bootstrap_Bootstrap->run()
#17 /var/www/fass-dev.fresco-co.net/Web/public/index.php(22): Zend_Application->run()
#18 {main}
2021-06-30T18:43:12+09:00 (CRIT): Request Parameters Array
(
    [controller] => oauth
    [action] => get-plan-items
    [module] => front
    [paying_type] => 10
    [bank_id] => 7
    [target_date] => 2021-07-31
)

2021-06-30T18:43:27+09:00 (CRIT): SQLSTATE[HY093]: Invalid parameter number: no parameters were bound #0 /var/www/fass-dev.fresco-co.net/Web/library/Zend/Db/Statement.php(305): Zend_Db_Statement_Pdo->_execute(Array)
#1 /var/www/fass-dev.fresco-co.net/Web/library/Zend/Db/Adapter/Abstract.php(479): Zend_Db_Statement->execute(Array)
#2 /var/www/fass-dev.fresco-co.net/Web/library/Zend/Db/Adapter/Pdo/Abstract.php(238): Zend_Db_Adapter_Abstract->query(Object(Nutex_Data_Db_Select), Array)
#3 /var/www/fass-dev.fresco-co.net/Web/library/Nutex/Data/Db/Select.php(18): Zend_Db_Adapter_Pdo_Abstract->query(Object(Nutex_Data_Db_Select))
#4 /var/www/fass-dev.fresco-co.net/Web/application/models/Data/ConnectionBank.php(67): Nutex_Data_Db_Select->query()
#5 /var/www/fass-dev.fresco-co.net/Web/application/modules/front/views/default/scripts/oauth/get-plan-items.phtml(117): Shared_Model_Data_ConnectionBank->getById(NULL)
#6 /var/www/fass-dev.fresco-co.net/Web/library/Zend/View.php(108): include('/var/www/fass-d...')
#7 /var/www/fass-dev.fresco-co.net/Web/library/Zend/View/Abstract.php(888): Zend_View->_run('/var/www/fass-d...')
#8 /var/www/fass-dev.fresco-co.net/Web/library/Zend/Controller/Action/Helper/ViewRenderer.php(900): Zend_View_Abstract->render('oauth/get-plan-...')
#9 /var/www/fass-dev.fresco-co.net/Web/library/Zend/Controller/Action/Helper/ViewRenderer.php(921): Zend_Controller_Action_Helper_ViewRenderer->renderScript('oauth/get-plan-...', NULL)
#10 /var/www/fass-dev.fresco-co.net/Web/library/Zend/Controller/Action/Helper/ViewRenderer.php(960): Zend_Controller_Action_Helper_ViewRenderer->render()
#11 /var/www/fass-dev.fresco-co.net/Web/library/Zend/Controller/Action/HelperBroker.php(277): Zend_Controller_Action_Helper_ViewRenderer->postDispatch()
#12 /var/www/fass-dev.fresco-co.net/Web/library/Zend/Controller/Action.php(527): Zend_Controller_Action_HelperBroker->notifyPostDispatch()
#13 /var/www/fass-dev.fresco-co.net/Web/library/Zend/Controller/Dispatcher/Standard.php(295): Zend_Controller_Action->dispatch('getPlanItemsAct...')
#14 /var/www/fass-dev.fresco-co.net/Web/library/Zend/Controller/Front.php(954): Zend_Controller_Dispatcher_Standard->dispatch(Object(Nutex_Request), Object(Nutex_Response))
#15 /var/www/fass-dev.fresco-co.net/Web/library/Zend/Application/Bootstrap/Bootstrap.php(97): Zend_Controller_Front->dispatch()
#16 /var/www/fass-dev.fresco-co.net/Web/library/Zend/Application.php(366): Zend_Application_Bootstrap_Bootstrap->run()
#17 /var/www/fass-dev.fresco-co.net/Web/public/index.php(22): Zend_Application->run()
#18 {main}
2021-06-30T18:43:27+09:00 (CRIT): Request Parameters Array
(
    [controller] => oauth
    [action] => get-plan-items
    [module] => front
    [paying_type] => 10
    [bank_id] => 7
    [target_date] => 2021-07-31
)

2021-06-30T18:43:34+09:00 (CRIT): SQLSTATE[HY093]: Invalid parameter number: no parameters were bound #0 /var/www/fass-dev.fresco-co.net/Web/library/Zend/Db/Statement.php(305): Zend_Db_Statement_Pdo->_execute(Array)
#1 /var/www/fass-dev.fresco-co.net/Web/library/Zend/Db/Adapter/Abstract.php(479): Zend_Db_Statement->execute(Array)
#2 /var/www/fass-dev.fresco-co.net/Web/library/Zend/Db/Adapter/Pdo/Abstract.php(238): Zend_Db_Adapter_Abstract->query(Object(Nutex_Data_Db_Select), Array)
#3 /var/www/fass-dev.fresco-co.net/Web/library/Nutex/Data/Db/Select.php(18): Zend_Db_Adapter_Pdo_Abstract->query(Object(Nutex_Data_Db_Select))
#4 /var/www/fass-dev.fresco-co.net/Web/application/models/Data/ConnectionBank.php(67): Nutex_Data_Db_Select->query()
#5 /var/www/fass-dev.fresco-co.net/Web/application/modules/front/views/default/scripts/oauth/get-plan-items.phtml(117): Shared_Model_Data_ConnectionBank->getById(NULL)
#6 /var/www/fass-dev.fresco-co.net/Web/library/Zend/View.php(108): include('/var/www/fass-d...')
#7 /var/www/fass-dev.fresco-co.net/Web/library/Zend/View/Abstract.php(888): Zend_View->_run('/var/www/fass-d...')
#8 /var/www/fass-dev.fresco-co.net/Web/library/Zend/Controller/Action/Helper/ViewRenderer.php(900): Zend_View_Abstract->render('oauth/get-plan-...')
#9 /var/www/fass-dev.fresco-co.net/Web/library/Zend/Controller/Action/Helper/ViewRenderer.php(921): Zend_Controller_Action_Helper_ViewRenderer->renderScript('oauth/get-plan-...', NULL)
#10 /var/www/fass-dev.fresco-co.net/Web/library/Zend/Controller/Action/Helper/ViewRenderer.php(960): Zend_Controller_Action_Helper_ViewRenderer->render()
#11 /var/www/fass-dev.fresco-co.net/Web/library/Zend/Controller/Action/HelperBroker.php(277): Zend_Controller_Action_Helper_ViewRenderer->postDispatch()
#12 /var/www/fass-dev.fresco-co.net/Web/library/Zend/Controller/Action.php(527): Zend_Controller_Action_HelperBroker->notifyPostDispatch()
#13 /var/www/fass-dev.fresco-co.net/Web/library/Zend/Controller/Dispatcher/Standard.php(295): Zend_Controller_Action->dispatch('getPlanItemsAct...')
#14 /var/www/fass-dev.fresco-co.net/Web/library/Zend/Controller/Front.php(954): Zend_Controller_Dispatcher_Standard->dispatch(Object(Nutex_Request), Object(Nutex_Response))
#15 /var/www/fass-dev.fresco-co.net/Web/library/Zend/Application/Bootstrap/Bootstrap.php(97): Zend_Controller_Front->dispatch()
#16 /var/www/fass-dev.fresco-co.net/Web/library/Zend/Application.php(366): Zend_Application_Bootstrap_Bootstrap->run()
#17 /var/www/fass-dev.fresco-co.net/Web/public/index.php(22): Zend_Application->run()
#18 {main}
2021-06-30T18:43:34+09:00 (CRIT): Request Parameters Array
(
    [controller] => oauth
    [action] => get-plan-items
    [module] => front
    [paying_type] => 10
    [bank_id] => 7
    [target_date] => 2021-07-31
)

2021-06-30T18:43:45+09:00 (CRIT): SQLSTATE[HY093]: Invalid parameter number: no parameters were bound #0 /var/www/fass-dev.fresco-co.net/Web/library/Zend/Db/Statement.php(305): Zend_Db_Statement_Pdo->_execute(Array)
#1 /var/www/fass-dev.fresco-co.net/Web/library/Zend/Db/Adapter/Abstract.php(479): Zend_Db_Statement->execute(Array)
#2 /var/www/fass-dev.fresco-co.net/Web/library/Zend/Db/Adapter/Pdo/Abstract.php(238): Zend_Db_Adapter_Abstract->query(Object(Nutex_Data_Db_Select), Array)
#3 /var/www/fass-dev.fresco-co.net/Web/library/Nutex/Data/Db/Select.php(18): Zend_Db_Adapter_Pdo_Abstract->query(Object(Nutex_Data_Db_Select))
#4 /var/www/fass-dev.fresco-co.net/Web/application/models/Data/ConnectionBank.php(67): Nutex_Data_Db_Select->query()
#5 /var/www/fass-dev.fresco-co.net/Web/application/modules/front/views/default/scripts/oauth/get-plan-items.phtml(117): Shared_Model_Data_ConnectionBank->getById(NULL)
#6 /var/www/fass-dev.fresco-co.net/Web/library/Zend/View.php(108): include('/var/www/fass-d...')
#7 /var/www/fass-dev.fresco-co.net/Web/library/Zend/View/Abstract.php(888): Zend_View->_run('/var/www/fass-d...')
#8 /var/www/fass-dev.fresco-co.net/Web/library/Zend/Controller/Action/Helper/ViewRenderer.php(900): Zend_View_Abstract->render('oauth/get-plan-...')
#9 /var/www/fass-dev.fresco-co.net/Web/library/Zend/Controller/Action/Helper/ViewRenderer.php(921): Zend_Controller_Action_Helper_ViewRenderer->renderScript('oauth/get-plan-...', NULL)
#10 /var/www/fass-dev.fresco-co.net/Web/library/Zend/Controller/Action/Helper/ViewRenderer.php(960): Zend_Controller_Action_Helper_ViewRenderer->render()
#11 /var/www/fass-dev.fresco-co.net/Web/library/Zend/Controller/Action/HelperBroker.php(277): Zend_Controller_Action_Helper_ViewRenderer->postDispatch()
#12 /var/www/fass-dev.fresco-co.net/Web/library/Zend/Controller/Action.php(527): Zend_Controller_Action_HelperBroker->notifyPostDispatch()
#13 /var/www/fass-dev.fresco-co.net/Web/library/Zend/Controller/Dispatcher/Standard.php(295): Zend_Controller_Action->dispatch('getPlanItemsAct...')
#14 /var/www/fass-dev.fresco-co.net/Web/library/Zend/Controller/Front.php(954): Zend_Controller_Dispatcher_Standard->dispatch(Object(Nutex_Request), Object(Nutex_Response))
#15 /var/www/fass-dev.fresco-co.net/Web/library/Zend/Application/Bootstrap/Bootstrap.php(97): Zend_Controller_Front->dispatch()
#16 /var/www/fass-dev.fresco-co.net/Web/library/Zend/Application.php(366): Zend_Application_Bootstrap_Bootstrap->run()
#17 /var/www/fass-dev.fresco-co.net/Web/public/index.php(22): Zend_Application->run()
#18 {main}
2021-06-30T18:43:45+09:00 (CRIT): Request Parameters Array
(
    [controller] => oauth
    [action] => get-plan-items
    [module] => front
    [paying_type] => 10
    [bank_id] => 7
    [target_date] => 2021-07-31
)

2021-06-30T18:44:19+09:00 (CRIT): SQLSTATE[HY093]: Invalid parameter number: no parameters were bound #0 /var/www/fass-dev.fresco-co.net/Web/library/Zend/Db/Statement.php(305): Zend_Db_Statement_Pdo->_execute(Array)
#1 /var/www/fass-dev.fresco-co.net/Web/library/Zend/Db/Adapter/Abstract.php(479): Zend_Db_Statement->execute(Array)
#2 /var/www/fass-dev.fresco-co.net/Web/library/Zend/Db/Adapter/Pdo/Abstract.php(238): Zend_Db_Adapter_Abstract->query(Object(Nutex_Data_Db_Select), Array)
#3 /var/www/fass-dev.fresco-co.net/Web/library/Nutex/Data/Db/Select.php(18): Zend_Db_Adapter_Pdo_Abstract->query(Object(Nutex_Data_Db_Select))
#4 /var/www/fass-dev.fresco-co.net/Web/application/models/Data/ConnectionBank.php(67): Nutex_Data_Db_Select->query()
#5 /var/www/fass-dev.fresco-co.net/Web/application/modules/front/views/default/scripts/oauth/get-plan-items.phtml(117): Shared_Model_Data_ConnectionBank->getById(NULL)
#6 /var/www/fass-dev.fresco-co.net/Web/library/Zend/View.php(108): include('/var/www/fass-d...')
#7 /var/www/fass-dev.fresco-co.net/Web/library/Zend/View/Abstract.php(888): Zend_View->_run('/var/www/fass-d...')
#8 /var/www/fass-dev.fresco-co.net/Web/library/Zend/Controller/Action/Helper/ViewRenderer.php(900): Zend_View_Abstract->render('oauth/get-plan-...')
#9 /var/www/fass-dev.fresco-co.net/Web/library/Zend/Controller/Action/Helper/ViewRenderer.php(921): Zend_Controller_Action_Helper_ViewRenderer->renderScript('oauth/get-plan-...', NULL)
#10 /var/www/fass-dev.fresco-co.net/Web/library/Zend/Controller/Action/Helper/ViewRenderer.php(960): Zend_Controller_Action_Helper_ViewRenderer->render()
#11 /var/www/fass-dev.fresco-co.net/Web/library/Zend/Controller/Action/HelperBroker.php(277): Zend_Controller_Action_Helper_ViewRenderer->postDispatch()
#12 /var/www/fass-dev.fresco-co.net/Web/library/Zend/Controller/Action.php(527): Zend_Controller_Action_HelperBroker->notifyPostDispatch()
#13 /var/www/fass-dev.fresco-co.net/Web/library/Zend/Controller/Dispatcher/Standard.php(295): Zend_Controller_Action->dispatch('getPlanItemsAct...')
#14 /var/www/fass-dev.fresco-co.net/Web/library/Zend/Controller/Front.php(954): Zend_Controller_Dispatcher_Standard->dispatch(Object(Nutex_Request), Object(Nutex_Response))
#15 /var/www/fass-dev.fresco-co.net/Web/library/Zend/Application/Bootstrap/Bootstrap.php(97): Zend_Controller_Front->dispatch()
#16 /var/www/fass-dev.fresco-co.net/Web/library/Zend/Application.php(366): Zend_Application_Bootstrap_Bootstrap->run()
#17 /var/www/fass-dev.fresco-co.net/Web/public/index.php(22): Zend_Application->run()
#18 {main}
2021-06-30T18:44:19+09:00 (CRIT): Request Parameters Array
(
    [controller] => oauth
    [action] => get-plan-items
    [module] => front
    [paying_type] => 10
    [bank_id] => 7
    [target_date] => 2021-07-31
)

2021-06-30T18:45:10+09:00 (CRIT): SQLSTATE[HY093]: Invalid parameter number: no parameters were bound #0 /var/www/fass-dev.fresco-co.net/Web/library/Zend/Db/Statement.php(305): Zend_Db_Statement_Pdo->_execute(Array)
#1 /var/www/fass-dev.fresco-co.net/Web/library/Zend/Db/Adapter/Abstract.php(479): Zend_Db_Statement->execute(Array)
#2 /var/www/fass-dev.fresco-co.net/Web/library/Zend/Db/Adapter/Pdo/Abstract.php(238): Zend_Db_Adapter_Abstract->query(Object(Nutex_Data_Db_Select), Array)
#3 /var/www/fass-dev.fresco-co.net/Web/library/Nutex/Data/Db/Select.php(18): Zend_Db_Adapter_Pdo_Abstract->query(Object(Nutex_Data_Db_Select))
#4 /var/www/fass-dev.fresco-co.net/Web/application/models/Data/ConnectionBank.php(67): Nutex_Data_Db_Select->query()
#5 /var/www/fass-dev.fresco-co.net/Web/application/modules/front/views/default/scripts/oauth/get-plan-items.phtml(117): Shared_Model_Data_ConnectionBank->getById(NULL)
#6 /var/www/fass-dev.fresco-co.net/Web/library/Zend/View.php(108): include('/var/www/fass-d...')
#7 /var/www/fass-dev.fresco-co.net/Web/library/Zend/View/Abstract.php(888): Zend_View->_run('/var/www/fass-d...')
#8 /var/www/fass-dev.fresco-co.net/Web/library/Zend/Controller/Action/Helper/ViewRenderer.php(900): Zend_View_Abstract->render('oauth/get-plan-...')
#9 /var/www/fass-dev.fresco-co.net/Web/library/Zend/Controller/Action/Helper/ViewRenderer.php(921): Zend_Controller_Action_Helper_ViewRenderer->renderScript('oauth/get-plan-...', NULL)
#10 /var/www/fass-dev.fresco-co.net/Web/library/Zend/Controller/Action/Helper/ViewRenderer.php(960): Zend_Controller_Action_Helper_ViewRenderer->render()
#11 /var/www/fass-dev.fresco-co.net/Web/library/Zend/Controller/Action/HelperBroker.php(277): Zend_Controller_Action_Helper_ViewRenderer->postDispatch()
#12 /var/www/fass-dev.fresco-co.net/Web/library/Zend/Controller/Action.php(527): Zend_Controller_Action_HelperBroker->notifyPostDispatch()
#13 /var/www/fass-dev.fresco-co.net/Web/library/Zend/Controller/Dispatcher/Standard.php(295): Zend_Controller_Action->dispatch('getPlanItemsAct...')
#14 /var/www/fass-dev.fresco-co.net/Web/library/Zend/Controller/Front.php(954): Zend_Controller_Dispatcher_Standard->dispatch(Object(Nutex_Request), Object(Nutex_Response))
#15 /var/www/fass-dev.fresco-co.net/Web/library/Zend/Application/Bootstrap/Bootstrap.php(97): Zend_Controller_Front->dispatch()
#16 /var/www/fass-dev.fresco-co.net/Web/library/Zend/Application.php(366): Zend_Application_Bootstrap_Bootstrap->run()
#17 /var/www/fass-dev.fresco-co.net/Web/public/index.php(22): Zend_Application->run()
#18 {main}
2021-06-30T18:45:10+09:00 (CRIT): Request Parameters Array
(
    [controller] => oauth
    [action] => get-plan-items
    [module] => front
    [paying_type] => 10
    [bank_id] => 7
    [target_date] => 2021-07-31
)

2021-06-30T18:45:21+09:00 (CRIT): SQLSTATE[HY093]: Invalid parameter number: no parameters were bound #0 /var/www/fass-dev.fresco-co.net/Web/library/Zend/Db/Statement.php(305): Zend_Db_Statement_Pdo->_execute(Array)
#1 /var/www/fass-dev.fresco-co.net/Web/library/Zend/Db/Adapter/Abstract.php(479): Zend_Db_Statement->execute(Array)
#2 /var/www/fass-dev.fresco-co.net/Web/library/Zend/Db/Adapter/Pdo/Abstract.php(238): Zend_Db_Adapter_Abstract->query(Object(Nutex_Data_Db_Select), Array)
#3 /var/www/fass-dev.fresco-co.net/Web/library/Nutex/Data/Db/Select.php(18): Zend_Db_Adapter_Pdo_Abstract->query(Object(Nutex_Data_Db_Select))
#4 /var/www/fass-dev.fresco-co.net/Web/application/models/Data/ConnectionBank.php(67): Nutex_Data_Db_Select->query()
#5 /var/www/fass-dev.fresco-co.net/Web/application/modules/front/views/default/scripts/oauth/get-plan-items.phtml(117): Shared_Model_Data_ConnectionBank->getById(NULL)
#6 /var/www/fass-dev.fresco-co.net/Web/library/Zend/View.php(108): include('/var/www/fass-d...')
#7 /var/www/fass-dev.fresco-co.net/Web/library/Zend/View/Abstract.php(888): Zend_View->_run('/var/www/fass-d...')
#8 /var/www/fass-dev.fresco-co.net/Web/library/Zend/Controller/Action/Helper/ViewRenderer.php(900): Zend_View_Abstract->render('oauth/get-plan-...')
#9 /var/www/fass-dev.fresco-co.net/Web/library/Zend/Controller/Action/Helper/ViewRenderer.php(921): Zend_Controller_Action_Helper_ViewRenderer->renderScript('oauth/get-plan-...', NULL)
#10 /var/www/fass-dev.fresco-co.net/Web/library/Zend/Controller/Action/Helper/ViewRenderer.php(960): Zend_Controller_Action_Helper_ViewRenderer->render()
#11 /var/www/fass-dev.fresco-co.net/Web/library/Zend/Controller/Action/HelperBroker.php(277): Zend_Controller_Action_Helper_ViewRenderer->postDispatch()
#12 /var/www/fass-dev.fresco-co.net/Web/library/Zend/Controller/Action.php(527): Zend_Controller_Action_HelperBroker->notifyPostDispatch()
#13 /var/www/fass-dev.fresco-co.net/Web/library/Zend/Controller/Dispatcher/Standard.php(295): Zend_Controller_Action->dispatch('getPlanItemsAct...')
#14 /var/www/fass-dev.fresco-co.net/Web/library/Zend/Controller/Front.php(954): Zend_Controller_Dispatcher_Standard->dispatch(Object(Nutex_Request), Object(Nutex_Response))
#15 /var/www/fass-dev.fresco-co.net/Web/library/Zend/Application/Bootstrap/Bootstrap.php(97): Zend_Controller_Front->dispatch()
#16 /var/www/fass-dev.fresco-co.net/Web/library/Zend/Application.php(366): Zend_Application_Bootstrap_Bootstrap->run()
#17 /var/www/fass-dev.fresco-co.net/Web/public/index.php(22): Zend_Application->run()
#18 {main}
2021-06-30T18:45:21+09:00 (CRIT): Request Parameters Array
(
    [controller] => oauth
    [action] => get-plan-items
    [module] => front
    [paying_type] => 10
    [bank_id] => 7
    [target_date] => 2021-07-31
)

2021-06-30T23:34:16+09:00 (NOTICE): Action "transferCancel" does not exist and was not trapped in __call() %info%
2021-06-30T23:34:16+09:00 (NOTICE): Request Parameters Array
(
    [controller] => oauth
    [action] => transfer-cancel
    [module] => front
    [account_id] => 101011003270
    [apply_no] => 2021062800000012
)

2021-06-30T23:34:46+09:00 (CRIT): script 'oauth/cancel.phtml' not found in path (/var/www/fass-dev.fresco-co.net/Web/application/modules/front/views/default/scripts/:/var/www/fass-dev.fresco-co.net/Web/application/modules/front/views/scripts/) #0 /var/www/fass-dev.fresco-co.net/Web/library/Zend/View/Abstract.php(884): Zend_View_Abstract->_script('oauth/cancel.ph...')
#1 /var/www/fass-dev.fresco-co.net/Web/library/Zend/Controller/Action/Helper/ViewRenderer.php(900): Zend_View_Abstract->render('oauth/cancel.ph...')
#2 /var/www/fass-dev.fresco-co.net/Web/library/Zend/Controller/Action/Helper/ViewRenderer.php(921): Zend_Controller_Action_Helper_ViewRenderer->renderScript('oauth/cancel.ph...', NULL)
#3 /var/www/fass-dev.fresco-co.net/Web/library/Zend/Controller/Action/Helper/ViewRenderer.php(960): Zend_Controller_Action_Helper_ViewRenderer->render()
#4 /var/www/fass-dev.fresco-co.net/Web/library/Zend/Controller/Action/HelperBroker.php(277): Zend_Controller_Action_Helper_ViewRenderer->postDispatch()
#5 /var/www/fass-dev.fresco-co.net/Web/library/Zend/Controller/Action.php(527): Zend_Controller_Action_HelperBroker->notifyPostDispatch()
#6 /var/www/fass-dev.fresco-co.net/Web/library/Zend/Controller/Dispatcher/Standard.php(295): Zend_Controller_Action->dispatch('cancelAction')
#7 /var/www/fass-dev.fresco-co.net/Web/library/Zend/Controller/Front.php(954): Zend_Controller_Dispatcher_Standard->dispatch(Object(Nutex_Request), Object(Nutex_Response))
#8 /var/www/fass-dev.fresco-co.net/Web/library/Zend/Application/Bootstrap/Bootstrap.php(97): Zend_Controller_Front->dispatch()
#9 /var/www/fass-dev.fresco-co.net/Web/library/Zend/Application.php(366): Zend_Application_Bootstrap_Bootstrap->run()
#10 /var/www/fass-dev.fresco-co.net/Web/public/index.php(22): Zend_Application->run()
#11 {main}
2021-06-30T23:34:46+09:00 (CRIT): Request Parameters Array
(
    [controller] => oauth
    [action] => cancel
    [module] => front
    [account_id] => 101011003270
    [apply_no] => 2021062800000012
)

