2021-06-07T16:57:37+09:00 (CRIT): SQLSTATE[HY093]: Invalid parameter number: no parameters were bound #0 /var/www/fass-dev.fresco-co.net/Web/library/Zend/Db/Statement.php(305): Zend_Db_Statement_Pdo->_execute(Array)
#1 /var/www/fass-dev.fresco-co.net/Web/library/Zend/Db/Adapter/Abstract.php(479): Zend_Db_Statement->execute(Array)
#2 /var/www/fass-dev.fresco-co.net/Web/library/Zend/Db/Adapter/Pdo/Abstract.php(238): Zend_Db_Adapter_Abstract->query(Object(Nutex_Data_Db_Select), Array)
#3 /var/www/fass-dev.fresco-co.net/Web/library/Nutex/Data/Db/Select.php(18): Zend_Db_Adapter_Pdo_Abstract->query(Object(Nutex_Data_Db_Select))
#4 /var/www/fass-dev.fresco-co.net/Web/application/models/Data/Connection.php(223): Nutex_Data_Db_Select->query()
#5 /var/www/fass-dev.fresco-co.net/Web/application/modules/front/views/default/scripts/oauth/bank-select.phtml(111): Shared_Model_Data_Connection->getById('1822')
#6 /var/www/fass-dev.fresco-co.net/Web/library/Zend/View.php(108): include('/var/www/fass-d...')
#7 /var/www/fass-dev.fresco-co.net/Web/library/Zend/View/Abstract.php(888): Zend_View->_run('/var/www/fass-d...')
#8 /var/www/fass-dev.fresco-co.net/Web/library/Zend/Controller/Action/Helper/ViewRenderer.php(900): Zend_View_Abstract->render('oauth/bank-sele...')
#9 /var/www/fass-dev.fresco-co.net/Web/library/Zend/Controller/Action/Helper/ViewRenderer.php(921): Zend_Controller_Action_Helper_ViewRenderer->renderScript('oauth/bank-sele...', NULL)
#10 /var/www/fass-dev.fresco-co.net/Web/library/Zend/Controller/Action/Helper/ViewRenderer.php(960): Zend_Controller_Action_Helper_ViewRenderer->render()
#11 /var/www/fass-dev.fresco-co.net/Web/library/Zend/Controller/Action/HelperBroker.php(277): Zend_Controller_Action_Helper_ViewRenderer->postDispatch()
#12 /var/www/fass-dev.fresco-co.net/Web/library/Zend/Controller/Action.php(527): Zend_Controller_Action_HelperBroker->notifyPostDispatch()
#13 /var/www/fass-dev.fresco-co.net/Web/library/Zend/Controller/Dispatcher/Standard.php(295): Zend_Controller_Action->dispatch('bankSelectActio...')
#14 /var/www/fass-dev.fresco-co.net/Web/library/Zend/Controller/Front.php(954): Zend_Controller_Dispatcher_Standard->dispatch(Object(Nutex_Request), Object(Nutex_Response))
#15 /var/www/fass-dev.fresco-co.net/Web/library/Zend/Application/Bootstrap/Bootstrap.php(97): Zend_Controller_Front->dispatch()
#16 /var/www/fass-dev.fresco-co.net/Web/library/Zend/Application.php(366): Zend_Application_Bootstrap_Bootstrap->run()
#17 /var/www/fass-dev.fresco-co.net/Web/public/index.php(22): Zend_Application->run()
#18 {main}
2021-06-07T16:57:37+09:00 (CRIT): Request Parameters Array
(
    [controller] => oauth
    [action] => bank-select
    [module] => front
)

2021-06-07T16:57:37+09:00 (CRIT): SQLSTATE[HY093]: Invalid parameter number: no parameters were bound #0 /var/www/fass-dev.fresco-co.net/Web/library/Zend/Db/Statement.php(305): Zend_Db_Statement_Pdo->_execute(Array)
#1 /var/www/fass-dev.fresco-co.net/Web/library/Zend/Db/Adapter/Abstract.php(479): Zend_Db_Statement->execute(Array)
#2 /var/www/fass-dev.fresco-co.net/Web/library/Zend/Db/Adapter/Pdo/Abstract.php(238): Zend_Db_Adapter_Abstract->query(Object(Nutex_Data_Db_Select), Array)
#3 /var/www/fass-dev.fresco-co.net/Web/library/Nutex/Data/Db/Select.php(18): Zend_Db_Adapter_Pdo_Abstract->query(Object(Nutex_Data_Db_Select))
#4 /var/www/fass-dev.fresco-co.net/Web/application/models/Data/Connection.php(223): Nutex_Data_Db_Select->query()
#5 /var/www/fass-dev.fresco-co.net/Web/application/modules/front/views/default/scripts/oauth/bank-select.phtml(111): Shared_Model_Data_Connection->getById('1822')
#6 /var/www/fass-dev.fresco-co.net/Web/library/Zend/View.php(108): include('/var/www/fass-d...')
#7 /var/www/fass-dev.fresco-co.net/Web/library/Zend/View/Abstract.php(888): Zend_View->_run('/var/www/fass-d...')
#8 /var/www/fass-dev.fresco-co.net/Web/library/Zend/Controller/Action/Helper/ViewRenderer.php(900): Zend_View_Abstract->render('oauth/bank-sele...')
#9 /var/www/fass-dev.fresco-co.net/Web/library/Zend/Controller/Action/Helper/ViewRenderer.php(921): Zend_Controller_Action_Helper_ViewRenderer->renderScript('oauth/bank-sele...', NULL)
#10 /var/www/fass-dev.fresco-co.net/Web/library/Zend/Controller/Action/Helper/ViewRenderer.php(960): Zend_Controller_Action_Helper_ViewRenderer->render()
#11 /var/www/fass-dev.fresco-co.net/Web/library/Zend/Controller/Action/HelperBroker.php(277): Zend_Controller_Action_Helper_ViewRenderer->postDispatch()
#12 /var/www/fass-dev.fresco-co.net/Web/library/Zend/Controller/Action.php(527): Zend_Controller_Action_HelperBroker->notifyPostDispatch()
#13 /var/www/fass-dev.fresco-co.net/Web/library/Zend/Controller/Dispatcher/Standard.php(295): Zend_Controller_Action->dispatch('bankSelectActio...')
#14 /var/www/fass-dev.fresco-co.net/Web/library/Zend/Controller/Front.php(954): Zend_Controller_Dispatcher_Standard->dispatch(Object(Nutex_Request), Object(Nutex_Response))
#15 /var/www/fass-dev.fresco-co.net/Web/library/Zend/Application/Bootstrap/Bootstrap.php(97): Zend_Controller_Front->dispatch()
#16 /var/www/fass-dev.fresco-co.net/Web/library/Zend/Application.php(366): Zend_Application_Bootstrap_Bootstrap->run()
#17 /var/www/fass-dev.fresco-co.net/Web/public/index.php(22): Zend_Application->run()
#18 {main}
2021-06-07T16:57:37+09:00 (CRIT): Request Parameters Array
(
    [controller] => oauth
    [action] => bank-select
    [module] => front
)

2021-06-07T18:21:59+09:00 (CRIT): SQLSTATE[HY093]: Invalid parameter number: no parameters were bound #0 /var/www/fass-dev.fresco-co.net/Web/library/Zend/Db/Statement.php(305): Zend_Db_Statement_Pdo->_execute(Array)
#1 /var/www/fass-dev.fresco-co.net/Web/library/Zend/Db/Adapter/Abstract.php(479): Zend_Db_Statement->execute(Array)
#2 /var/www/fass-dev.fresco-co.net/Web/library/Zend/Db/Adapter/Pdo/Abstract.php(238): Zend_Db_Adapter_Abstract->query(Object(Nutex_Data_Db_Select), Array)
#3 /var/www/fass-dev.fresco-co.net/Web/library/Nutex/Data/Db/Select.php(18): Zend_Db_Adapter_Pdo_Abstract->query(Object(Nutex_Data_Db_Select))
#4 /var/www/fass-dev.fresco-co.net/Web/application/models/Data/AccountTitle.php(49): Nutex_Data_Db_Select->query()
#5 /var/www/fass-dev.fresco-co.net/Web/application/modules/front/controllers/TransactionPaidController.php(1229): Shared_Model_Data_AccountTitle->getById('2', NULL)
#6 /var/www/fass-dev.fresco-co.net/Web/application/modules/front/controllers/TransactionPaidController.php(871): TransactionPaidController->errorData(0)
#7 /var/www/fass-dev.fresco-co.net/Web/library/Zend/Controller/Action.php(516): TransactionPaidController->exportCsvCheckAction()
#8 /var/www/fass-dev.fresco-co.net/Web/library/Zend/Controller/Dispatcher/Standard.php(295): Zend_Controller_Action->dispatch('exportCsvCheckA...')
#9 /var/www/fass-dev.fresco-co.net/Web/library/Zend/Controller/Front.php(954): Zend_Controller_Dispatcher_Standard->dispatch(Object(Nutex_Request), Object(Nutex_Response))
#10 /var/www/fass-dev.fresco-co.net/Web/library/Zend/Application/Bootstrap/Bootstrap.php(97): Zend_Controller_Front->dispatch()
#11 /var/www/fass-dev.fresco-co.net/Web/library/Zend/Application.php(366): Zend_Application_Bootstrap_Bootstrap->run()
#12 /var/www/fass-dev.fresco-co.net/Web/public/index.php(22): Zend_Application->run()
#13 {main}
2021-06-07T18:21:59+09:00 (CRIT): Request Parameters Array
(
    [controller] => transaction-paid
    [action] => export-csv-check
    [module] => front
    [paying_type] => 15
    [type] => gmo
)

2021-06-07T19:51:29+09:00 (CRIT): SQLSTATE[HY093]: Invalid parameter number: no parameters were bound #0 /var/www/fass-dev.fresco-co.net/Web/library/Zend/Db/Statement.php(305): Zend_Db_Statement_Pdo->_execute(Array)
#1 /var/www/fass-dev.fresco-co.net/Web/library/Zend/Db/Adapter/Abstract.php(479): Zend_Db_Statement->execute(Array)
#2 /var/www/fass-dev.fresco-co.net/Web/library/Zend/Db/Adapter/Pdo/Abstract.php(238): Zend_Db_Adapter_Abstract->query(Object(Nutex_Data_Db_Select), Array)
#3 /var/www/fass-dev.fresco-co.net/Web/library/Nutex/Data/Db/Select.php(18): Zend_Db_Adapter_Pdo_Abstract->query(Object(Nutex_Data_Db_Select))
#4 /var/www/fass-dev.fresco-co.net/Web/application/models/Data/AccountPayable.php(99): Nutex_Data_Db_Select->query()
#5 /var/www/fass-dev.fresco-co.net/Web/application/modules/front/controllers/OauthController.php(470): Shared_Model_Data_AccountPayable->getById('70')
#6 /var/www/fass-dev.fresco-co.net/Web/library/Zend/Controller/Action.php(516): OauthController->transferPostAction()
#7 /var/www/fass-dev.fresco-co.net/Web/library/Zend/Controller/Dispatcher/Standard.php(295): Zend_Controller_Action->dispatch('transferPostAct...')
#8 /var/www/fass-dev.fresco-co.net/Web/library/Zend/Controller/Front.php(954): Zend_Controller_Dispatcher_Standard->dispatch(Object(Nutex_Request), Object(Nutex_Response))
#9 /var/www/fass-dev.fresco-co.net/Web/library/Zend/Application/Bootstrap/Bootstrap.php(97): Zend_Controller_Front->dispatch()
#10 /var/www/fass-dev.fresco-co.net/Web/library/Zend/Application.php(366): Zend_Application_Bootstrap_Bootstrap->run()
#11 /var/www/fass-dev.fresco-co.net/Web/public/index.php(22): Zend_Application->run()
#12 {main}
2021-06-07T19:51:29+09:00 (CRIT): Request Parameters Array
(
    [controller] => oauth
    [action] => transfer-post
    [module] => front
    [bank_select] => 7
    [target] => Array
        (
            [0] => 70
            [1] => 71
        )

)

