2021-06-28T11:37:55+09:00 (NOTICE): Invalid controller specified (favicon.ico) %info%
2021-06-28T11:37:55+09:00 (NOTICE): Request Parameters Array
(
    [controller] => favicon.ico
    [module] => front
    [action] => index
)

2021-06-28T14:53:56+09:00 (CRIT): SQLSTATE[42000]: Syntax error or access violation: 1583 Incorrect parameters in the call to native function 'AES_DECRYPT' #0 /var/www/fass-dev.fresco-co.net/Web/library/Zend/Db/Statement.php(305): Zend_Db_Statement_Pdo->_execute(Array)
#1 /var/www/fass-dev.fresco-co.net/Web/library/Zend/Db/Adapter/Abstract.php(479): Zend_Db_Statement->execute(Array)
#2 /var/www/fass-dev.fresco-co.net/Web/library/Zend/Db/Adapter/Pdo/Abstract.php(238): Zend_Db_Adapter_Abstract->query(Object(Nutex_Data_Db_Select), Array)
#3 /var/www/fass-dev.fresco-co.net/Web/library/Nutex/Data/Db/Select.php(18): Zend_Db_Adapter_Pdo_Abstract->query(Object(Nutex_Data_Db_Select))
#4 /var/www/fass-dev.fresco-co.net/Web/application/modules/front/controllers/ShipmentController.php(40): Nutex_Data_Db_Select->query()
#5 /var/www/fass-dev.fresco-co.net/Web/library/Zend/Controller/Action.php(502): ShipmentController->preDispatch()
#6 /var/www/fass-dev.fresco-co.net/Web/library/Zend/Controller/Dispatcher/Standard.php(295): Zend_Controller_Action->dispatch('indexAction')
#7 /var/www/fass-dev.fresco-co.net/Web/library/Zend/Controller/Front.php(954): Zend_Controller_Dispatcher_Standard->dispatch(Object(Nutex_Request), Object(Nutex_Response))
#8 /var/www/fass-dev.fresco-co.net/Web/library/Zend/Application/Bootstrap/Bootstrap.php(97): Zend_Controller_Front->dispatch()
#9 /var/www/fass-dev.fresco-co.net/Web/library/Zend/Application.php(366): Zend_Application_Bootstrap_Bootstrap->run()
#10 /var/www/fass-dev.fresco-co.net/Web/public/index.php(22): Zend_Application->run()
#11 {main}
2021-06-28T14:53:56+09:00 (CRIT): Request Parameters Array
(
    [controller] => shipment
    [module] => front
    [action] => index
)

2021-06-28T19:01:53+09:00 (NOTICE): Action "transferPost" does not exist and was not trapped in __call() %info%
2021-06-28T19:01:53+09:00 (NOTICE): Request Parameters Array
(
    [controller] => oauth
    [action] => transfer-post
    [module] => front
    [bank_select] => 7
    [target] => Array
        (
            [0] => 83
        )

)

2021-06-28T19:07:41+09:00 (CRIT): script 'transaction-paid/gmo-transfer-develop-list.phtml' not found in path (/var/www/fass-dev.fresco-co.net/Web/application/modules/front/views/default/scripts/:/var/www/fass-dev.fresco-co.net/Web/application/modules/front/views/scripts/) #0 /var/www/fass-dev.fresco-co.net/Web/library/Zend/View/Abstract.php(884): Zend_View_Abstract->_script('transaction-pai...')
#1 /var/www/fass-dev.fresco-co.net/Web/library/Zend/Controller/Action/Helper/ViewRenderer.php(900): Zend_View_Abstract->render('transaction-pai...')
#2 /var/www/fass-dev.fresco-co.net/Web/library/Zend/Controller/Action/Helper/ViewRenderer.php(921): Zend_Controller_Action_Helper_ViewRenderer->renderScript('transaction-pai...', NULL)
#3 /var/www/fass-dev.fresco-co.net/Web/library/Zend/Controller/Action/Helper/ViewRenderer.php(960): Zend_Controller_Action_Helper_ViewRenderer->render()
#4 /var/www/fass-dev.fresco-co.net/Web/library/Zend/Controller/Action/HelperBroker.php(277): Zend_Controller_Action_Helper_ViewRenderer->postDispatch()
#5 /var/www/fass-dev.fresco-co.net/Web/library/Zend/Controller/Action.php(527): Zend_Controller_Action_HelperBroker->notifyPostDispatch()
#6 /var/www/fass-dev.fresco-co.net/Web/library/Zend/Controller/Dispatcher/Standard.php(295): Zend_Controller_Action->dispatch('gmoTransferDeve...')
#7 /var/www/fass-dev.fresco-co.net/Web/library/Zend/Controller/Front.php(954): Zend_Controller_Dispatcher_Standard->dispatch(Object(Nutex_Request), Object(Nutex_Response))
#8 /var/www/fass-dev.fresco-co.net/Web/library/Zend/Application/Bootstrap/Bootstrap.php(97): Zend_Controller_Front->dispatch()
#9 /var/www/fass-dev.fresco-co.net/Web/library/Zend/Application.php(366): Zend_Application_Bootstrap_Bootstrap->run()
#10 /var/www/fass-dev.fresco-co.net/Web/public/index.php(22): Zend_Application->run()
#11 {main}
2021-06-28T19:07:41+09:00 (CRIT): Request Parameters Array
(
    [controller] => transaction-paid
    [action] => gmo-transfer-develop-list
    [module] => front
)

