2021-06-08T15:21:56+09:00 (NOTICE): Invalid controller specified (favicon.ico) %info%
2021-06-08T15:21:56+09:00 (NOTICE): Request Parameters Array
(
    [controller] => favicon.ico
    [module] => front
    [action] => index
)

2021-06-08T16:46:52+09:00 (CRIT): /connection/bank-add-post transaction failed: exception 'PDOException' with message 'SQLSTATE[23000]: Integrity constraint violation: 1048 Column 'connection_id' cannot be null' in /var/www/fass-dev.fresco-co.net/Web/library/Zend/Db/Statement/Pdo.php:228
Stack trace:
#0 /var/www/fass-dev.fresco-co.net/Web/library/Zend/Db/Statement/Pdo.php(228): PDOStatement->execute(Array)
#1 /var/www/fass-dev.fresco-co.net/Web/library/Zend/Db/Statement.php(305): Zend_Db_Statement_Pdo->_execute(Array)
#2 /var/www/fass-dev.fresco-co.net/Web/library/Zend/Db/Adapter/Abstract.php(479): Zend_Db_Statement->execute(Array)
#3 /var/www/fass-dev.fresco-co.net/Web/library/Zend/Db/Adapter/Pdo/Abstract.php(238): Zend_Db_Adapter_Abstract->query('INSERT INTO `fr...', Array)
#4 /var/www/fass-dev.fresco-co.net/Web/library/Zend/Db/Adapter/Abstract.php(575): Zend_Db_Adapter_Pdo_Abstract->query('INSERT INTO `fr...', Array)
#5 /var/www/fass-dev.fresco-co.net/Web/library/Nutex/Data/Db/Abstract.php(67): Zend_Db_Adapter_Abstract->insert('frs_connection_...', Array)
#6 /var/www/fass-dev.fresco-co.net/Web/application/models/Data/DbAbstract.php(31): Nutex_Data_Db_Abstract->create(Array)
#7 /var/www/fass-dev.fresco-co.net/Web/application/modules/front/controllers/ConnectionController.php(1215): Shared_Model_Data_DbAbstract->create(Array)
#8 /var/www/fass-dev.fresco-co.net/Web/library/Zend/Controller/Action.php(516): ConnectionController->bankAddPostAction()
#9 /var/www/fass-dev.fresco-co.net/Web/library/Zend/Controller/Dispatcher/Standard.php(295): Zend_Controller_Action->dispatch('bankAddPostActi...')
#10 /var/www/fass-dev.fresco-co.net/Web/library/Zend/Controller/Front.php(954): Zend_Controller_Dispatcher_Standard->dispatch(Object(Nutex_Request), Object(Nutex_Response))
#11 /var/www/fass-dev.fresco-co.net/Web/library/Zend/Application/Bootstrap/Bootstrap.php(97): Zend_Controller_Front->dispatch()
#12 /var/www/fass-dev.fresco-co.net/Web/library/Zend/Application.php(366): Zend_Application_Bootstrap_Bootstrap->run()
#13 /var/www/fass-dev.fresco-co.net/Web/public/index.php(22): Zend_Application->run()
#14 {main}

Next exception 'Zend_Db_Statement_Exception' with message 'SQLSTATE[23000]: Integrity constraint violation: 1048 Column 'connection_id' cannot be null' in /var/www/fass-dev.fresco-co.net/Web/library/Zend/Db/Statement/Pdo.php:234
Stack trace:
#0 /var/www/fass-dev.fresco-co.net/Web/library/Zend/Db/Statement.php(305): Zend_Db_Statement_Pdo->_execute(Array)
#1 /var/www/fass-dev.fresco-co.net/Web/library/Zend/Db/Adapter/Abstract.php(479): Zend_Db_Statement->execute(Array)
#2 /var/www/fass-dev.fresco-co.net/Web/library/Zend/Db/Adapter/Pdo/Abstract.php(238): Zend_Db_Adapter_Abstract->query('INSERT INTO `fr...', Array)
#3 /var/www/fass-dev.fresco-co.net/Web/library/Zend/Db/Adapter/Abstract.php(575): Zend_Db_Adapter_Pdo_Abstract->query('INSERT INTO `fr...', Array)
#4 /var/www/fass-dev.fresco-co.net/Web/library/Nutex/Data/Db/Abstract.php(67): Zend_Db_Adapter_Abstract->insert('frs_connection_...', Array)
#5 /var/www/fass-dev.fresco-co.net/Web/application/models/Data/DbAbstract.php(31): Nutex_Data_Db_Abstract->create(Array)
#6 /var/www/fass-dev.fresco-co.net/Web/application/modules/front/controllers/ConnectionController.php(1215): Shared_Model_Data_DbAbstract->create(Array)
#7 /var/www/fass-dev.fresco-co.net/Web/library/Zend/Controller/Action.php(516): ConnectionController->bankAddPostAction()
#8 /var/www/fass-dev.fresco-co.net/Web/library/Zend/Controller/Dispatcher/Standard.php(295): Zend_Controller_Action->dispatch('bankAddPostActi...')
#9 /var/www/fass-dev.fresco-co.net/Web/library/Zend/Controller/Front.php(954): Zend_Controller_Dispatcher_Standard->dispatch(Object(Nutex_Request), Object(Nutex_Response))
#10 /var/www/fass-dev.fresco-co.net/Web/library/Zend/Application/Bootstrap/Bootstrap.php(97): Zend_Controller_Front->dispatch()
#11 /var/www/fass-dev.fresco-co.net/Web/library/Zend/Application.php(366): Zend_Application_Bootstrap_Bootstrap->run()
#12 /var/www/fass-dev.fresco-co.net/Web/public/index.php(22): Zend_Application->run()
#13 {main} #0 /var/www/fass-dev.fresco-co.net/Web/library/Zend/Controller/Action.php(516): ConnectionController->bankAddPostAction()
#1 /var/www/fass-dev.fresco-co.net/Web/library/Zend/Controller/Dispatcher/Standard.php(295): Zend_Controller_Action->dispatch('bankAddPostActi...')
#2 /var/www/fass-dev.fresco-co.net/Web/library/Zend/Controller/Front.php(954): Zend_Controller_Dispatcher_Standard->dispatch(Object(Nutex_Request), Object(Nutex_Response))
#3 /var/www/fass-dev.fresco-co.net/Web/library/Zend/Application/Bootstrap/Bootstrap.php(97): Zend_Controller_Front->dispatch()
#4 /var/www/fass-dev.fresco-co.net/Web/library/Zend/Application.php(366): Zend_Application_Bootstrap_Bootstrap->run()
#5 /var/www/fass-dev.fresco-co.net/Web/public/index.php(22): Zend_Application->run()
#6 {main}
2021-06-08T16:46:52+09:00 (CRIT): Request Parameters Array
(
    [controller] => connection
    [action] => bank-add-post
    [module] => front
    [connection_id] => 1822
    [bank_code] => 0999
    [bank_name] => テスト銀行
    [branch_code] => 099
    [branch_name] => テスト支店
    [account_type] => 1
    [account_no] => 012345678
    [account_name] => テスト株式会社
    [account_name_kana] => テスト（カ
    [memo] => 
)

2021-06-08T16:47:23+09:00 (CRIT): /connection/bank-add-post transaction failed: exception 'PDOException' with message 'SQLSTATE[23000]: Integrity constraint violation: 1048 Column 'connection_id' cannot be null' in /var/www/fass-dev.fresco-co.net/Web/library/Zend/Db/Statement/Pdo.php:228
Stack trace:
#0 /var/www/fass-dev.fresco-co.net/Web/library/Zend/Db/Statement/Pdo.php(228): PDOStatement->execute(Array)
#1 /var/www/fass-dev.fresco-co.net/Web/library/Zend/Db/Statement.php(305): Zend_Db_Statement_Pdo->_execute(Array)
#2 /var/www/fass-dev.fresco-co.net/Web/library/Zend/Db/Adapter/Abstract.php(479): Zend_Db_Statement->execute(Array)
#3 /var/www/fass-dev.fresco-co.net/Web/library/Zend/Db/Adapter/Pdo/Abstract.php(238): Zend_Db_Adapter_Abstract->query('INSERT INTO `fr...', Array)
#4 /var/www/fass-dev.fresco-co.net/Web/library/Zend/Db/Adapter/Abstract.php(575): Zend_Db_Adapter_Pdo_Abstract->query('INSERT INTO `fr...', Array)
#5 /var/www/fass-dev.fresco-co.net/Web/library/Nutex/Data/Db/Abstract.php(67): Zend_Db_Adapter_Abstract->insert('frs_connection_...', Array)
#6 /var/www/fass-dev.fresco-co.net/Web/application/models/Data/DbAbstract.php(31): Nutex_Data_Db_Abstract->create(Array)
#7 /var/www/fass-dev.fresco-co.net/Web/application/modules/front/controllers/ConnectionController.php(1215): Shared_Model_Data_DbAbstract->create(Array)
#8 /var/www/fass-dev.fresco-co.net/Web/library/Zend/Controller/Action.php(516): ConnectionController->bankAddPostAction()
#9 /var/www/fass-dev.fresco-co.net/Web/library/Zend/Controller/Dispatcher/Standard.php(295): Zend_Controller_Action->dispatch('bankAddPostActi...')
#10 /var/www/fass-dev.fresco-co.net/Web/library/Zend/Controller/Front.php(954): Zend_Controller_Dispatcher_Standard->dispatch(Object(Nutex_Request), Object(Nutex_Response))
#11 /var/www/fass-dev.fresco-co.net/Web/library/Zend/Application/Bootstrap/Bootstrap.php(97): Zend_Controller_Front->dispatch()
#12 /var/www/fass-dev.fresco-co.net/Web/library/Zend/Application.php(366): Zend_Application_Bootstrap_Bootstrap->run()
#13 /var/www/fass-dev.fresco-co.net/Web/public/index.php(22): Zend_Application->run()
#14 {main}

Next exception 'Zend_Db_Statement_Exception' with message 'SQLSTATE[23000]: Integrity constraint violation: 1048 Column 'connection_id' cannot be null' in /var/www/fass-dev.fresco-co.net/Web/library/Zend/Db/Statement/Pdo.php:234
Stack trace:
#0 /var/www/fass-dev.fresco-co.net/Web/library/Zend/Db/Statement.php(305): Zend_Db_Statement_Pdo->_execute(Array)
#1 /var/www/fass-dev.fresco-co.net/Web/library/Zend/Db/Adapter/Abstract.php(479): Zend_Db_Statement->execute(Array)
#2 /var/www/fass-dev.fresco-co.net/Web/library/Zend/Db/Adapter/Pdo/Abstract.php(238): Zend_Db_Adapter_Abstract->query('INSERT INTO `fr...', Array)
#3 /var/www/fass-dev.fresco-co.net/Web/library/Zend/Db/Adapter/Abstract.php(575): Zend_Db_Adapter_Pdo_Abstract->query('INSERT INTO `fr...', Array)
#4 /var/www/fass-dev.fresco-co.net/Web/library/Nutex/Data/Db/Abstract.php(67): Zend_Db_Adapter_Abstract->insert('frs_connection_...', Array)
#5 /var/www/fass-dev.fresco-co.net/Web/application/models/Data/DbAbstract.php(31): Nutex_Data_Db_Abstract->create(Array)
#6 /var/www/fass-dev.fresco-co.net/Web/application/modules/front/controllers/ConnectionController.php(1215): Shared_Model_Data_DbAbstract->create(Array)
#7 /var/www/fass-dev.fresco-co.net/Web/library/Zend/Controller/Action.php(516): ConnectionController->bankAddPostAction()
#8 /var/www/fass-dev.fresco-co.net/Web/library/Zend/Controller/Dispatcher/Standard.php(295): Zend_Controller_Action->dispatch('bankAddPostActi...')
#9 /var/www/fass-dev.fresco-co.net/Web/library/Zend/Controller/Front.php(954): Zend_Controller_Dispatcher_Standard->dispatch(Object(Nutex_Request), Object(Nutex_Response))
#10 /var/www/fass-dev.fresco-co.net/Web/library/Zend/Application/Bootstrap/Bootstrap.php(97): Zend_Controller_Front->dispatch()
#11 /var/www/fass-dev.fresco-co.net/Web/library/Zend/Application.php(366): Zend_Application_Bootstrap_Bootstrap->run()
#12 /var/www/fass-dev.fresco-co.net/Web/public/index.php(22): Zend_Application->run()
#13 {main} #0 /var/www/fass-dev.fresco-co.net/Web/library/Zend/Controller/Action.php(516): ConnectionController->bankAddPostAction()
#1 /var/www/fass-dev.fresco-co.net/Web/library/Zend/Controller/Dispatcher/Standard.php(295): Zend_Controller_Action->dispatch('bankAddPostActi...')
#2 /var/www/fass-dev.fresco-co.net/Web/library/Zend/Controller/Front.php(954): Zend_Controller_Dispatcher_Standard->dispatch(Object(Nutex_Request), Object(Nutex_Response))
#3 /var/www/fass-dev.fresco-co.net/Web/library/Zend/Application/Bootstrap/Bootstrap.php(97): Zend_Controller_Front->dispatch()
#4 /var/www/fass-dev.fresco-co.net/Web/library/Zend/Application.php(366): Zend_Application_Bootstrap_Bootstrap->run()
#5 /var/www/fass-dev.fresco-co.net/Web/public/index.php(22): Zend_Application->run()
#6 {main}
2021-06-08T16:47:23+09:00 (CRIT): Request Parameters Array
(
    [controller] => connection
    [action] => bank-add-post
    [module] => front
    [connection_id] => 1822
    [bank_code] => 0999
    [bank_name] => テスト銀行
    [branch_code] => 099
    [branch_name] => テスト支店
    [account_type] => 1
    [account_no] => 012345678
    [account_name] => テスト株式会社
    [account_name_kana] => テスト（カ
    [memo] => 
)

2021-06-08T19:31:50+09:00 (CRIT): SQLSTATE[23000]: Integrity constraint violation: 1048 Column 'connection_id' cannot be null #0 /var/www/fass-dev.fresco-co.net/Web/library/Zend/Db/Statement.php(305): Zend_Db_Statement_Pdo->_execute(Array)
#1 /var/www/fass-dev.fresco-co.net/Web/library/Zend/Db/Adapter/Abstract.php(479): Zend_Db_Statement->execute(Array)
#2 /var/www/fass-dev.fresco-co.net/Web/library/Zend/Db/Adapter/Pdo/Abstract.php(238): Zend_Db_Adapter_Abstract->query('INSERT INTO `fr...', Array)
#3 /var/www/fass-dev.fresco-co.net/Web/library/Zend/Db/Adapter/Abstract.php(575): Zend_Db_Adapter_Pdo_Abstract->query('INSERT INTO `fr...', Array)
#4 /var/www/fass-dev.fresco-co.net/Web/library/Nutex/Data/Db/Abstract.php(67): Zend_Db_Adapter_Abstract->insert('frs_connection_...', Array)
#5 /var/www/fass-dev.fresco-co.net/Web/application/models/Data/DbAbstract.php(31): Nutex_Data_Db_Abstract->create(Array)
#6 /var/www/fass-dev.fresco-co.net/Web/application/modules/api/controllers/ConnectionController.php(423): Shared_Model_Data_DbAbstract->create(Array)
#7 /var/www/fass-dev.fresco-co.net/Web/library/Zend/Controller/Action.php(516): Api_ConnectionController->updateBankAccountAction()
#8 /var/www/fass-dev.fresco-co.net/Web/library/Zend/Controller/Dispatcher/Standard.php(295): Zend_Controller_Action->dispatch('updateBankAccou...')
#9 /var/www/fass-dev.fresco-co.net/Web/library/Zend/Controller/Front.php(954): Zend_Controller_Dispatcher_Standard->dispatch(Object(Nutex_Request), Object(Nutex_Response))
#10 /var/www/fass-dev.fresco-co.net/Web/library/Zend/Application/Bootstrap/Bootstrap.php(97): Zend_Controller_Front->dispatch()
#11 /var/www/fass-dev.fresco-co.net/Web/library/Zend/Application.php(366): Zend_Application_Bootstrap_Bootstrap->run()
#12 /var/www/fass-dev.fresco-co.net/Web/public/index.php(22): Zend_Application->run()
#13 {main}
2021-06-08T19:31:50+09:00 (CRIT): Request Parameters Array
(
    [controller] => connection
    [action] => update-bank-account
    [module] => api
    [connection_id] => 1822
    [basic_bank_select] => 30
    [bank_code] => 0005
    [bank_name] => 三菱UFJ銀行
    [bank_branch_id] => 069
    [bank_branch_name] => 浅草橋支店
    [bank_account_type] => 1
    [bank_account_no] => 0508573
    [bank_account_name] => フレスコ株式会社
    [bank_account_name_kana] => フレスコ（カ
    [target_id] => 8
    [target_display_id] => SP1900004
    [bank_registered_type] => 20
)

2021-06-08T19:32:26+09:00 (CRIT): SQLSTATE[23000]: Integrity constraint violation: 1048 Column 'connection_id' cannot be null #0 /var/www/fass-dev.fresco-co.net/Web/library/Zend/Db/Statement.php(305): Zend_Db_Statement_Pdo->_execute(Array)
#1 /var/www/fass-dev.fresco-co.net/Web/library/Zend/Db/Adapter/Abstract.php(479): Zend_Db_Statement->execute(Array)
#2 /var/www/fass-dev.fresco-co.net/Web/library/Zend/Db/Adapter/Pdo/Abstract.php(238): Zend_Db_Adapter_Abstract->query('INSERT INTO `fr...', Array)
#3 /var/www/fass-dev.fresco-co.net/Web/library/Zend/Db/Adapter/Abstract.php(575): Zend_Db_Adapter_Pdo_Abstract->query('INSERT INTO `fr...', Array)
#4 /var/www/fass-dev.fresco-co.net/Web/library/Nutex/Data/Db/Abstract.php(67): Zend_Db_Adapter_Abstract->insert('frs_connection_...', Array)
#5 /var/www/fass-dev.fresco-co.net/Web/application/models/Data/DbAbstract.php(31): Nutex_Data_Db_Abstract->create(Array)
#6 /var/www/fass-dev.fresco-co.net/Web/application/modules/api/controllers/ConnectionController.php(424): Shared_Model_Data_DbAbstract->create(Array)
#7 /var/www/fass-dev.fresco-co.net/Web/library/Zend/Controller/Action.php(516): Api_ConnectionController->updateBankAccountAction()
#8 /var/www/fass-dev.fresco-co.net/Web/library/Zend/Controller/Dispatcher/Standard.php(295): Zend_Controller_Action->dispatch('updateBankAccou...')
#9 /var/www/fass-dev.fresco-co.net/Web/library/Zend/Controller/Front.php(954): Zend_Controller_Dispatcher_Standard->dispatch(Object(Nutex_Request), Object(Nutex_Response))
#10 /var/www/fass-dev.fresco-co.net/Web/library/Zend/Application/Bootstrap/Bootstrap.php(97): Zend_Controller_Front->dispatch()
#11 /var/www/fass-dev.fresco-co.net/Web/library/Zend/Application.php(366): Zend_Application_Bootstrap_Bootstrap->run()
#12 /var/www/fass-dev.fresco-co.net/Web/public/index.php(22): Zend_Application->run()
#13 {main}
2021-06-08T19:32:26+09:00 (CRIT): Request Parameters Array
(
    [controller] => connection
    [action] => update-bank-account
    [module] => api
    [connection_id] => 1822
    [basic_bank_select] => 30
    [bank_code] => 0005
    [bank_name] => 三菱UFJ銀行
    [bank_branch_id] => 069
    [bank_branch_name] => 浅草橋支店
    [bank_account_type] => 1
    [bank_account_no] => 0508573
    [bank_account_name] => フレスコ株式会社
    [bank_account_name_kana] => フレスコ（カ
    [target_id] => 8
    [target_display_id] => SP1900004
    [bank_registered_type] => 20
)

2021-06-08T19:33:05+09:00 (CRIT): SQLSTATE[23000]: Integrity constraint violation: 1048 Column 'connection_id' cannot be null #0 /var/www/fass-dev.fresco-co.net/Web/library/Zend/Db/Statement.php(305): Zend_Db_Statement_Pdo->_execute(Array)
#1 /var/www/fass-dev.fresco-co.net/Web/library/Zend/Db/Adapter/Abstract.php(479): Zend_Db_Statement->execute(Array)
#2 /var/www/fass-dev.fresco-co.net/Web/library/Zend/Db/Adapter/Pdo/Abstract.php(238): Zend_Db_Adapter_Abstract->query('INSERT INTO `fr...', Array)
#3 /var/www/fass-dev.fresco-co.net/Web/library/Zend/Db/Adapter/Abstract.php(575): Zend_Db_Adapter_Pdo_Abstract->query('INSERT INTO `fr...', Array)
#4 /var/www/fass-dev.fresco-co.net/Web/library/Nutex/Data/Db/Abstract.php(67): Zend_Db_Adapter_Abstract->insert('frs_connection_...', Array)
#5 /var/www/fass-dev.fresco-co.net/Web/application/models/Data/DbAbstract.php(31): Nutex_Data_Db_Abstract->create(Array)
#6 /var/www/fass-dev.fresco-co.net/Web/application/modules/api/controllers/ConnectionController.php(424): Shared_Model_Data_DbAbstract->create(Array)
#7 /var/www/fass-dev.fresco-co.net/Web/library/Zend/Controller/Action.php(516): Api_ConnectionController->updateBankAccountAction()
#8 /var/www/fass-dev.fresco-co.net/Web/library/Zend/Controller/Dispatcher/Standard.php(295): Zend_Controller_Action->dispatch('updateBankAccou...')
#9 /var/www/fass-dev.fresco-co.net/Web/library/Zend/Controller/Front.php(954): Zend_Controller_Dispatcher_Standard->dispatch(Object(Nutex_Request), Object(Nutex_Response))
#10 /var/www/fass-dev.fresco-co.net/Web/library/Zend/Application/Bootstrap/Bootstrap.php(97): Zend_Controller_Front->dispatch()
#11 /var/www/fass-dev.fresco-co.net/Web/library/Zend/Application.php(366): Zend_Application_Bootstrap_Bootstrap->run()
#12 /var/www/fass-dev.fresco-co.net/Web/public/index.php(22): Zend_Application->run()
#13 {main}
2021-06-08T19:33:05+09:00 (CRIT): Request Parameters Array
(
    [controller] => connection
    [action] => update-bank-account
    [module] => api
    [connection_id] => 1822
    [basic_bank_select] => 30
    [bank_code] => 0005
    [bank_name] => 三菱UFJ銀行
    [bank_branch_id] => 069
    [bank_branch_name] => 浅草橋支店
    [bank_account_type] => 1
    [bank_account_no] => 0508573
    [bank_account_name] => フレスコ株式会社
    [bank_account_name_kana] => フレスコ（カ
    [target_id] => 8
    [target_display_id] => SP1900004
    [bank_registered_type] => 20
)

2021-06-08T19:34:01+09:00 (CRIT): SQLSTATE[23000]: Integrity constraint violation: 1048 Column 'connection_id' cannot be null #0 /var/www/fass-dev.fresco-co.net/Web/library/Zend/Db/Statement.php(305): Zend_Db_Statement_Pdo->_execute(Array)
#1 /var/www/fass-dev.fresco-co.net/Web/library/Zend/Db/Adapter/Abstract.php(479): Zend_Db_Statement->execute(Array)
#2 /var/www/fass-dev.fresco-co.net/Web/library/Zend/Db/Adapter/Pdo/Abstract.php(238): Zend_Db_Adapter_Abstract->query('INSERT INTO `fr...', Array)
#3 /var/www/fass-dev.fresco-co.net/Web/library/Zend/Db/Adapter/Abstract.php(575): Zend_Db_Adapter_Pdo_Abstract->query('INSERT INTO `fr...', Array)
#4 /var/www/fass-dev.fresco-co.net/Web/library/Nutex/Data/Db/Abstract.php(67): Zend_Db_Adapter_Abstract->insert('frs_connection_...', Array)
#5 /var/www/fass-dev.fresco-co.net/Web/application/models/Data/DbAbstract.php(31): Nutex_Data_Db_Abstract->create(Array)
#6 /var/www/fass-dev.fresco-co.net/Web/application/modules/api/controllers/ConnectionController.php(424): Shared_Model_Data_DbAbstract->create(Array)
#7 /var/www/fass-dev.fresco-co.net/Web/library/Zend/Controller/Action.php(516): Api_ConnectionController->updateBankAccountAction()
#8 /var/www/fass-dev.fresco-co.net/Web/library/Zend/Controller/Dispatcher/Standard.php(295): Zend_Controller_Action->dispatch('updateBankAccou...')
#9 /var/www/fass-dev.fresco-co.net/Web/library/Zend/Controller/Front.php(954): Zend_Controller_Dispatcher_Standard->dispatch(Object(Nutex_Request), Object(Nutex_Response))
#10 /var/www/fass-dev.fresco-co.net/Web/library/Zend/Application/Bootstrap/Bootstrap.php(97): Zend_Controller_Front->dispatch()
#11 /var/www/fass-dev.fresco-co.net/Web/library/Zend/Application.php(366): Zend_Application_Bootstrap_Bootstrap->run()
#12 /var/www/fass-dev.fresco-co.net/Web/public/index.php(22): Zend_Application->run()
#13 {main}
2021-06-08T19:34:01+09:00 (CRIT): Request Parameters Array
(
    [controller] => connection
    [action] => update-bank-account
    [module] => api
    [connection_id] => 1822
    [basic_bank_select] => 30
    [bank_code] => 0005
    [bank_name] => 三菱UFJ銀行
    [bank_branch_id] => 069
    [bank_branch_name] => 浅草橋支店
    [bank_account_type] => 1
    [bank_account_no] => 0508573
    [bank_account_name] => フレスコ株式会社
    [bank_account_name_kana] => フレスコ（カ
    [target_id] => 8
    [target_display_id] => SP1900004
    [bank_registered_type] => 20
)

2021-06-08T19:37:15+09:00 (CRIT): SQLSTATE[23000]: Integrity constraint violation: 1048 Column 'connection_id' cannot be null #0 /var/www/fass-dev.fresco-co.net/Web/library/Zend/Db/Statement.php(305): Zend_Db_Statement_Pdo->_execute(Array)
#1 /var/www/fass-dev.fresco-co.net/Web/library/Zend/Db/Adapter/Abstract.php(479): Zend_Db_Statement->execute(Array)
#2 /var/www/fass-dev.fresco-co.net/Web/library/Zend/Db/Adapter/Pdo/Abstract.php(238): Zend_Db_Adapter_Abstract->query('INSERT INTO `fr...', Array)
#3 /var/www/fass-dev.fresco-co.net/Web/library/Zend/Db/Adapter/Abstract.php(575): Zend_Db_Adapter_Pdo_Abstract->query('INSERT INTO `fr...', Array)
#4 /var/www/fass-dev.fresco-co.net/Web/library/Nutex/Data/Db/Abstract.php(67): Zend_Db_Adapter_Abstract->insert('frs_connection_...', Array)
#5 /var/www/fass-dev.fresco-co.net/Web/application/models/Data/DbAbstract.php(31): Nutex_Data_Db_Abstract->create(Array)
#6 /var/www/fass-dev.fresco-co.net/Web/application/modules/api/controllers/ConnectionController.php(424): Shared_Model_Data_DbAbstract->create(Array)
#7 /var/www/fass-dev.fresco-co.net/Web/library/Zend/Controller/Action.php(516): Api_ConnectionController->updateBankAccountAction()
#8 /var/www/fass-dev.fresco-co.net/Web/library/Zend/Controller/Dispatcher/Standard.php(295): Zend_Controller_Action->dispatch('updateBankAccou...')
#9 /var/www/fass-dev.fresco-co.net/Web/library/Zend/Controller/Front.php(954): Zend_Controller_Dispatcher_Standard->dispatch(Object(Nutex_Request), Object(Nutex_Response))
#10 /var/www/fass-dev.fresco-co.net/Web/library/Zend/Application/Bootstrap/Bootstrap.php(97): Zend_Controller_Front->dispatch()
#11 /var/www/fass-dev.fresco-co.net/Web/library/Zend/Application.php(366): Zend_Application_Bootstrap_Bootstrap->run()
#12 /var/www/fass-dev.fresco-co.net/Web/public/index.php(22): Zend_Application->run()
#13 {main}
2021-06-08T19:37:15+09:00 (CRIT): Request Parameters Array
(
    [controller] => connection
    [action] => update-bank-account
    [module] => api
    [connection_id] => 1822
    [basic_bank_select] => 30
    [bank_code] => 0005
    [bank_name] => 三菱UFJ銀行
    [bank_branch_id] => 069
    [bank_branch_name] => 浅草橋支店
    [bank_account_type] => 1
    [bank_account_no] => 0508573
    [bank_account_name] => フレスコ株式会社
    [bank_account_name_kana] => フレスコ（カ
    [target_id] => 8
    [target_display_id] => SP1900004
    [bank_registered_type] => 20
)

2021-06-08T19:37:35+09:00 (CRIT): SQLSTATE[23000]: Integrity constraint violation: 1048 Column 'connection_id' cannot be null #0 /var/www/fass-dev.fresco-co.net/Web/library/Zend/Db/Statement.php(305): Zend_Db_Statement_Pdo->_execute(Array)
#1 /var/www/fass-dev.fresco-co.net/Web/library/Zend/Db/Adapter/Abstract.php(479): Zend_Db_Statement->execute(Array)
#2 /var/www/fass-dev.fresco-co.net/Web/library/Zend/Db/Adapter/Pdo/Abstract.php(238): Zend_Db_Adapter_Abstract->query('INSERT INTO `fr...', Array)
#3 /var/www/fass-dev.fresco-co.net/Web/library/Zend/Db/Adapter/Abstract.php(575): Zend_Db_Adapter_Pdo_Abstract->query('INSERT INTO `fr...', Array)
#4 /var/www/fass-dev.fresco-co.net/Web/library/Nutex/Data/Db/Abstract.php(67): Zend_Db_Adapter_Abstract->insert('frs_connection_...', Array)
#5 /var/www/fass-dev.fresco-co.net/Web/application/models/Data/DbAbstract.php(31): Nutex_Data_Db_Abstract->create(Array)
#6 /var/www/fass-dev.fresco-co.net/Web/application/modules/api/controllers/ConnectionController.php(424): Shared_Model_Data_DbAbstract->create(Array)
#7 /var/www/fass-dev.fresco-co.net/Web/library/Zend/Controller/Action.php(516): Api_ConnectionController->updateBankAccountAction()
#8 /var/www/fass-dev.fresco-co.net/Web/library/Zend/Controller/Dispatcher/Standard.php(295): Zend_Controller_Action->dispatch('updateBankAccou...')
#9 /var/www/fass-dev.fresco-co.net/Web/library/Zend/Controller/Front.php(954): Zend_Controller_Dispatcher_Standard->dispatch(Object(Nutex_Request), Object(Nutex_Response))
#10 /var/www/fass-dev.fresco-co.net/Web/library/Zend/Application/Bootstrap/Bootstrap.php(97): Zend_Controller_Front->dispatch()
#11 /var/www/fass-dev.fresco-co.net/Web/library/Zend/Application.php(366): Zend_Application_Bootstrap_Bootstrap->run()
#12 /var/www/fass-dev.fresco-co.net/Web/public/index.php(22): Zend_Application->run()
#13 {main}
2021-06-08T19:37:35+09:00 (CRIT): Request Parameters Array
(
    [controller] => connection
    [action] => update-bank-account
    [module] => api
    [connection_id] => 1822
    [basic_bank_select] => 30
    [bank_code] => 0005
    [bank_name] => 三菱UFJ銀行
    [bank_branch_id] => 069
    [bank_branch_name] => 浅草橋支店
    [bank_account_type] => 1
    [bank_account_no] => 0508573
    [bank_account_name] => フレスコ株式会社
    [bank_account_name_kana] => フレスコ（カ
    [target_id] => 8
    [target_display_id] => SP1900004
    [bank_registered_type] => 20
)

2021-06-08T19:38:09+09:00 (CRIT): SQLSTATE[23000]: Integrity constraint violation: 1048 Column 'connection_id' cannot be null #0 /var/www/fass-dev.fresco-co.net/Web/library/Zend/Db/Statement.php(305): Zend_Db_Statement_Pdo->_execute(Array)
#1 /var/www/fass-dev.fresco-co.net/Web/library/Zend/Db/Adapter/Abstract.php(479): Zend_Db_Statement->execute(Array)
#2 /var/www/fass-dev.fresco-co.net/Web/library/Zend/Db/Adapter/Pdo/Abstract.php(238): Zend_Db_Adapter_Abstract->query('INSERT INTO `fr...', Array)
#3 /var/www/fass-dev.fresco-co.net/Web/library/Zend/Db/Adapter/Abstract.php(575): Zend_Db_Adapter_Pdo_Abstract->query('INSERT INTO `fr...', Array)
#4 /var/www/fass-dev.fresco-co.net/Web/library/Nutex/Data/Db/Abstract.php(67): Zend_Db_Adapter_Abstract->insert('frs_connection_...', Array)
#5 /var/www/fass-dev.fresco-co.net/Web/application/models/Data/DbAbstract.php(31): Nutex_Data_Db_Abstract->create(Array)
#6 /var/www/fass-dev.fresco-co.net/Web/application/modules/api/controllers/ConnectionController.php(424): Shared_Model_Data_DbAbstract->create(Array)
#7 /var/www/fass-dev.fresco-co.net/Web/library/Zend/Controller/Action.php(516): Api_ConnectionController->updateBankAccountAction()
#8 /var/www/fass-dev.fresco-co.net/Web/library/Zend/Controller/Dispatcher/Standard.php(295): Zend_Controller_Action->dispatch('updateBankAccou...')
#9 /var/www/fass-dev.fresco-co.net/Web/library/Zend/Controller/Front.php(954): Zend_Controller_Dispatcher_Standard->dispatch(Object(Nutex_Request), Object(Nutex_Response))
#10 /var/www/fass-dev.fresco-co.net/Web/library/Zend/Application/Bootstrap/Bootstrap.php(97): Zend_Controller_Front->dispatch()
#11 /var/www/fass-dev.fresco-co.net/Web/library/Zend/Application.php(366): Zend_Application_Bootstrap_Bootstrap->run()
#12 /var/www/fass-dev.fresco-co.net/Web/public/index.php(22): Zend_Application->run()
#13 {main}
2021-06-08T19:38:09+09:00 (CRIT): Request Parameters Array
(
    [controller] => connection
    [action] => update-bank-account
    [module] => api
    [connection_id] => 1822
    [basic_bank_select] => 30
    [bank_code] => 0005
    [bank_name] => 三菱UFJ銀行
    [bank_branch_id] => 069
    [bank_branch_name] => 浅草橋支店
    [bank_account_type] => 1
    [bank_account_no] => 0508573
    [bank_account_name] => フレスコ株式会社
    [bank_account_name_kana] => フレスコ（カ
    [target_id] => 8
    [target_display_id] => SP1900004
    [bank_registered_type] => 20
)

2021-06-08T19:38:40+09:00 (CRIT): SQLSTATE[23000]: Integrity constraint violation: 1048 Column 'connection_id' cannot be null #0 /var/www/fass-dev.fresco-co.net/Web/library/Zend/Db/Statement.php(305): Zend_Db_Statement_Pdo->_execute(Array)
#1 /var/www/fass-dev.fresco-co.net/Web/library/Zend/Db/Adapter/Abstract.php(479): Zend_Db_Statement->execute(Array)
#2 /var/www/fass-dev.fresco-co.net/Web/library/Zend/Db/Adapter/Pdo/Abstract.php(238): Zend_Db_Adapter_Abstract->query('INSERT INTO `fr...', Array)
#3 /var/www/fass-dev.fresco-co.net/Web/library/Zend/Db/Adapter/Abstract.php(575): Zend_Db_Adapter_Pdo_Abstract->query('INSERT INTO `fr...', Array)
#4 /var/www/fass-dev.fresco-co.net/Web/library/Nutex/Data/Db/Abstract.php(67): Zend_Db_Adapter_Abstract->insert('frs_connection_...', Array)
#5 /var/www/fass-dev.fresco-co.net/Web/application/models/Data/DbAbstract.php(31): Nutex_Data_Db_Abstract->create(Array)
#6 /var/www/fass-dev.fresco-co.net/Web/application/modules/api/controllers/ConnectionController.php(424): Shared_Model_Data_DbAbstract->create(Array)
#7 /var/www/fass-dev.fresco-co.net/Web/library/Zend/Controller/Action.php(516): Api_ConnectionController->updateBankAccountAction()
#8 /var/www/fass-dev.fresco-co.net/Web/library/Zend/Controller/Dispatcher/Standard.php(295): Zend_Controller_Action->dispatch('updateBankAccou...')
#9 /var/www/fass-dev.fresco-co.net/Web/library/Zend/Controller/Front.php(954): Zend_Controller_Dispatcher_Standard->dispatch(Object(Nutex_Request), Object(Nutex_Response))
#10 /var/www/fass-dev.fresco-co.net/Web/library/Zend/Application/Bootstrap/Bootstrap.php(97): Zend_Controller_Front->dispatch()
#11 /var/www/fass-dev.fresco-co.net/Web/library/Zend/Application.php(366): Zend_Application_Bootstrap_Bootstrap->run()
#12 /var/www/fass-dev.fresco-co.net/Web/public/index.php(22): Zend_Application->run()
#13 {main}
2021-06-08T19:38:40+09:00 (CRIT): Request Parameters Array
(
    [controller] => connection
    [action] => update-bank-account
    [module] => api
    [connection_id] => 1822
    [basic_bank_select] => 30
    [bank_code] => 0005
    [bank_name] => 三菱UFJ銀行
    [bank_branch_id] => 069
    [bank_branch_name] => 浅草橋支店
    [bank_account_type] => 1
    [bank_account_no] => 0508573
    [bank_account_name] => フレスコ株式会社
    [bank_account_name_kana] => フレスコ（カ
    [target_id] => 8
    [target_display_id] => SP1900004
    [bank_registered_type] => 20
)

2021-06-08T19:38:54+09:00 (CRIT): SQLSTATE[23000]: Integrity constraint violation: 1048 Column 'connection_id' cannot be null #0 /var/www/fass-dev.fresco-co.net/Web/library/Zend/Db/Statement.php(305): Zend_Db_Statement_Pdo->_execute(Array)
#1 /var/www/fass-dev.fresco-co.net/Web/library/Zend/Db/Adapter/Abstract.php(479): Zend_Db_Statement->execute(Array)
#2 /var/www/fass-dev.fresco-co.net/Web/library/Zend/Db/Adapter/Pdo/Abstract.php(238): Zend_Db_Adapter_Abstract->query('INSERT INTO `fr...', Array)
#3 /var/www/fass-dev.fresco-co.net/Web/library/Zend/Db/Adapter/Abstract.php(575): Zend_Db_Adapter_Pdo_Abstract->query('INSERT INTO `fr...', Array)
#4 /var/www/fass-dev.fresco-co.net/Web/library/Nutex/Data/Db/Abstract.php(67): Zend_Db_Adapter_Abstract->insert('frs_connection_...', Array)
#5 /var/www/fass-dev.fresco-co.net/Web/application/models/Data/DbAbstract.php(31): Nutex_Data_Db_Abstract->create(Array)
#6 /var/www/fass-dev.fresco-co.net/Web/application/modules/api/controllers/ConnectionController.php(424): Shared_Model_Data_DbAbstract->create(Array)
#7 /var/www/fass-dev.fresco-co.net/Web/library/Zend/Controller/Action.php(516): Api_ConnectionController->updateBankAccountAction()
#8 /var/www/fass-dev.fresco-co.net/Web/library/Zend/Controller/Dispatcher/Standard.php(295): Zend_Controller_Action->dispatch('updateBankAccou...')
#9 /var/www/fass-dev.fresco-co.net/Web/library/Zend/Controller/Front.php(954): Zend_Controller_Dispatcher_Standard->dispatch(Object(Nutex_Request), Object(Nutex_Response))
#10 /var/www/fass-dev.fresco-co.net/Web/library/Zend/Application/Bootstrap/Bootstrap.php(97): Zend_Controller_Front->dispatch()
#11 /var/www/fass-dev.fresco-co.net/Web/library/Zend/Application.php(366): Zend_Application_Bootstrap_Bootstrap->run()
#12 /var/www/fass-dev.fresco-co.net/Web/public/index.php(22): Zend_Application->run()
#13 {main}
2021-06-08T19:38:54+09:00 (CRIT): Request Parameters Array
(
    [controller] => connection
    [action] => update-bank-account
    [module] => api
    [connection_id] => 1822
    [basic_bank_select] => 30
    [bank_code] => 0005
    [bank_name] => 三菱UFJ銀行
    [bank_branch_id] => 069
    [bank_branch_name] => 浅草橋支店
    [bank_account_type] => 1
    [bank_account_no] => 0508573
    [bank_account_name] => フレスコ株式会社
    [bank_account_name_kana] => フレスコ（カ
    [target_id] => 8
    [target_display_id] => SP1900004
    [bank_registered_type] => 20
)

2021-06-08T19:48:19+09:00 (CRIT): SQLSTATE[23000]: Integrity constraint violation: 1048 Column 'connection_id' cannot be null #0 /var/www/fass-dev.fresco-co.net/Web/library/Zend/Db/Statement.php(305): Zend_Db_Statement_Pdo->_execute(Array)
#1 /var/www/fass-dev.fresco-co.net/Web/library/Zend/Db/Adapter/Abstract.php(479): Zend_Db_Statement->execute(Array)
#2 /var/www/fass-dev.fresco-co.net/Web/library/Zend/Db/Adapter/Pdo/Abstract.php(238): Zend_Db_Adapter_Abstract->query('INSERT INTO `fr...', Array)
#3 /var/www/fass-dev.fresco-co.net/Web/library/Zend/Db/Adapter/Abstract.php(575): Zend_Db_Adapter_Pdo_Abstract->query('INSERT INTO `fr...', Array)
#4 /var/www/fass-dev.fresco-co.net/Web/library/Nutex/Data/Db/Abstract.php(67): Zend_Db_Adapter_Abstract->insert('frs_connection_...', Array)
#5 /var/www/fass-dev.fresco-co.net/Web/application/models/Data/DbAbstract.php(31): Nutex_Data_Db_Abstract->create(Array)
#6 /var/www/fass-dev.fresco-co.net/Web/application/modules/api/controllers/ConnectionController.php(422): Shared_Model_Data_DbAbstract->create(Array)
#7 /var/www/fass-dev.fresco-co.net/Web/library/Zend/Controller/Action.php(516): Api_ConnectionController->updateBankAccountAction()
#8 /var/www/fass-dev.fresco-co.net/Web/library/Zend/Controller/Dispatcher/Standard.php(295): Zend_Controller_Action->dispatch('updateBankAccou...')
#9 /var/www/fass-dev.fresco-co.net/Web/library/Zend/Controller/Front.php(954): Zend_Controller_Dispatcher_Standard->dispatch(Object(Nutex_Request), Object(Nutex_Response))
#10 /var/www/fass-dev.fresco-co.net/Web/library/Zend/Application/Bootstrap/Bootstrap.php(97): Zend_Controller_Front->dispatch()
#11 /var/www/fass-dev.fresco-co.net/Web/library/Zend/Application.php(366): Zend_Application_Bootstrap_Bootstrap->run()
#12 /var/www/fass-dev.fresco-co.net/Web/public/index.php(22): Zend_Application->run()
#13 {main}
2021-06-08T19:48:19+09:00 (CRIT): Request Parameters Array
(
    [controller] => connection
    [action] => update-bank-account
    [module] => api
    [connection_id] => 1822
    [basic_bank_select] => 30
    [other_bank_name] => 
    [bank_code] => 0005
    [bank_name] => 三菱UFJ銀行
    [bank_branch_id] => 069
    [bank_branch_name] => 浅草橋支店
    [bank_account_type] => 1
    [bank_account_no] => 0508573
    [bank_account_name] => フレスコ株式会社
    [bank_account_name_kana] => フレスコ（カ
    [target_id] => 8
    [target_display_id] => SP1900004
    [bank_registered_type] => 20
)

2021-06-08T19:50:46+09:00 (CRIT): SQLSTATE[23000]: Integrity constraint violation: 1048 Column 'connection_id' cannot be null #0 /var/www/fass-dev.fresco-co.net/Web/library/Zend/Db/Statement.php(305): Zend_Db_Statement_Pdo->_execute(Array)
#1 /var/www/fass-dev.fresco-co.net/Web/library/Zend/Db/Adapter/Abstract.php(479): Zend_Db_Statement->execute(Array)
#2 /var/www/fass-dev.fresco-co.net/Web/library/Zend/Db/Adapter/Pdo/Abstract.php(238): Zend_Db_Adapter_Abstract->query('INSERT INTO `fr...', Array)
#3 /var/www/fass-dev.fresco-co.net/Web/library/Zend/Db/Adapter/Abstract.php(575): Zend_Db_Adapter_Pdo_Abstract->query('INSERT INTO `fr...', Array)
#4 /var/www/fass-dev.fresco-co.net/Web/library/Nutex/Data/Db/Abstract.php(67): Zend_Db_Adapter_Abstract->insert('frs_connection_...', Array)
#5 /var/www/fass-dev.fresco-co.net/Web/application/models/Data/DbAbstract.php(31): Nutex_Data_Db_Abstract->create(Array)
#6 /var/www/fass-dev.fresco-co.net/Web/application/modules/api/controllers/ConnectionController.php(422): Shared_Model_Data_DbAbstract->create(Array)
#7 /var/www/fass-dev.fresco-co.net/Web/library/Zend/Controller/Action.php(516): Api_ConnectionController->updateBankAccountAction()
#8 /var/www/fass-dev.fresco-co.net/Web/library/Zend/Controller/Dispatcher/Standard.php(295): Zend_Controller_Action->dispatch('updateBankAccou...')
#9 /var/www/fass-dev.fresco-co.net/Web/library/Zend/Controller/Front.php(954): Zend_Controller_Dispatcher_Standard->dispatch(Object(Nutex_Request), Object(Nutex_Response))
#10 /var/www/fass-dev.fresco-co.net/Web/library/Zend/Application/Bootstrap/Bootstrap.php(97): Zend_Controller_Front->dispatch()
#11 /var/www/fass-dev.fresco-co.net/Web/library/Zend/Application.php(366): Zend_Application_Bootstrap_Bootstrap->run()
#12 /var/www/fass-dev.fresco-co.net/Web/public/index.php(22): Zend_Application->run()
#13 {main}
2021-06-08T19:50:46+09:00 (CRIT): Request Parameters Array
(
    [controller] => connection
    [action] => update-bank-account
    [module] => api
    [connection_id] => 1822
    [basic_bank_select] => 30
    [other_bank_name] => 
    [bank_code] => 0005
    [bank_name] => 三菱UFJ銀行
    [bank_branch_id] => 069
    [bank_branch_name] => 浅草橋支店
    [bank_account_type] => 1
    [bank_account_no] => 0508573
    [bank_account_name] => フレスコ株式会社
    [bank_account_name_kana] => フレスコ（カ
    [target_id] => 8
    [target_display_id] => SP1900004
    [bank_registered_type] => 20
)

2021-06-08T21:33:46+09:00 (CRIT): There is no active transaction #0 /var/www/fass-dev.fresco-co.net/Web/library/Zend/Db/Adapter/Pdo/Abstract.php(322): PDO->rollBack()
#1 /var/www/fass-dev.fresco-co.net/Web/library/Zend/Db/Adapter/Abstract.php(523): Zend_Db_Adapter_Pdo_Abstract->_rollBack()
#2 /var/www/fass-dev.fresco-co.net/Web/application/modules/api/controllers/PayableController.php(77): Zend_Db_Adapter_Abstract->rollBack()
#3 /var/www/fass-dev.fresco-co.net/Web/library/Zend/Controller/Action.php(516): Api_PayableController->updateAction()
#4 /var/www/fass-dev.fresco-co.net/Web/library/Zend/Controller/Dispatcher/Standard.php(295): Zend_Controller_Action->dispatch('updateAction')
#5 /var/www/fass-dev.fresco-co.net/Web/library/Zend/Controller/Front.php(954): Zend_Controller_Dispatcher_Standard->dispatch(Object(Nutex_Request), Object(Nutex_Response))
#6 /var/www/fass-dev.fresco-co.net/Web/library/Zend/Application/Bootstrap/Bootstrap.php(97): Zend_Controller_Front->dispatch()
#7 /var/www/fass-dev.fresco-co.net/Web/library/Zend/Application.php(366): Zend_Application_Bootstrap_Bootstrap->run()
#8 /var/www/fass-dev.fresco-co.net/Web/public/index.php(22): Zend_Application->run()
#9 {main}
2021-06-08T21:33:46+09:00 (CRIT): Request Parameters Array
(
    [controller] => payable
    [action] => update
    [module] => api
    [management_group_id] => 2
    [relational_id] => 5000
    [relational_display_id] => PS2100003
    [payment_status] => 0
    [accrual_date] => 2021-06-08
    [account_title_id] => 112
    [account_totaling_group_id] => 0
    [total_amount] => 5000
    [tax] => 500
    [total_amount_with_tax] => 5500
    [item_id] => 
    [paying_plan_date] => 2021-06-18
    [paying_bank_id] => 8
    [memo] => 
)

2021-06-08T21:44:03+09:00 (NOTICE): Invalid controller specified (wp-login.php) %info%
2021-06-08T21:44:03+09:00 (NOTICE): Request Parameters Array
(
    [controller] => wp-login.php
    [module] => front
    [action] => index
)

2021-06-08T21:44:05+09:00 (NOTICE): Invalid controller specified (wordpress) %info%
2021-06-08T21:44:05+09:00 (NOTICE): Request Parameters Array
(
    [controller] => wordpress
    [action] => wp-login.php
    [module] => front
)

2021-06-08T21:44:07+09:00 (NOTICE): Invalid controller specified (blog) %info%
2021-06-08T21:44:07+09:00 (NOTICE): Request Parameters Array
(
    [controller] => blog
    [action] => wp-login.php
    [module] => front
)

2021-06-08T21:44:08+09:00 (NOTICE): Invalid controller specified (wp) %info%
2021-06-08T21:44:08+09:00 (NOTICE): Request Parameters Array
(
    [controller] => wp
    [action] => wp-login.php
    [module] => front
)

