2021-06-20T02:02:56+09:00 (NOTICE): Invalid controller specified (wp-login.php) %info%
2021-06-20T02:02:56+09:00 (NOTICE): Request Parameters Array
(
    [controller] => wp-login.php
    [module] => front
    [action] => index
)

2021-06-20T02:02:57+09:00 (NOTICE): Invalid controller specified (wordpress) %info%
2021-06-20T02:02:57+09:00 (NOTICE): Request Parameters Array
(
    [controller] => wordpress
    [action] => wp-login.php
    [module] => front
)

2021-06-20T02:02:58+09:00 (NOTICE): Invalid controller specified (blog) %info%
2021-06-20T02:02:58+09:00 (NOTICE): Request Parameters Array
(
    [controller] => blog
    [action] => wp-login.php
    [module] => front
)

2021-06-20T02:02:59+09:00 (NOTICE): Invalid controller specified (wp) %info%
2021-06-20T02:02:59+09:00 (NOTICE): Request Parameters Array
(
    [controller] => wp
    [action] => wp-login.php
    [module] => front
)

2021-06-20T09:58:20+09:00 (NOTICE): Invalid controller specified (.env) %info%
2021-06-20T09:58:20+09:00 (NOTICE): Request Parameters Array
(
    [controller] => .env
    [module] => front
    [action] => index
)

2021-06-20T19:22:33+09:00 (NOTICE): Invalid controller specified (wp-login.php) %info%
2021-06-20T19:22:33+09:00 (NOTICE): Request Parameters Array
(
    [controller] => wp-login.php
    [module] => front
    [action] => index
)

2021-06-20T19:22:42+09:00 (NOTICE): Invalid controller specified (wordpress) %info%
2021-06-20T19:22:42+09:00 (NOTICE): Request Parameters Array
(
    [controller] => wordpress
    [action] => wp-login.php
    [module] => front
)

2021-06-20T19:22:47+09:00 (NOTICE): Invalid controller specified (blog) %info%
2021-06-20T19:22:47+09:00 (NOTICE): Request Parameters Array
(
    [controller] => blog
    [action] => wp-login.php
    [module] => front
)

2021-06-20T19:22:54+09:00 (NOTICE): Invalid controller specified (wp) %info%
2021-06-20T19:22:54+09:00 (NOTICE): Request Parameters Array
(
    [controller] => wp
    [action] => wp-login.php
    [module] => front
)

