2021-06-25T12:08:49+09:00 (NOTICE): Action "gmoTransfer" does not exist and was not trapped in __call() %info%
2021-06-25T12:08:49+09:00 (NOTICE): Request Parameters Array
(
    [controller] => transaction-paid
    [action] => gmo-transfer
    [module] => front
)

2021-06-25T13:27:30+09:00 (NOTICE): Action "gmoTransfer" does not exist and was not trapped in __call() %info%
2021-06-25T13:27:30+09:00 (NOTICE): Request Parameters Array
(
    [controller] => transaction-paid
    [action] => gmo-transfer
    [module] => front
)

2021-06-25T13:27:54+09:00 (NOTICE): Action "gmoTransfer" does not exist and was not trapped in __call() %info%
2021-06-25T13:27:54+09:00 (NOTICE): Request Parameters Array
(
    [controller] => transaction-paid
    [action] => gmo-transfer
    [module] => front
)

2021-06-25T13:27:56+09:00 (CRIT): SQLSTATE[HY093]: Invalid parameter number: no parameters were bound #0 /var/www/fass-dev.fresco-co.net/Web/library/Zend/Db/Statement.php(305): Zend_Db_Statement_Pdo->_execute(Array)
#1 /var/www/fass-dev.fresco-co.net/Web/library/Zend/Db/Adapter/Abstract.php(479): Zend_Db_Statement->execute(Array)
#2 /var/www/fass-dev.fresco-co.net/Web/library/Zend/Db/Adapter/Pdo/Abstract.php(238): Zend_Db_Adapter_Abstract->query(Object(Nutex_Data_Db_Select), Array)
#3 /var/www/fass-dev.fresco-co.net/Web/library/Nutex/Data/Db/Select.php(18): Zend_Db_Adapter_Pdo_Abstract->query(Object(Nutex_Data_Db_Select))
#4 /var/www/fass-dev.fresco-co.net/Web/library/Zend/Paginator/Adapter/DbSelect.php(123): Nutex_Data_Db_Select->query(2)
#5 /var/www/fass-dev.fresco-co.net/Web/library/Zend/Paginator/Adapter/DbSelect.php(164): Zend_Paginator_Adapter_DbSelect->setRowCount(Object(Nutex_Data_Db_Select))
#6 /var/www/fass-dev.fresco-co.net/Web/library/Zend/Paginator.php(1060): Zend_Paginator_Adapter_DbSelect->count()
#7 /var/www/fass-dev.fresco-co.net/Web/library/Zend/Paginator.php(520): Zend_Paginator->_calculatePageCount()
#8 /var/www/fass-dev.fresco-co.net/Web/library/Zend/Paginator.php(966): Zend_Paginator->count()
#9 /var/www/fass-dev.fresco-co.net/Web/library/Zend/Paginator.php(626): Zend_Paginator->normalizePageNumber(0)
#10 /var/www/fass-dev.fresco-co.net/Web/library/Zend/Paginator.php(613): Zend_Paginator->getCurrentPageNumber()
#11 /var/www/fass-dev.fresco-co.net/Web/application/modules/front/controllers/TransactionPaidController.php(667): Zend_Paginator->getCurrentItems()
#12 /var/www/fass-dev.fresco-co.net/Web/library/Zend/Controller/Action.php(516): TransactionPaidController->gmoTransferListAction()
#13 /var/www/fass-dev.fresco-co.net/Web/library/Zend/Controller/Dispatcher/Standard.php(295): Zend_Controller_Action->dispatch('gmoTransferList...')
#14 /var/www/fass-dev.fresco-co.net/Web/library/Zend/Controller/Front.php(954): Zend_Controller_Dispatcher_Standard->dispatch(Object(Nutex_Request), Object(Nutex_Response))
#15 /var/www/fass-dev.fresco-co.net/Web/library/Zend/Application/Bootstrap/Bootstrap.php(97): Zend_Controller_Front->dispatch()
#16 /var/www/fass-dev.fresco-co.net/Web/library/Zend/Application.php(366): Zend_Application_Bootstrap_Bootstrap->run()
#17 /var/www/fass-dev.fresco-co.net/Web/public/index.php(22): Zend_Application->run()
#18 {main}
2021-06-25T13:27:56+09:00 (CRIT): Request Parameters Array
(
    [controller] => transaction-paid
    [action] => gmo-transfer-list
    [module] => front
)

2021-06-25T13:29:18+09:00 (CRIT): SQLSTATE[HY093]: Invalid parameter number: no parameters were bound #0 /var/www/fass-dev.fresco-co.net/Web/library/Zend/Db/Statement.php(305): Zend_Db_Statement_Pdo->_execute(Array)
#1 /var/www/fass-dev.fresco-co.net/Web/library/Zend/Db/Adapter/Abstract.php(479): Zend_Db_Statement->execute(Array)
#2 /var/www/fass-dev.fresco-co.net/Web/library/Zend/Db/Adapter/Pdo/Abstract.php(238): Zend_Db_Adapter_Abstract->query(Object(Nutex_Data_Db_Select), Array)
#3 /var/www/fass-dev.fresco-co.net/Web/library/Nutex/Data/Db/Select.php(18): Zend_Db_Adapter_Pdo_Abstract->query(Object(Nutex_Data_Db_Select))
#4 /var/www/fass-dev.fresco-co.net/Web/library/Zend/Paginator/Adapter/DbSelect.php(123): Nutex_Data_Db_Select->query(2)
#5 /var/www/fass-dev.fresco-co.net/Web/library/Zend/Paginator/Adapter/DbSelect.php(164): Zend_Paginator_Adapter_DbSelect->setRowCount(Object(Nutex_Data_Db_Select))
#6 /var/www/fass-dev.fresco-co.net/Web/library/Zend/Paginator.php(1060): Zend_Paginator_Adapter_DbSelect->count()
#7 /var/www/fass-dev.fresco-co.net/Web/library/Zend/Paginator.php(520): Zend_Paginator->_calculatePageCount()
#8 /var/www/fass-dev.fresco-co.net/Web/library/Zend/Paginator.php(966): Zend_Paginator->count()
#9 /var/www/fass-dev.fresco-co.net/Web/library/Zend/Paginator.php(626): Zend_Paginator->normalizePageNumber(1)
#10 /var/www/fass-dev.fresco-co.net/Web/library/Zend/Paginator.php(613): Zend_Paginator->getCurrentPageNumber()
#11 /var/www/fass-dev.fresco-co.net/Web/application/modules/front/controllers/TransactionPaidController.php(667): Zend_Paginator->getCurrentItems()
#12 /var/www/fass-dev.fresco-co.net/Web/library/Zend/Controller/Action.php(516): TransactionPaidController->gmoTransferListAction()
#13 /var/www/fass-dev.fresco-co.net/Web/library/Zend/Controller/Dispatcher/Standard.php(295): Zend_Controller_Action->dispatch('gmoTransferList...')
#14 /var/www/fass-dev.fresco-co.net/Web/library/Zend/Controller/Front.php(954): Zend_Controller_Dispatcher_Standard->dispatch(Object(Nutex_Request), Object(Nutex_Response))
#15 /var/www/fass-dev.fresco-co.net/Web/library/Zend/Application/Bootstrap/Bootstrap.php(97): Zend_Controller_Front->dispatch()
#16 /var/www/fass-dev.fresco-co.net/Web/library/Zend/Application.php(366): Zend_Application_Bootstrap_Bootstrap->run()
#17 /var/www/fass-dev.fresco-co.net/Web/public/index.php(22): Zend_Application->run()
#18 {main}
2021-06-25T13:29:18+09:00 (CRIT): Request Parameters Array
(
    [controller] => transaction-paid
    [action] => gmo-transfer-list
    [module] => front
)

2021-06-25T13:30:58+09:00 (NOTICE): Invalid controller specified (favicon.ico) %info%
2021-06-25T13:30:58+09:00 (NOTICE): Request Parameters Array
(
    [controller] => favicon.ico
    [module] => front
    [action] => index
)

2021-06-25T17:11:02+09:00 (CRIT): script 'oauth/transfer-result.phtml' not found in path (/var/www/fass-dev.fresco-co.net/Web/application/modules/front/views/default/scripts/:/var/www/fass-dev.fresco-co.net/Web/application/modules/front/views/scripts/) #0 /var/www/fass-dev.fresco-co.net/Web/library/Zend/View/Abstract.php(884): Zend_View_Abstract->_script('oauth/transfer-...')
#1 /var/www/fass-dev.fresco-co.net/Web/library/Zend/Controller/Action/Helper/ViewRenderer.php(900): Zend_View_Abstract->render('oauth/transfer-...')
#2 /var/www/fass-dev.fresco-co.net/Web/library/Zend/Controller/Action/Helper/ViewRenderer.php(921): Zend_Controller_Action_Helper_ViewRenderer->renderScript('oauth/transfer-...', NULL)
#3 /var/www/fass-dev.fresco-co.net/Web/library/Zend/Controller/Action/Helper/ViewRenderer.php(960): Zend_Controller_Action_Helper_ViewRenderer->render()
#4 /var/www/fass-dev.fresco-co.net/Web/library/Zend/Controller/Action/HelperBroker.php(277): Zend_Controller_Action_Helper_ViewRenderer->postDispatch()
#5 /var/www/fass-dev.fresco-co.net/Web/library/Zend/Controller/Action.php(527): Zend_Controller_Action_HelperBroker->notifyPostDispatch()
#6 /var/www/fass-dev.fresco-co.net/Web/library/Zend/Controller/Dispatcher/Standard.php(295): Zend_Controller_Action->dispatch('transferResultA...')
#7 /var/www/fass-dev.fresco-co.net/Web/library/Zend/Controller/Front.php(954): Zend_Controller_Dispatcher_Standard->dispatch(Object(Nutex_Request), Object(Nutex_Response))
#8 /var/www/fass-dev.fresco-co.net/Web/library/Zend/Application/Bootstrap/Bootstrap.php(97): Zend_Controller_Front->dispatch()
#9 /var/www/fass-dev.fresco-co.net/Web/library/Zend/Application.php(366): Zend_Application_Bootstrap_Bootstrap->run()
#10 /var/www/fass-dev.fresco-co.net/Web/public/index.php(22): Zend_Application->run()
#11 {main}
2021-06-25T17:11:02+09:00 (CRIT): Request Parameters Array
(
    [controller] => oauth
    [action] => transfer-result
    [module] => front
)

2021-06-25T17:14:51+09:00 (CRIT): script 'oauth/transfer-status.phtml' not found in path (/var/www/fass-dev.fresco-co.net/Web/application/modules/front/views/default/scripts/:/var/www/fass-dev.fresco-co.net/Web/application/modules/front/views/scripts/) #0 /var/www/fass-dev.fresco-co.net/Web/library/Zend/View/Abstract.php(884): Zend_View_Abstract->_script('oauth/transfer-...')
#1 /var/www/fass-dev.fresco-co.net/Web/library/Zend/Controller/Action/Helper/ViewRenderer.php(900): Zend_View_Abstract->render('oauth/transfer-...')
#2 /var/www/fass-dev.fresco-co.net/Web/library/Zend/Controller/Action/Helper/ViewRenderer.php(921): Zend_Controller_Action_Helper_ViewRenderer->renderScript('oauth/transfer-...', NULL)
#3 /var/www/fass-dev.fresco-co.net/Web/library/Zend/Controller/Action/Helper/ViewRenderer.php(960): Zend_Controller_Action_Helper_ViewRenderer->render()
#4 /var/www/fass-dev.fresco-co.net/Web/library/Zend/Controller/Action/HelperBroker.php(277): Zend_Controller_Action_Helper_ViewRenderer->postDispatch()
#5 /var/www/fass-dev.fresco-co.net/Web/library/Zend/Controller/Action.php(527): Zend_Controller_Action_HelperBroker->notifyPostDispatch()
#6 /var/www/fass-dev.fresco-co.net/Web/library/Zend/Controller/Dispatcher/Standard.php(295): Zend_Controller_Action->dispatch('transferStatusA...')
#7 /var/www/fass-dev.fresco-co.net/Web/library/Zend/Controller/Front.php(954): Zend_Controller_Dispatcher_Standard->dispatch(Object(Nutex_Request), Object(Nutex_Response))
#8 /var/www/fass-dev.fresco-co.net/Web/library/Zend/Application/Bootstrap/Bootstrap.php(97): Zend_Controller_Front->dispatch()
#9 /var/www/fass-dev.fresco-co.net/Web/library/Zend/Application.php(366): Zend_Application_Bootstrap_Bootstrap->run()
#10 /var/www/fass-dev.fresco-co.net/Web/public/index.php(22): Zend_Application->run()
#11 {main}
2021-06-25T17:14:51+09:00 (CRIT): Request Parameters Array
(
    [controller] => oauth
    [action] => transfer-status
    [module] => front
)

2021-06-25T17:15:17+09:00 (CRIT): script 'oauth/transfer-status.phtml' not found in path (/var/www/fass-dev.fresco-co.net/Web/application/modules/front/views/default/scripts/:/var/www/fass-dev.fresco-co.net/Web/application/modules/front/views/scripts/) #0 /var/www/fass-dev.fresco-co.net/Web/library/Zend/View/Abstract.php(884): Zend_View_Abstract->_script('oauth/transfer-...')
#1 /var/www/fass-dev.fresco-co.net/Web/library/Zend/Controller/Action/Helper/ViewRenderer.php(900): Zend_View_Abstract->render('oauth/transfer-...')
#2 /var/www/fass-dev.fresco-co.net/Web/library/Zend/Controller/Action/Helper/ViewRenderer.php(921): Zend_Controller_Action_Helper_ViewRenderer->renderScript('oauth/transfer-...', NULL)
#3 /var/www/fass-dev.fresco-co.net/Web/library/Zend/Controller/Action/Helper/ViewRenderer.php(960): Zend_Controller_Action_Helper_ViewRenderer->render()
#4 /var/www/fass-dev.fresco-co.net/Web/library/Zend/Controller/Action/HelperBroker.php(277): Zend_Controller_Action_Helper_ViewRenderer->postDispatch()
#5 /var/www/fass-dev.fresco-co.net/Web/library/Zend/Controller/Action.php(527): Zend_Controller_Action_HelperBroker->notifyPostDispatch()
#6 /var/www/fass-dev.fresco-co.net/Web/library/Zend/Controller/Dispatcher/Standard.php(295): Zend_Controller_Action->dispatch('transferStatusA...')
#7 /var/www/fass-dev.fresco-co.net/Web/library/Zend/Controller/Front.php(954): Zend_Controller_Dispatcher_Standard->dispatch(Object(Nutex_Request), Object(Nutex_Response))
#8 /var/www/fass-dev.fresco-co.net/Web/library/Zend/Application/Bootstrap/Bootstrap.php(97): Zend_Controller_Front->dispatch()
#9 /var/www/fass-dev.fresco-co.net/Web/library/Zend/Application.php(366): Zend_Application_Bootstrap_Bootstrap->run()
#10 /var/www/fass-dev.fresco-co.net/Web/public/index.php(22): Zend_Application->run()
#11 {main}
2021-06-25T17:15:17+09:00 (CRIT): Request Parameters Array
(
    [controller] => oauth
    [action] => transfer-status
    [module] => front
)

2021-06-25T17:15:37+09:00 (CRIT): script 'oauth/transfer-status.phtml' not found in path (/var/www/fass-dev.fresco-co.net/Web/application/modules/front/views/default/scripts/:/var/www/fass-dev.fresco-co.net/Web/application/modules/front/views/scripts/) #0 /var/www/fass-dev.fresco-co.net/Web/library/Zend/View/Abstract.php(884): Zend_View_Abstract->_script('oauth/transfer-...')
#1 /var/www/fass-dev.fresco-co.net/Web/library/Zend/Controller/Action/Helper/ViewRenderer.php(900): Zend_View_Abstract->render('oauth/transfer-...')
#2 /var/www/fass-dev.fresco-co.net/Web/library/Zend/Controller/Action/Helper/ViewRenderer.php(921): Zend_Controller_Action_Helper_ViewRenderer->renderScript('oauth/transfer-...', NULL)
#3 /var/www/fass-dev.fresco-co.net/Web/library/Zend/Controller/Action/Helper/ViewRenderer.php(960): Zend_Controller_Action_Helper_ViewRenderer->render()
#4 /var/www/fass-dev.fresco-co.net/Web/library/Zend/Controller/Action/HelperBroker.php(277): Zend_Controller_Action_Helper_ViewRenderer->postDispatch()
#5 /var/www/fass-dev.fresco-co.net/Web/library/Zend/Controller/Action.php(527): Zend_Controller_Action_HelperBroker->notifyPostDispatch()
#6 /var/www/fass-dev.fresco-co.net/Web/library/Zend/Controller/Dispatcher/Standard.php(295): Zend_Controller_Action->dispatch('transferStatusA...')
#7 /var/www/fass-dev.fresco-co.net/Web/library/Zend/Controller/Front.php(954): Zend_Controller_Dispatcher_Standard->dispatch(Object(Nutex_Request), Object(Nutex_Response))
#8 /var/www/fass-dev.fresco-co.net/Web/library/Zend/Application/Bootstrap/Bootstrap.php(97): Zend_Controller_Front->dispatch()
#9 /var/www/fass-dev.fresco-co.net/Web/library/Zend/Application.php(366): Zend_Application_Bootstrap_Bootstrap->run()
#10 /var/www/fass-dev.fresco-co.net/Web/public/index.php(22): Zend_Application->run()
#11 {main}
2021-06-25T17:15:37+09:00 (CRIT): Request Parameters Array
(
    [controller] => oauth
    [action] => transfer-status
    [module] => front
)

2021-06-25T19:42:41+09:00 (CRIT): Exception when calling AccountApi->accountsUsingGET: Missing the required parameter $x_access_token when calling accountsUsingGET #0 /var/www/fass-dev.fresco-co.net/Web/library/Zend/Controller/Action.php(516): OauthController->accountAction()
#1 /var/www/fass-dev.fresco-co.net/Web/library/Zend/Controller/Dispatcher/Standard.php(295): Zend_Controller_Action->dispatch('accountAction')
#2 /var/www/fass-dev.fresco-co.net/Web/library/Zend/Controller/Front.php(954): Zend_Controller_Dispatcher_Standard->dispatch(Object(Nutex_Request), Object(Nutex_Response))
#3 /var/www/fass-dev.fresco-co.net/Web/library/Zend/Application/Bootstrap/Bootstrap.php(97): Zend_Controller_Front->dispatch()
#4 /var/www/fass-dev.fresco-co.net/Web/library/Zend/Application.php(366): Zend_Application_Bootstrap_Bootstrap->run()
#5 /var/www/fass-dev.fresco-co.net/Web/public/index.php(22): Zend_Application->run()
#6 {main}
2021-06-25T19:42:41+09:00 (CRIT): Request Parameters Array
(
    [controller] => oauth
    [action] => account
    [module] => front
)

2021-06-25T21:09:52+09:00 (CRIT): Exception when calling AccountApi->accountsUsingGET: [401] Client error: `GET https://stg-api.gmo-aozora.com/ganb/api/corporation/v1/accounts` resulted in a `401 Unauthorized` response:
{ "errorCode": "WG_ERR_105", "errorMessage": "Authorization Error:The access token provided is expired, revoked, malform (truncated...)
 #0 /var/www/fass-dev.fresco-co.net/Web/library/Zend/Controller/Action.php(516): OauthController->accountAction()
#1 /var/www/fass-dev.fresco-co.net/Web/library/Zend/Controller/Dispatcher/Standard.php(295): Zend_Controller_Action->dispatch('accountAction')
#2 /var/www/fass-dev.fresco-co.net/Web/library/Zend/Controller/Front.php(954): Zend_Controller_Dispatcher_Standard->dispatch(Object(Nutex_Request), Object(Nutex_Response))
#3 /var/www/fass-dev.fresco-co.net/Web/library/Zend/Application/Bootstrap/Bootstrap.php(97): Zend_Controller_Front->dispatch()
#4 /var/www/fass-dev.fresco-co.net/Web/library/Zend/Application.php(366): Zend_Application_Bootstrap_Bootstrap->run()
#5 /var/www/fass-dev.fresco-co.net/Web/public/index.php(22): Zend_Application->run()
#6 {main}
2021-06-25T21:09:52+09:00 (CRIT): Request Parameters Array
(
    [controller] => oauth
    [action] => account
    [module] => front
)

