2021-06-05T15:48:10+09:00 (NOTICE): Invalid controller specified (favicon.ico) %info%
2021-06-05T15:48:10+09:00 (NOTICE): Request Parameters Array
(
    [controller] => favicon.ico
    [module] => front
    [action] => index
)

2021-06-05T16:07:16+09:00 (NOTICE): Action "c" does not exist and was not trapped in __call() %info%
2021-06-05T16:07:16+09:00 (NOTICE): Request Parameters Array
(
    [controller] => oauth
    [action] => c
    [module] => front
)

2021-06-05T16:55:17+09:00 (NOTICE): Action "c" does not exist and was not trapped in __call() %info%
2021-06-05T16:55:17+09:00 (NOTICE): Request Parameters Array
(
    [controller] => oauth
    [action] => c
    [module] => front
)

2021-06-05T17:00:06+09:00 (NOTICE): Action "c" does not exist and was not trapped in __call() %info%
2021-06-05T17:00:06+09:00 (NOTICE): Request Parameters Array
(
    [controller] => oauth
    [action] => c
    [module] => front
)

2021-06-05T17:17:47+09:00 (CRIT): script 'oauth/callback.phtml' not found in path (/var/www/fass-dev.fresco-co.net/Web/application/modules/front/views/default/scripts/:/var/www/fass-dev.fresco-co.net/Web/application/modules/front/views/scripts/) #0 /var/www/fass-dev.fresco-co.net/Web/library/Zend/View/Abstract.php(884): Zend_View_Abstract->_script('oauth/callback....')
#1 /var/www/fass-dev.fresco-co.net/Web/library/Zend/Controller/Action/Helper/ViewRenderer.php(900): Zend_View_Abstract->render('oauth/callback....')
#2 /var/www/fass-dev.fresco-co.net/Web/library/Zend/Controller/Action/Helper/ViewRenderer.php(921): Zend_Controller_Action_Helper_ViewRenderer->renderScript('oauth/callback....', NULL)
#3 /var/www/fass-dev.fresco-co.net/Web/library/Zend/Controller/Action/Helper/ViewRenderer.php(960): Zend_Controller_Action_Helper_ViewRenderer->render()
#4 /var/www/fass-dev.fresco-co.net/Web/library/Zend/Controller/Action/HelperBroker.php(277): Zend_Controller_Action_Helper_ViewRenderer->postDispatch()
#5 /var/www/fass-dev.fresco-co.net/Web/library/Zend/Controller/Action.php(527): Zend_Controller_Action_HelperBroker->notifyPostDispatch()
#6 /var/www/fass-dev.fresco-co.net/Web/library/Zend/Controller/Dispatcher/Standard.php(295): Zend_Controller_Action->dispatch('callbackAction')
#7 /var/www/fass-dev.fresco-co.net/Web/library/Zend/Controller/Front.php(954): Zend_Controller_Dispatcher_Standard->dispatch(Object(Nutex_Request), Object(Nutex_Response))
#8 /var/www/fass-dev.fresco-co.net/Web/library/Zend/Application/Bootstrap/Bootstrap.php(97): Zend_Controller_Front->dispatch()
#9 /var/www/fass-dev.fresco-co.net/Web/library/Zend/Application.php(366): Zend_Application_Bootstrap_Bootstrap->run()
#10 /var/www/fass-dev.fresco-co.net/Web/public/index.php(22): Zend_Application->run()
#11 {main}
2021-06-05T17:17:47+09:00 (CRIT): Request Parameters Array
(
    [controller] => oauth
    [action] => callback
    [module] => front
    [code] => r0avVekOH9aBMpNfJhrQm2CQmffNXz7h
    [state] => 24ab15dcd7fe1842075d88fd609c1ffcfff1a94945076af9b7afe5519b778354
)

2021-06-05T20:28:27+09:00 (NOTICE): Invalid controller specified (wp-login.php) %info%
2021-06-05T20:28:27+09:00 (NOTICE): Request Parameters Array
(
    [controller] => wp-login.php
    [module] => front
    [action] => index
)

