2021-10-02T19:24:13+09:00 (INFO): ---------------------------------- start process ----------------------------------
2021-10-02T19:24:13+09:00 (INFO): [----- process informations -----]
2021-10-02T19:24:13+09:00 (INFO): APPLICATION_PATH => /var/www/fass-dev.fresco-co.net/Web/application
2021-10-02T19:24:13+09:00 (INFO): APPLICATION_ENV => development
2021-10-02T19:24:13+09:00 (INFO): [-------------------------------]
2021-10-02T19:28:39+09:00 (INFO): ---------------------------------- start process ----------------------------------
2021-10-02T19:28:39+09:00 (INFO): [----- process informations -----]
2021-10-02T19:28:39+09:00 (INFO): APPLICATION_PATH => /var/www/fass-dev.fresco-co.net/Web/application
2021-10-02T19:28:39+09:00 (INFO): APPLICATION_ENV => development
2021-10-02T19:28:39+09:00 (INFO): [-------------------------------]
2021-10-02T19:28:40+09:00 (INFO): total time: 0.92060494422913 sec
2021-10-02T19:28:40+09:00 (INFO): ----------------------------------  end process  ----------------------------------
2021-10-02T19:36:35+09:00 (INFO): ---------------------------------- start process ----------------------------------
2021-10-02T19:36:35+09:00 (INFO): [----- process informations -----]
2021-10-02T19:36:35+09:00 (INFO): APPLICATION_PATH => /var/www/fass-dev.fresco-co.net/Web/application
2021-10-02T19:36:35+09:00 (INFO): APPLICATION_ENV => development
2021-10-02T19:36:35+09:00 (INFO): [-------------------------------]
2021-10-02T19:36:36+09:00 (INFO): total time: 0.7671229839325 sec
2021-10-02T19:36:36+09:00 (INFO): ----------------------------------  end process  ----------------------------------
2021-10-02T19:40:44+09:00 (INFO): ---------------------------------- start process ----------------------------------
2021-10-02T19:40:44+09:00 (INFO): [----- process informations -----]
2021-10-02T19:40:44+09:00 (INFO): APPLICATION_PATH => /var/www/fass-dev.fresco-co.net/Web/application
2021-10-02T19:40:44+09:00 (INFO): APPLICATION_ENV => development
2021-10-02T19:40:44+09:00 (INFO): [-------------------------------]
2021-10-02T19:42:12+09:00 (INFO): ---------------------------------- start process ----------------------------------
2021-10-02T19:42:12+09:00 (INFO): [----- process informations -----]
2021-10-02T19:42:12+09:00 (INFO): APPLICATION_PATH => /var/www/fass-dev.fresco-co.net/Web/application
2021-10-02T19:42:12+09:00 (INFO): APPLICATION_ENV => development
2021-10-02T19:42:12+09:00 (INFO): [-------------------------------]
2021-10-02T19:43:47+09:00 (INFO): ---------------------------------- start process ----------------------------------
2021-10-02T19:43:47+09:00 (INFO): [----- process informations -----]
2021-10-02T19:43:47+09:00 (INFO): APPLICATION_PATH => /var/www/fass-dev.fresco-co.net/Web/application
2021-10-02T19:43:47+09:00 (INFO): APPLICATION_ENV => development
2021-10-02T19:43:47+09:00 (INFO): [-------------------------------]
2021-10-02T19:43:48+09:00 (INFO): total time: 0.80852103233337 sec
2021-10-02T19:43:48+09:00 (INFO): ----------------------------------  end process  ----------------------------------
2021-10-02T19:44:26+09:00 (INFO): ---------------------------------- start process ----------------------------------
2021-10-02T19:44:26+09:00 (INFO): [----- process informations -----]
2021-10-02T19:44:26+09:00 (INFO): APPLICATION_PATH => /var/www/fass-dev.fresco-co.net/Web/application
2021-10-02T19:44:26+09:00 (INFO): APPLICATION_ENV => development
2021-10-02T19:44:26+09:00 (INFO): [-------------------------------]
2021-10-02T19:46:22+09:00 (INFO): ---------------------------------- start process ----------------------------------
2021-10-02T19:46:22+09:00 (INFO): [----- process informations -----]
2021-10-02T19:46:22+09:00 (INFO): APPLICATION_PATH => /var/www/fass-dev.fresco-co.net/Web/application
2021-10-02T19:46:22+09:00 (INFO): APPLICATION_ENV => development
2021-10-02T19:46:22+09:00 (INFO): [-------------------------------]
2021-10-02T19:46:23+09:00 (INFO): total time: 1.2743349075317 sec
2021-10-02T19:46:23+09:00 (INFO): ----------------------------------  end process  ----------------------------------
