2021-09-30T02:30:56+09:00 (NOTICE): Invalid controller specified (web) %info%
2021-09-30T02:30:56+09:00 (NOTICE): Request Parameters Array
(
    [controller] => web
    [action] => wp-login.php
    [module] => front
)

2021-09-30T03:00:31+09:00 (NOTICE): Invalid controller specified (blog) %info%
2021-09-30T03:00:31+09:00 (NOTICE): Request Parameters Array
(
    [controller] => blog
    [action] => wp-login.php
    [module] => front
)

2021-09-30T04:31:12+09:00 (NOTICE): Invalid controller specified (home) %info%
2021-09-30T04:31:12+09:00 (NOTICE): Request Parameters Array
(
    [controller] => home
    [action] => wp-login.php
    [module] => front
)

2021-09-30T05:27:51+09:00 (NOTICE): Invalid controller specified (cms) %info%
2021-09-30T05:27:51+09:00 (NOTICE): Request Parameters Array
(
    [controller] => cms
    [action] => wp-login.php
    [module] => front
)

2021-09-30T05:47:13+09:00 (NOTICE): Invalid controller specified (home) %info%
2021-09-30T05:47:13+09:00 (NOTICE): Request Parameters Array
(
    [controller] => home
    [action] => wp-login.php
    [module] => front
)

2021-09-30T06:05:46+09:00 (NOTICE): Invalid controller specified (wp) %info%
2021-09-30T06:05:46+09:00 (NOTICE): Request Parameters Array
(
    [controller] => wp
    [action] => wp-login.php
    [module] => front
)

2021-09-30T06:35:55+09:00 (NOTICE): Invalid controller specified (news) %info%
2021-09-30T06:35:55+09:00 (NOTICE): Request Parameters Array
(
    [controller] => news
    [action] => wp-login.php
    [module] => front
)

2021-09-30T06:46:15+09:00 (NOTICE): Invalid controller specified (news) %info%
2021-09-30T06:46:15+09:00 (NOTICE): Request Parameters Array
(
    [controller] => news
    [action] => wp-login.php
    [module] => front
)

2021-09-30T08:09:18+09:00 (NOTICE): Invalid controller specified (web) %info%
2021-09-30T08:09:18+09:00 (NOTICE): Request Parameters Array
(
    [controller] => web
    [action] => wp-login.php
    [module] => front
)

2021-09-30T08:15:31+09:00 (NOTICE): Invalid controller specified (wp) %info%
2021-09-30T08:15:31+09:00 (NOTICE): Request Parameters Array
(
    [controller] => wp
    [action] => wp-login.php
    [module] => front
)

2021-09-30T08:21:21+09:00 (NOTICE): Invalid controller specified (wordpress) %info%
2021-09-30T08:21:21+09:00 (NOTICE): Request Parameters Array
(
    [controller] => wordpress
    [action] => wp-login.php
    [module] => front
)

2021-09-30T08:22:40+09:00 (NOTICE): Invalid controller specified (wp-login.php) %info%
2021-09-30T08:22:40+09:00 (NOTICE): Request Parameters Array
(
    [controller] => wp-login.php
    [module] => front
    [action] => index
)

2021-09-30T08:53:37+09:00 (NOTICE): Invalid controller specified (site) %info%
2021-09-30T08:53:37+09:00 (NOTICE): Request Parameters Array
(
    [controller] => site
    [action] => wp-login.php
    [module] => front
)

2021-09-30T09:20:02+09:00 (NOTICE): Invalid controller specified (wp-login.php) %info%
2021-09-30T09:20:02+09:00 (NOTICE): Request Parameters Array
(
    [controller] => wp-login.php
    [module] => front
    [action] => index
)

2021-09-30T09:23:38+09:00 (NOTICE): Invalid controller specified (test) %info%
2021-09-30T09:23:38+09:00 (NOTICE): Request Parameters Array
(
    [controller] => test
    [action] => wp-login.php
    [module] => front
)

2021-09-30T09:59:35+09:00 (NOTICE): Invalid controller specified (wp-login.php) %info%
2021-09-30T09:59:35+09:00 (NOTICE): Request Parameters Array
(
    [controller] => wp-login.php
    [module] => front
    [action] => index
)

2021-09-30T10:31:10+09:00 (NOTICE): Invalid controller specified (en) %info%
2021-09-30T10:31:10+09:00 (NOTICE): Request Parameters Array
(
    [controller] => en
    [action] => wp-login.php
    [module] => front
)

2021-09-30T10:40:48+09:00 (NOTICE): Invalid controller specified (new) %info%
2021-09-30T10:40:48+09:00 (NOTICE): Request Parameters Array
(
    [controller] => new
    [action] => wp-login.php
    [module] => front
)

2021-09-30T10:44:57+09:00 (NOTICE): Invalid controller specified (wp-login.php) %info%
2021-09-30T10:44:57+09:00 (NOTICE): Request Parameters Array
(
    [controller] => wp-login.php
    [module] => front
    [action] => index
)

2021-09-30T14:04:41+09:00 (NOTICE): Invalid controller specified (en) %info%
2021-09-30T14:04:41+09:00 (NOTICE): Request Parameters Array
(
    [controller] => en
    [action] => wp-login.php
    [module] => front
)

2021-09-30T14:45:31+09:00 (NOTICE): Invalid controller specified (wordpress) %info%
2021-09-30T14:45:31+09:00 (NOTICE): Request Parameters Array
(
    [controller] => wordpress
    [action] => wp-login.php
    [module] => front
)

2021-09-30T14:53:02+09:00 (NOTICE): Invalid controller specified (new) %info%
2021-09-30T14:53:02+09:00 (NOTICE): Request Parameters Array
(
    [controller] => new
    [action] => wp-login.php
    [module] => front
)

2021-09-30T15:15:22+09:00 (NOTICE): Invalid controller specified (blog) %info%
2021-09-30T15:15:22+09:00 (NOTICE): Request Parameters Array
(
    [controller] => blog
    [action] => wp-login.php
    [module] => front
)

2021-09-30T15:26:21+09:00 (NOTICE): Invalid controller specified (cms) %info%
2021-09-30T15:26:21+09:00 (NOTICE): Request Parameters Array
(
    [controller] => cms
    [action] => wp-login.php
    [module] => front
)

