2021-07-16T17:11:44+09:00 (NOTICE): Invalid controller specified (robots.txt) %info%
2021-07-16T17:11:44+09:00 (NOTICE): Request Parameters Array
(
    [controller] => robots.txt
    [module] => front
    [action] => index
)

2021-07-16T18:33:38+09:00 (CRIT): Shared_Model_Gs_Shipment clientData is empty #0 /var/www/fass-dev.fresco-co.net/Web/application/modules/front/controllers/ShipmentController.php(2529): Shared_Model_Gs_Shipment::updateToShipped(Array, Array)
#1 /var/www/fass-dev.fresco-co.net/Web/library/Zend/Controller/Action.php(516): ShipmentController->shippedPostAction()
#2 /var/www/fass-dev.fresco-co.net/Web/library/Zend/Controller/Dispatcher/Standard.php(295): Zend_Controller_Action->dispatch('shippedPostActi...')
#3 /var/www/fass-dev.fresco-co.net/Web/library/Zend/Controller/Front.php(954): Zend_Controller_Dispatcher_Standard->dispatch(Object(Nutex_Request), Object(Nutex_Response))
#4 /var/www/fass-dev.fresco-co.net/Web/library/Zend/Application/Bootstrap/Bootstrap.php(97): Zend_Controller_Front->dispatch()
#5 /var/www/fass-dev.fresco-co.net/Web/library/Zend/Application.php(366): Zend_Application_Bootstrap_Bootstrap->run()
#6 /var/www/fass-dev.fresco-co.net/Web/public/index.php(22): Zend_Application->run()
#7 {main}
2021-07-16T18:33:38+09:00 (CRIT): Request Parameters Array
(
    [controller] => shipment
    [action] => shipped-post
    [module] => front
    [target_date] => 2021/07/16
    [action_time_day] => 2021/07/16
    [action_time_hour] => 18
    [action_time_min] => 33
)

2021-07-16T20:46:46+09:00 (NOTICE): Invalid controller specified (favicon.ico) %info%
2021-07-16T20:46:46+09:00 (NOTICE): Request Parameters Array
(
    [controller] => favicon.ico
    [module] => front
    [action] => index
)

2021-07-16T20:54:44+09:00 (CRIT): /api/shipment/finish transaction faied: exception 'Zend_Exception' with message 'Shared_Model_Data_Item - stock_count is not enough' in /var/www/fass-dev.fresco-co.net/Web/application/models/Data/WarehouseItem.php:261
Stack trace:
#0 /var/www/fass-dev.fresco-co.net/Web/application/modules/api/controllers/ShipmentController.php(522): Shared_Model_Data_WarehouseItem->subStock('1', '1', '41', 2)
#1 /var/www/fass-dev.fresco-co.net/Web/library/Zend/Controller/Action.php(516): Api_ShipmentController->finishAction()
#2 /var/www/fass-dev.fresco-co.net/Web/library/Zend/Controller/Dispatcher/Standard.php(295): Zend_Controller_Action->dispatch('finishAction')
#3 /var/www/fass-dev.fresco-co.net/Web/library/Zend/Controller/Front.php(954): Zend_Controller_Dispatcher_Standard->dispatch(Object(Nutex_Request), Object(Nutex_Response))
#4 /var/www/fass-dev.fresco-co.net/Web/library/Zend/Application/Bootstrap/Bootstrap.php(97): Zend_Controller_Front->dispatch()
#5 /var/www/fass-dev.fresco-co.net/Web/library/Zend/Application.php(366): Zend_Application_Bootstrap_Bootstrap->run()
#6 /var/www/fass-dev.fresco-co.net/Web/public/index.php(22): Zend_Application->run()
#7 {main} #0 /var/www/fass-dev.fresco-co.net/Web/library/Zend/Controller/Action.php(516): Api_ShipmentController->finishAction()
#1 /var/www/fass-dev.fresco-co.net/Web/library/Zend/Controller/Dispatcher/Standard.php(295): Zend_Controller_Action->dispatch('finishAction')
#2 /var/www/fass-dev.fresco-co.net/Web/library/Zend/Controller/Front.php(954): Zend_Controller_Dispatcher_Standard->dispatch(Object(Nutex_Request), Object(Nutex_Response))
#3 /var/www/fass-dev.fresco-co.net/Web/library/Zend/Application/Bootstrap/Bootstrap.php(97): Zend_Controller_Front->dispatch()
#4 /var/www/fass-dev.fresco-co.net/Web/library/Zend/Application.php(366): Zend_Application_Bootstrap_Bootstrap->run()
#5 /var/www/fass-dev.fresco-co.net/Web/public/index.php(22): Zend_Application->run()
#6 {main}
2021-07-16T20:54:44+09:00 (CRIT): Request Parameters Array
(
    [controller] => shipment
    [action] => finish
    [module] => api
    [including_items] => [
  {
    "amount" : 2,
    "item_name" : "PAW-RB1原料 A3チラシ",
    "0" : "",
    "item_type_name" : "同梱品",
    "shelf_no" : "",
    "item_type_color" : "009745",
    "item_id" : "41"
  },
  {
    "amount" : "1",
    "item_name" : "アトピックス稲潤力",
    "0" : "",
    "item_type_name" : "同梱品",
    "shelf_no" : "",
    "item_type_color" : "009745",
    "item_id" : "17"
  },
  {
    "amount" : "1",
    "item_name" : "水溶性説明書",
    "0" : "",
    "item_type_name" : "同梱品",
    "shelf_no" : "",
    "item_type_color" : "009745",
    "item_id" : "39"
  },
  {
    "amount" : "1",
    "item_name" : null,
    "0" : "",
    "item_type_name" : "同梱品",
    "shelf_no" : "",
    "item_type_color" : "009745",
    "item_id" : "31"
  },
  {
    "amount" : "1",
    "item_name" : "飲み方説明書",
    "0" : "",
    "item_type_name" : "同梱品",
    "shelf_no" : "",
    "item_type_color" : "009745",
    "item_id" : "38"
  },
  {
    "amount" : "1",
    "item_name" : null,
    "0" : "",
    "item_type_name" : "同梱品",
    "shelf_no" : "",
    "item_type_color" : "009745",
    "item_id" : "34"
  },
  {
    "amount" : "1",
    "item_name" : "シリカ一覧表",
    "0" : "",
    "item_type_name" : "同梱品",
    "shelf_no" : "C234",
    "item_type_color" : "009745",
    "item_id" : "40"
  },
  {
    "amount" : "1",
    "item_name" : "アキノワスレグサ原料 A3チラシ",
    "0" : "",
    "item_type_name" : "同梱品",
    "shelf_no" : "",
    "item_type_color" : "009745",
    "item_id" : "42"
  },
  {
    "amount" : "1",
    "item_name" : "琉球しまぐわ　健糖値の特桑茶（粉末タイプ・ミニ30g入り）",
    "0" : "",
    "item_type_name" : "同梱品",
    "shelf_no" : "JT67",
    "item_type_color" : "009745",
    "item_id" : "2"
  }
]
    [items] => [
  {
    "amount" : 1,
    "item_id" : "10",
    "is_checked" : "1",
    "item_type_id" : "",
    "item_name" : "健骨・健歯の習慣　ライシアBone",
    "image_url" : "https:\/\/fass-dev.fresco-co.net\/resource\/item\/default.png",
    "item_type_name" : "商品",
    "shelf_no" : "",
    "item_type_color" : "ff0000",
    "jan_code" : ""
  }
]
    [order_id] => TY2100001
    [package_items] => [
  {
    "supply_product_display_id" : null,
    "item_name" : "宅急便コンパクト　専用BOX",
    "supply_fixture_display_id" : "BS1800010",
    "status" : "1",
    "useable_count" : "64.000000",
    "warehouse_id" : "1",
    "target_supply_fixture_id" : "10",
    "amount" : 0,
    "target_item_id" : "0",
    "use_dm" : "0",
    "target_supply_product_id" : "0",
    "stock_type" : "40",
    "stock_name" : "宅急便コンパクト　専用BOX",
    "alert_count" : "0.000000",
    "target_type" : "30",
    "updated" : "2021-06-16 01:00:05",
    "id" : "57",
    "minimum_count" : "0.000000",
    "safety_base_month" : "1.0",
    "image_key" : "5e87fb580648a",
    "supply_product_name" : null,
    "shelf_no" : "",
    "unit_price" : "0",
    "safety_count" : "0.000000",
    "item_display_id" : null,
    "unit_type" : "1",
    "supply_fixture_name" : "宅急便コンパクト　専用BOX",
    "management_group_id" : "1",
    "stock_count" : "64.000000",
    "minimum_base_month" : "1.0",
    "created" : "2019-02-28 20:46:44"
  },
  {
    "supply_product_display_id" : null,
    "item_name" : "ネコポス用　段ボール箱",
    "supply_fixture_display_id" : "BS1800011",
    "status" : "1",
    "useable_count" : "1325.000000",
    "warehouse_id" : "1",
    "target_supply_fixture_id" : "11",
    "amount" : 0,
    "target_item_id" : "0",
    "use_dm" : "0",
    "target_supply_product_id" : "0",
    "stock_type" : "40",
    "stock_name" : "ネコポス用　段ボール箱",
    "alert_count" : "0.000000",
    "target_type" : "30",
    "updated" : "2021-06-16 11:35:41",
    "id" : "58",
    "minimum_count" : "173.000000",
    "safety_base_month" : "1.0",
    "image_key" : "5e87fb7435d7c",
    "supply_product_name" : null,
    "shelf_no" : "",
    "unit_price" : "0",
    "safety_count" : "173.000000",
    "item_display_id" : null,
    "unit_type" : "1",
    "supply_fixture_name" : "ネコポス用　段ボール箱",
    "management_group_id" : "1",
    "stock_count" : "1325.000000",
    "minimum_base_month" : "1.0",
    "created" : "2019-02-28 20:47:36"
  },
  {
    "supply_product_display_id" : null,
    "item_name" : "ネコポス用　A4プチプチ付封筒",
    "supply_fixture_display_id" : "BS1800014",
    "status" : "1",
    "useable_count" : "113.000000",
    "warehouse_id" : "1",
    "target_supply_fixture_id" : "14",
    "amount" : "1",
    "target_item_id" : "0",
    "use_dm" : "0",
    "target_supply_product_id" : "0",
    "stock_type" : "40",
    "stock_name" : "ネコポス用　A4プチプチ付封筒",
    "alert_count" : "0.000000",
    "target_type" : "30",
    "updated" : "2021-06-16 11:38:54",
    "id" : "59",
    "minimum_count" : "126.000000",
    "safety_base_month" : "1.0",
    "image_key" : "5e87fb3b958b2",
    "supply_product_name" : null,
    "shelf_no" : "",
    "unit_price" : "0",
    "safety_count" : "126.000000",
    "item_display_id" : null,
    "unit_type" : "1",
    "supply_fixture_name" : "ネコポス用　A4プチプチ付封筒",
    "management_group_id" : "1",
    "stock_count" : "113.000000",
    "minimum_base_month" : "1.0",
    "created" : "2019-02-28 20:51:43"
  },
  {
    "supply_product_display_id" : null,
    "item_name" : "ネコポス用　B5プチプチ付封筒",
    "supply_fixture_display_id" : "BS1800015",
    "status" : "1",
    "useable_count" : "0.000000",
    "warehouse_id" : "1",
    "target_supply_fixture_id" : "15",
    "amount" : 0,
    "target_item_id" : "0",
    "use_dm" : "0",
    "target_supply_product_id" : "0",
    "stock_type" : "40",
    "stock_name" : "ネコポス用　B5プチプチ付封筒",
    "alert_count" : "0.000000",
    "target_type" : "30",
    "updated" : "2021-06-16 01:00:05",
    "id" : "60",
    "minimum_count" : "0.000000",
    "safety_base_month" : "0.0",
    "image_key" : "5e87fbcc86914",
    "supply_product_name" : null,
    "shelf_no" : "",
    "unit_price" : "0",
    "safety_count" : "0.000000",
    "item_display_id" : null,
    "unit_type" : "1",
    "supply_fixture_name" : "ネコポス用　B5プチプチ付封筒",
    "management_group_id" : "1",
    "stock_count" : "0.000000",
    "minimum_base_month" : "0.0",
    "created" : "2019-02-28 20:58:38"
  },
  {
    "supply_product_display_id" : null,
    "item_name" : "宅配便60サイズ用　段ボール箱",
    "supply_fixture_display_id" : "BS1800012",
    "status" : "1",
    "useable_count" : "146.000000",
    "warehouse_id" : "1",
    "target_supply_fixture_id" : "12",
    "amount" : 0,
    "target_item_id" : "0",
    "use_dm" : "0",
    "target_supply_product_id" : "0",
    "stock_type" : "40",
    "stock_name" : "宅配便60サイズ用　段ボール箱",
    "alert_count" : "0.000000",
    "target_type" : "30",
    "updated" : "2021-06-16 01:00:05",
    "id" : "61",
    "minimum_count" : "0.000000",
    "safety_base_month" : "1.0",
    "image_key" : "5e87fb160b574",
    "supply_product_name" : null,
    "shelf_no" : "",
    "unit_price" : "0",
    "safety_count" : "0.000000",
    "item_display_id" : null,
    "unit_type" : "1",
    "supply_fixture_name" : "宅配便60サイズ用　段ボール箱",
    "management_group_id" : "1",
    "stock_count" : "146.000000",
    "minimum_base_month" : "1.0",
    "created" : "2019-02-28 20:59:13"
  },
  {
    "supply_product_display_id" : null,
    "item_name" : "宅配便80サイズ用　段ボール箱",
    "supply_fixture_display_id" : "BS1800013",
    "status" : "1",
    "useable_count" : "50.000000",
    "warehouse_id" : "1",
    "target_supply_fixture_id" : "13",
    "amount" : 0,
    "target_item_id" : "0",
    "use_dm" : "0",
    "target_supply_product_id" : "0",
    "stock_type" : "40",
    "stock_name" : "宅配便80サイズ用　段ボール箱",
    "alert_count" : "0.000000",
    "target_type" : "30",
    "updated" : "2021-06-16 01:00:05",
    "id" : "62",
    "minimum_count" : "0.000000",
    "safety_base_month" : "1.0",
    "image_key" : "5eb9f3aded672",
    "supply_product_name" : null,
    "shelf_no" : "",
    "unit_price" : "0",
    "safety_count" : "0.000000",
    "item_display_id" : null,
    "unit_type" : "1",
    "supply_fixture_name" : "宅配便80サイズ用　段ボール箱",
    "management_group_id" : "1",
    "stock_count" : "50.000000",
    "minimum_base_month" : "1.0",
    "created" : "2019-02-28 20:59:36"
  },
  {
    "supply_product_display_id" : null,
    "item_name" : "プチプチ袋　160×160",
    "supply_fixture_display_id" : "BS1800016",
    "status" : "1",
    "useable_count" : "1790.000000",
    "warehouse_id" : "1",
    "target_supply_fixture_id" : "16",
    "amount" : 0,
    "target_item_id" : "0",
    "use_dm" : "0",
    "target_supply_product_id" : "0",
    "stock_type" : "40",
    "stock_name" : "プチプチ袋　160×160",
    "alert_count" : "0.000000",
    "target_type" : "30",
    "updated" : "2021-06-16 11:35:41",
    "id" : "63",
    "minimum_count" : "168.000000",
    "safety_base_month" : "1.0",
    "image_key" : "5eb9f2763241b",
    "supply_product_name" : null,
    "shelf_no" : "",
    "unit_price" : "0",
    "safety_count" : "168.000000",
    "item_display_id" : null,
    "unit_type" : "1",
    "supply_fixture_name" : "プチプチ袋　160×160",
    "management_group_id" : "1",
    "stock_count" : "1790.000000",
    "minimum_base_month" : "1.0",
    "created" : "2019-02-28 21:00:05"
  },
  {
    "supply_product_display_id" : null,
    "item_name" : "プチプチロール　300W×42m",
    "supply_fixture_display_id" : "BS1800032",
    "status" : "1",
    "useable_count" : "235.000000",
    "warehouse_id" : "1",
    "target_supply_fixture_id" : "32",
    "amount" : 0,
    "target_item_id" : "0",
    "use_dm" : "0",
    "target_supply_product_id" : "0",
    "stock_type" : "40",
    "stock_name" : "プチプチロール　300W×42m",
    "alert_count" : "0.000000",
    "target_type" : "30",
    "updated" : "2021-06-16 01:00:05",
    "id" : "64",
    "minimum_count" : "0.000000",
    "safety_base_month" : "1.0",
    "image_key" : null,
    "supply_product_name" : null,
    "shelf_no" : "",
    "unit_price" : "0",
    "safety_count" : "0.000000",
    "item_display_id" : null,
    "unit_type" : "1",
    "supply_fixture_name" : "プチプチロール　300W×42m",
    "management_group_id" : "1",
    "stock_count" : "235.000000",
    "minimum_base_month" : "1.0",
    "created" : "2019-02-28 21:09:26"
  },
  {
    "supply_product_display_id" : null,
    "item_name" : "プチプチ袋　A4",
    "supply_fixture_display_id" : "BS1800018",
    "status" : "1",
    "useable_count" : "1550.000000",
    "warehouse_id" : "1",
    "target_supply_fixture_id" : "18",
    "amount" : 0,
    "target_item_id" : "0",
    "use_dm" : "0",
    "target_supply_product_id" : "0",
    "stock_type" : "40",
    "stock_name" : "プチプチ袋　A4",
    "alert_count" : "0.000000",
    "target_type" : "30",
    "updated" : "2021-06-16 01:00:05",
    "id" : "106",
    "minimum_count" : "0.000000",
    "safety_base_month" : "1.0",
    "image_key" : "5eb9f130ce9c3",
    "supply_product_name" : null,
    "shelf_no" : "",
    "unit_price" : "0",
    "safety_count" : "0.000000",
    "item_display_id" : null,
    "unit_type" : "1",
    "supply_fixture_name" : "プチプチ袋　A4",
    "management_group_id" : "1",
    "stock_count" : "1550.000000",
    "minimum_base_month" : "1.0",
    "created" : "2020-05-12 09:40:22"
  },
  {
    "supply_product_display_id" : null,
    "item_name" : "プチプチ袋　B5",
    "supply_fixture_display_id" : "BS1800017",
    "status" : "1",
    "useable_count" : "500.000000",
    "warehouse_id" : "1",
    "target_supply_fixture_id" : "17",
    "amount" : 0,
    "target_item_id" : "0",
    "use_dm" : "0",
    "target_supply_product_id" : "0",
    "stock_type" : "40",
    "stock_name" : "プチプチ袋　B5",
    "alert_count" : "0.000000",
    "target_type" : "30",
    "updated" : "2021-06-16 01:00:05",
    "id" : "107",
    "minimum_count" : "0.000000",
    "safety_base_month" : "1.0",
    "image_key" : "5eb9f13e2a063",
    "supply_product_name" : null,
    "shelf_no" : "",
    "unit_price" : "0",
    "safety_count" : "0.000000",
    "item_display_id" : null,
    "unit_type" : "1",
    "supply_fixture_name" : "プチプチ袋　B5",
    "management_group_id" : "1",
    "stock_count" : "500.000000",
    "minimum_base_month" : "1.0",
    "created" : "2020-05-12 09:40:59"
  },
  {
    "supply_product_display_id" : null,
    "item_name" : "OPPテープ",
    "supply_fixture_display_id" : null,
    "status" : "1",
    "useable_count" : "50.000000",
    "warehouse_id" : "1",
    "target_supply_fixture_id" : "0",
    "amount" : 0,
    "target_item_id" : "0",
    "use_dm" : "0",
    "target_supply_product_id" : "0",
    "stock_type" : "40",
    "stock_name" : "OPPテープ",
    "alert_count" : "0.000000",
    "target_type" : "90",
    "updated" : "2021-06-16 01:00:05",
    "id" : "163",
    "minimum_count" : "0.000000",
    "safety_base_month" : "1.0",
    "image_key" : null,
    "supply_product_name" : null,
    "shelf_no" : "",
    "unit_price" : "0",
    "safety_count" : "0.000000",
    "item_display_id" : null,
    "unit_type" : "1",
    "supply_fixture_name" : null,
    "management_group_id" : "1",
    "stock_count" : "50.000000",
    "minimum_base_month" : "1.0",
    "created" : "2020-05-15 18:42:37"
  },
  {
    "supply_product_display_id" : null,
    "item_name" : "セロテープ",
    "supply_fixture_display_id" : null,
    "status" : "1",
    "useable_count" : "20.000000",
    "warehouse_id" : "1",
    "target_supply_fixture_id" : "0",
    "amount" : 0,
    "target_item_id" : "0",
    "use_dm" : "0",
    "target_supply_product_id" : "0",
    "stock_type" : "40",
    "stock_name" : "セロテープ",
    "alert_count" : "0.000000",
    "target_type" : "90",
    "updated" : "2021-06-16 01:00:05",
    "id" : "164",
    "minimum_count" : "0.000000",
    "safety_base_month" : "1.0",
    "image_key" : null,
    "supply_product_name" : null,
    "shelf_no" : "",
    "unit_price" : "0",
    "safety_count" : "0.000000",
    "item_display_id" : null,
    "unit_type" : "1",
    "supply_fixture_name" : null,
    "management_group_id" : "1",
    "stock_count" : "20.000000",
    "minimum_base_month" : "1.0",
    "created" : "2020-05-15 18:43:39"
  },
  {
    "supply_product_display_id" : null,
    "item_name" : "荷造り紐",
    "supply_fixture_display_id" : null,
    "status" : "1",
    "useable_count" : "4.000000",
    "warehouse_id" : "1",
    "target_supply_fixture_id" : "0",
    "amount" : 0,
    "target_item_id" : "0",
    "use_dm" : "0",
    "target_supply_product_id" : "0",
    "stock_type" : "40",
    "stock_name" : "荷造り紐",
    "alert_count" : "0.000000",
    "target_type" : "90",
    "updated" : "2021-06-16 01:00:05",
    "id" : "165",
    "minimum_count" : "0.000000",
    "safety_base_month" : "1.0",
    "image_key" : null,
    "supply_product_name" : null,
    "shelf_no" : "",
    "unit_price" : "0",
    "safety_count" : "0.000000",
    "item_display_id" : null,
    "unit_type" : "1",
    "supply_fixture_name" : null,
    "management_group_id" : "1",
    "stock_count" : "4.000000",
    "minimum_base_month" : "1.0",
    "created" : "2020-05-15 18:44:31"
  }
]
    [sessionId] => iqYrA95zCvviuSGW0-1Ng8wOVNb0sTdVQuNdT9fYaHuTLE5utMKI1ZNNGx0SJGbQEpOkfvoF9h1qQWM7FCFcoc
)

