2021-07-23T21:30:41+09:00 (NOTICE): Invalid controller specified (.git) %info%
2021-07-23T21:30:41+09:00 (NOTICE): Request Parameters Array
(
    [controller] => .git
    [action] => config
    [module] => front
)

2021-07-23T21:32:41+09:00 (NOTICE): Invalid controller specified (.git) %info%
2021-07-23T21:32:41+09:00 (NOTICE): Request Parameters Array
(
    [controller] => .git
    [action] => config
    [module] => front
)

2021-07-23T22:03:15+09:00 (NOTICE): Invalid controller specified (c99.php) %info%
2021-07-23T22:03:15+09:00 (NOTICE): Request Parameters Array
(
    [controller] => c99.php
    [module] => front
    [action] => index
)

2021-07-23T22:03:15+09:00 (NOTICE): Invalid controller specified (.env) %info%
2021-07-23T22:03:15+09:00 (NOTICE): Request Parameters Array
(
    [controller] => .env
    [module] => front
    [action] => index
)

2021-07-23T22:05:09+09:00 (NOTICE): Invalid controller specified (c99.php) %info%
2021-07-23T22:05:09+09:00 (NOTICE): Request Parameters Array
(
    [controller] => c99.php
    [module] => front
    [action] => index
)

2021-07-23T22:05:09+09:00 (NOTICE): Invalid controller specified (.env) %info%
2021-07-23T22:05:09+09:00 (NOTICE): Request Parameters Array
(
    [controller] => .env
    [module] => front
    [action] => index
)

