2021-07-24T16:04:28+09:00 (NOTICE): Invalid controller specified (backup.tar) %info%
2021-07-24T16:04:28+09:00 (NOTICE): Request Parameters Array
(
    [controller] => backup.tar
    [module] => front
    [action] => index
)

2021-07-24T16:04:29+09:00 (NOTICE): Invalid controller specified (backup.zip) %info%
2021-07-24T16:04:29+09:00 (NOTICE): Request Parameters Array
(
    [controller] => backup.zip
    [module] => front
    [action] => index
)

2021-07-24T16:07:26+09:00 (NOTICE): Invalid controller specified (backup.tar) %info%
2021-07-24T16:07:26+09:00 (NOTICE): Request Parameters Array
(
    [controller] => backup.tar
    [module] => front
    [action] => index
)

2021-07-24T16:07:27+09:00 (NOTICE): Invalid controller specified (backup.zip) %info%
2021-07-24T16:07:27+09:00 (NOTICE): Request Parameters Array
(
    [controller] => backup.zip
    [module] => front
    [action] => index
)

