2021-05-15T19:58:47+09:00 (NOTICE): Invalid controller specified (indexs) %info%
2021-05-15T19:58:47+09:00 (NOTICE): Request Parameters Array
(
    [controller] => indexs
    [module] => front
    [action] => index
)

2021-05-15T19:59:49+09:00 (NOTICE): Invalid controller specified (indexs) %info%
2021-05-15T19:59:49+09:00 (NOTICE): Request Parameters Array
(
    [controller] => indexs
    [module] => front
    [action] => index
)

2021-05-15T20:11:14+09:00 (CRIT): script 'gmo/auth.phtml' not found in path (/var/www/fass-dev.fresco-co.net/Web/application/modules/front/views/default/scripts/:/var/www/fass-dev.fresco-co.net/Web/application/modules/front/views/scripts/) #0 /var/www/fass-dev.fresco-co.net/Web/library/Zend/View/Abstract.php(884): Zend_View_Abstract->_script('gmo/auth.phtml')
#1 /var/www/fass-dev.fresco-co.net/Web/library/Zend/Controller/Action/Helper/ViewRenderer.php(900): Zend_View_Abstract->render('gmo/auth.phtml')
#2 /var/www/fass-dev.fresco-co.net/Web/library/Zend/Controller/Action/Helper/ViewRenderer.php(921): Zend_Controller_Action_Helper_ViewRenderer->renderScript('gmo/auth.phtml', NULL)
#3 /var/www/fass-dev.fresco-co.net/Web/library/Zend/Controller/Action/Helper/ViewRenderer.php(960): Zend_Controller_Action_Helper_ViewRenderer->render()
#4 /var/www/fass-dev.fresco-co.net/Web/library/Zend/Controller/Action/HelperBroker.php(277): Zend_Controller_Action_Helper_ViewRenderer->postDispatch()
#5 /var/www/fass-dev.fresco-co.net/Web/library/Zend/Controller/Action.php(527): Zend_Controller_Action_HelperBroker->notifyPostDispatch()
#6 /var/www/fass-dev.fresco-co.net/Web/library/Zend/Controller/Dispatcher/Standard.php(295): Zend_Controller_Action->dispatch('authAction')
#7 /var/www/fass-dev.fresco-co.net/Web/library/Zend/Controller/Front.php(954): Zend_Controller_Dispatcher_Standard->dispatch(Object(Nutex_Request), Object(Nutex_Response))
#8 /var/www/fass-dev.fresco-co.net/Web/library/Zend/Application/Bootstrap/Bootstrap.php(97): Zend_Controller_Front->dispatch()
#9 /var/www/fass-dev.fresco-co.net/Web/library/Zend/Application.php(366): Zend_Application_Bootstrap_Bootstrap->run()
#10 /var/www/fass-dev.fresco-co.net/Web/public/index.php(22): Zend_Application->run()
#11 {main}
2021-05-15T20:11:14+09:00 (CRIT): Request Parameters Array
(
    [controller] => gmo
    [action] => auth
    [module] => front
)

2021-05-15T20:12:14+09:00 (NOTICE): Invalid controller specified (favicon.ico) %info%
2021-05-15T20:12:14+09:00 (NOTICE): Request Parameters Array
(
    [controller] => favicon.ico
    [module] => front
    [action] => index
)

2021-05-15T21:12:25+09:00 (NOTICE): Invalid controller specified (oauth) %info%
2021-05-15T21:12:25+09:00 (NOTICE): Request Parameters Array
(
    [controller] => oauth
    [module] => front
    [action] => index
)

2021-05-15T21:13:40+09:00 (NOTICE): Invalid controller specified (oauth) %info%
2021-05-15T21:13:40+09:00 (NOTICE): Request Parameters Array
(
    [controller] => oauth
    [module] => front
    [action] => index
)

2021-05-15T21:14:20+09:00 (NOTICE): Invalid controller specified (oauth) %info%
2021-05-15T21:14:20+09:00 (NOTICE): Request Parameters Array
(
    [controller] => oauth
    [module] => front
    [action] => index
)

2021-05-15T21:14:21+09:00 (NOTICE): Invalid controller specified (oauth) %info%
2021-05-15T21:14:21+09:00 (NOTICE): Request Parameters Array
(
    [controller] => oauth
    [module] => front
    [action] => index
)

2021-05-15T21:14:40+09:00 (NOTICE): Invalid controller specified (oauth) %info%
2021-05-15T21:14:40+09:00 (NOTICE): Request Parameters Array
(
    [controller] => oauth
    [module] => front
    [action] => index
)

2021-05-15T21:14:43+09:00 (NOTICE): Invalid controller specified (oauth) %info%
2021-05-15T21:14:43+09:00 (NOTICE): Request Parameters Array
(
    [controller] => oauth
    [module] => front
    [action] => index
)

2021-05-15T21:15:05+09:00 (NOTICE): Invalid controller specified (oauth) %info%
2021-05-15T21:15:05+09:00 (NOTICE): Request Parameters Array
(
    [controller] => oauth
    [action] => index
    [module] => front
)

2021-05-15T21:15:30+09:00 (NOTICE): Invalid controller specified (oauth) %info%
2021-05-15T21:15:30+09:00 (NOTICE): Request Parameters Array
(
    [controller] => oauth
    [action] => index
    [module] => front
)

2021-05-15T21:15:31+09:00 (NOTICE): Invalid controller specified (oauth) %info%
2021-05-15T21:15:31+09:00 (NOTICE): Request Parameters Array
(
    [controller] => oauth
    [action] => index
    [module] => front
)

2021-05-15T21:15:51+09:00 (NOTICE): Invalid controller specified (oauth) %info%
2021-05-15T21:15:51+09:00 (NOTICE): Request Parameters Array
(
    [controller] => oauth
    [action] => index
    [module] => front
)

2021-05-15T22:47:58+09:00 (CRIT): script 'oauth/account.phtml' not found in path (/var/www/fass-dev.fresco-co.net/Web/application/modules/front/views/default/scripts/:/var/www/fass-dev.fresco-co.net/Web/application/modules/front/views/scripts/) #0 /var/www/fass-dev.fresco-co.net/Web/library/Zend/View/Abstract.php(884): Zend_View_Abstract->_script('oauth/account.p...')
#1 /var/www/fass-dev.fresco-co.net/Web/library/Zend/Controller/Action/Helper/ViewRenderer.php(900): Zend_View_Abstract->render('oauth/account.p...')
#2 /var/www/fass-dev.fresco-co.net/Web/library/Zend/Controller/Action/Helper/ViewRenderer.php(921): Zend_Controller_Action_Helper_ViewRenderer->renderScript('oauth/account.p...', NULL)
#3 /var/www/fass-dev.fresco-co.net/Web/library/Zend/Controller/Action/Helper/ViewRenderer.php(960): Zend_Controller_Action_Helper_ViewRenderer->render()
#4 /var/www/fass-dev.fresco-co.net/Web/library/Zend/Controller/Action/HelperBroker.php(277): Zend_Controller_Action_Helper_ViewRenderer->postDispatch()
#5 /var/www/fass-dev.fresco-co.net/Web/library/Zend/Controller/Action.php(527): Zend_Controller_Action_HelperBroker->notifyPostDispatch()
#6 /var/www/fass-dev.fresco-co.net/Web/library/Zend/Controller/Dispatcher/Standard.php(295): Zend_Controller_Action->dispatch('accountAction')
#7 /var/www/fass-dev.fresco-co.net/Web/library/Zend/Controller/Front.php(954): Zend_Controller_Dispatcher_Standard->dispatch(Object(Nutex_Request), Object(Nutex_Response))
#8 /var/www/fass-dev.fresco-co.net/Web/library/Zend/Application/Bootstrap/Bootstrap.php(97): Zend_Controller_Front->dispatch()
#9 /var/www/fass-dev.fresco-co.net/Web/library/Zend/Application.php(366): Zend_Application_Bootstrap_Bootstrap->run()
#10 /var/www/fass-dev.fresco-co.net/Web/public/index.php(22): Zend_Application->run()
#11 {main}
2021-05-15T22:47:58+09:00 (CRIT): Request Parameters Array
(
    [controller] => oauth
    [action] => account
    [module] => front
)

