2021-05-17T09:59:30+09:00 (NOTICE): Invalid controller specified (robots.txt) %info%
2021-05-17T09:59:30+09:00 (NOTICE): Request Parameters Array
(
    [controller] => robots.txt
    [module] => front
    [action] => index
)

2021-05-17T15:35:34+09:00 (NOTICE): Invalid controller specified (favicon.ico) %info%
2021-05-17T15:35:34+09:00 (NOTICE): Request Parameters Array
(
    [controller] => favicon.ico
    [module] => front
    [action] => index
)

2021-05-17T21:39:13+09:00 (CRIT): SQLSTATE[23000]: Integrity constraint violation: 1048 Column 'target_connection_id' cannot be null #0 /var/www/fass-dev.fresco-co.net/Web/library/Zend/Db/Statement.php(305): Zend_Db_Statement_Pdo->_execute(Array)
#1 /var/www/fass-dev.fresco-co.net/Web/library/Zend/Db/Adapter/Abstract.php(479): Zend_Db_Statement->execute(Array)
#2 /var/www/fass-dev.fresco-co.net/Web/library/Zend/Db/Adapter/Pdo/Abstract.php(238): Zend_Db_Adapter_Abstract->query('INSERT INTO `fr...', Array)
#3 /var/www/fass-dev.fresco-co.net/Web/library/Zend/Db/Adapter/Abstract.php(575): Zend_Db_Adapter_Pdo_Abstract->query('INSERT INTO `fr...', Array)
#4 /var/www/fass-dev.fresco-co.net/Web/library/Nutex/Data/Db/Abstract.php(67): Zend_Db_Adapter_Abstract->insert('frs_account_rec...', Array)
#5 /var/www/fass-dev.fresco-co.net/Web/application/models/Data/DbAbstract.php(31): Nutex_Data_Db_Abstract->create(Array)
#6 /var/www/fass-dev.fresco-co.net/Web/application/modules/api/controllers/ReceivableController.php(59): Shared_Model_Data_DbAbstract->create(Array)
#7 /var/www/fass-dev.fresco-co.net/Web/library/Zend/Controller/Action.php(516): Api_ReceivableController->updateAction()
#8 /var/www/fass-dev.fresco-co.net/Web/library/Zend/Controller/Dispatcher/Standard.php(295): Zend_Controller_Action->dispatch('updateAction')
#9 /var/www/fass-dev.fresco-co.net/Web/library/Zend/Controller/Front.php(954): Zend_Controller_Dispatcher_Standard->dispatch(Object(Nutex_Request), Object(Nutex_Response))
#10 /var/www/fass-dev.fresco-co.net/Web/library/Zend/Application/Bootstrap/Bootstrap.php(97): Zend_Controller_Front->dispatch()
#11 /var/www/fass-dev.fresco-co.net/Web/library/Zend/Application.php(366): Zend_Application_Bootstrap_Bootstrap->run()
#12 /var/www/fass-dev.fresco-co.net/Web/public/index.php(22): Zend_Application->run()
#13 {main}
2021-05-17T21:39:13+09:00 (CRIT): Request Parameters Array
(
    [controller] => receivable
    [action] => update
    [module] => api
    [management_group_id] => 2
    [relational_id] => 138
    [relational_display_id] => AR2100070
    [payment_status] => 1
    [bank_sender_name] => 
    [accrual_date] => 2021-04-21
    [account_title_id] => 106
    [account_totaling_group_id] => 0
    [total_amount] => 2449
    [tax] => 917
    [total_amount_with_tax] => 3366
    [type] => BY合算請求
    [receive_plan_date] => 2021-05-20
    [bank_id] => 8
    [memo] => BY合算請求
)

