2021-10-02T20:19:23+09:00 (INFO): ---------------------------------- start process ----------------------------------
2021-10-02T20:19:23+09:00 (INFO): [----- process informations -----]
2021-10-02T20:19:23+09:00 (INFO): APPLICATION_PATH => /var/www/fass-dev.fresco-co.net/Web/application
2021-10-02T20:19:23+09:00 (INFO): APPLICATION_ENV => development
2021-10-02T20:19:23+09:00 (INFO): [-------------------------------]
2021-10-02T21:20:52+09:00 (INFO): ---------------------------------- start process ----------------------------------
2021-10-02T21:20:52+09:00 (INFO): [----- process informations -----]
2021-10-02T21:20:52+09:00 (INFO): APPLICATION_PATH => /var/www/fass-dev.fresco-co.net/Web/application
2021-10-02T21:20:52+09:00 (INFO): APPLICATION_ENV => development
2021-10-02T21:20:52+09:00 (INFO): [-------------------------------]
2021-10-02T21:22:07+09:00 (INFO): ---------------------------------- start process ----------------------------------
2021-10-02T21:22:07+09:00 (INFO): [----- process informations -----]
2021-10-02T21:22:07+09:00 (INFO): APPLICATION_PATH => /var/www/fass-dev.fresco-co.net/Web/application
2021-10-02T21:22:07+09:00 (INFO): APPLICATION_ENV => development
2021-10-02T21:22:07+09:00 (INFO): [-------------------------------]
2021-10-02T21:22:37+09:00 (INFO): ---------------------------------- start process ----------------------------------
2021-10-02T21:22:37+09:00 (INFO): [----- process informations -----]
2021-10-02T21:22:37+09:00 (INFO): APPLICATION_PATH => /var/www/fass-dev.fresco-co.net/Web/application
2021-10-02T21:22:37+09:00 (INFO): APPLICATION_ENV => development
2021-10-02T21:22:37+09:00 (INFO): [-------------------------------]
2021-10-02T21:23:31+09:00 (INFO): ---------------------------------- start process ----------------------------------
2021-10-02T21:23:31+09:00 (INFO): [----- process informations -----]
2021-10-02T21:23:31+09:00 (INFO): APPLICATION_PATH => /var/www/fass-dev.fresco-co.net/Web/application
2021-10-02T21:23:31+09:00 (INFO): APPLICATION_ENV => development
2021-10-02T21:23:31+09:00 (INFO): [-------------------------------]
2021-10-02T21:25:01+09:00 (INFO): ---------------------------------- start process ----------------------------------
2021-10-02T21:25:01+09:00 (INFO): [----- process informations -----]
2021-10-02T21:25:01+09:00 (INFO): APPLICATION_PATH => /var/www/fass-dev.fresco-co.net/Web/application
2021-10-02T21:25:01+09:00 (INFO): APPLICATION_ENV => development
2021-10-02T21:25:01+09:00 (INFO): [-------------------------------]
2021-10-02T21:25:21+09:00 (INFO): ---------------------------------- start process ----------------------------------
2021-10-02T21:25:21+09:00 (INFO): [----- process informations -----]
2021-10-02T21:25:21+09:00 (INFO): APPLICATION_PATH => /var/www/fass-dev.fresco-co.net/Web/application
2021-10-02T21:25:21+09:00 (INFO): APPLICATION_ENV => development
2021-10-02T21:25:21+09:00 (INFO): [-------------------------------]
2021-10-02T21:25:40+09:00 (INFO): ---------------------------------- start process ----------------------------------
2021-10-02T21:25:40+09:00 (INFO): [----- process informations -----]
2021-10-02T21:25:40+09:00 (INFO): APPLICATION_PATH => /var/www/fass-dev.fresco-co.net/Web/application
2021-10-02T21:25:40+09:00 (INFO): APPLICATION_ENV => development
2021-10-02T21:25:40+09:00 (INFO): [-------------------------------]
2021-10-02T21:26:12+09:00 (INFO): ---------------------------------- start process ----------------------------------
2021-10-02T21:26:12+09:00 (INFO): [----- process informations -----]
2021-10-02T21:26:12+09:00 (INFO): APPLICATION_PATH => /var/www/fass-dev.fresco-co.net/Web/application
2021-10-02T21:26:12+09:00 (INFO): APPLICATION_ENV => development
2021-10-02T21:26:12+09:00 (INFO): [-------------------------------]
2021-10-02T21:27:02+09:00 (INFO): ---------------------------------- start process ----------------------------------
2021-10-02T21:27:02+09:00 (INFO): [----- process informations -----]
2021-10-02T21:27:02+09:00 (INFO): APPLICATION_PATH => /var/www/fass-dev.fresco-co.net/Web/application
2021-10-02T21:27:02+09:00 (INFO): APPLICATION_ENV => development
2021-10-02T21:27:02+09:00 (INFO): [-------------------------------]
2021-10-02T21:31:06+09:00 (INFO): ---------------------------------- start process ----------------------------------
2021-10-02T21:31:06+09:00 (INFO): [----- process informations -----]
2021-10-02T21:31:06+09:00 (INFO): APPLICATION_PATH => /var/www/fass-dev.fresco-co.net/Web/application
2021-10-02T21:31:06+09:00 (INFO): APPLICATION_ENV => development
2021-10-02T21:31:06+09:00 (INFO): [-------------------------------]
2021-10-02T21:31:39+09:00 (INFO): ---------------------------------- start process ----------------------------------
2021-10-02T21:31:39+09:00 (INFO): [----- process informations -----]
2021-10-02T21:31:39+09:00 (INFO): APPLICATION_PATH => /var/www/fass-dev.fresco-co.net/Web/application
2021-10-02T21:31:39+09:00 (INFO): APPLICATION_ENV => development
2021-10-02T21:31:39+09:00 (INFO): [-------------------------------]
2021-10-02T21:33:19+09:00 (INFO): ---------------------------------- start process ----------------------------------
2021-10-02T21:33:19+09:00 (INFO): [----- process informations -----]
2021-10-02T21:33:19+09:00 (INFO): APPLICATION_PATH => /var/www/fass-dev.fresco-co.net/Web/application
2021-10-02T21:33:19+09:00 (INFO): APPLICATION_ENV => development
2021-10-02T21:33:19+09:00 (INFO): [-------------------------------]
2021-10-02T21:34:59+09:00 (INFO): ---------------------------------- start process ----------------------------------
2021-10-02T21:34:59+09:00 (INFO): [----- process informations -----]
2021-10-02T21:34:59+09:00 (INFO): APPLICATION_PATH => /var/www/fass-dev.fresco-co.net/Web/application
2021-10-02T21:34:59+09:00 (INFO): APPLICATION_ENV => development
2021-10-02T21:34:59+09:00 (INFO): [-------------------------------]
2021-10-02T21:35:19+09:00 (INFO): ---------------------------------- start process ----------------------------------
2021-10-02T21:35:19+09:00 (INFO): [----- process informations -----]
2021-10-02T21:35:19+09:00 (INFO): APPLICATION_PATH => /var/www/fass-dev.fresco-co.net/Web/application
2021-10-02T21:35:19+09:00 (INFO): APPLICATION_ENV => development
2021-10-02T21:35:19+09:00 (INFO): [-------------------------------]
2021-10-02T21:35:56+09:00 (INFO): ---------------------------------- start process ----------------------------------
2021-10-02T21:35:56+09:00 (INFO): [----- process informations -----]
2021-10-02T21:35:56+09:00 (INFO): APPLICATION_PATH => /var/www/fass-dev.fresco-co.net/Web/application
2021-10-02T21:35:56+09:00 (INFO): APPLICATION_ENV => development
2021-10-02T21:35:56+09:00 (INFO): [-------------------------------]
2021-10-02T21:36:06+09:00 (INFO): ---------------------------------- start process ----------------------------------
2021-10-02T21:36:06+09:00 (INFO): [----- process informations -----]
2021-10-02T21:36:06+09:00 (INFO): APPLICATION_PATH => /var/www/fass-dev.fresco-co.net/Web/application
2021-10-02T21:36:06+09:00 (INFO): APPLICATION_ENV => development
2021-10-02T21:36:06+09:00 (INFO): [-------------------------------]
2021-10-02T21:36:17+09:00 (INFO): ---------------------------------- start process ----------------------------------
2021-10-02T21:36:17+09:00 (INFO): [----- process informations -----]
2021-10-02T21:36:17+09:00 (INFO): APPLICATION_PATH => /var/www/fass-dev.fresco-co.net/Web/application
2021-10-02T21:36:17+09:00 (INFO): APPLICATION_ENV => development
2021-10-02T21:36:17+09:00 (INFO): [-------------------------------]
2021-10-02T21:37:48+09:00 (INFO): ---------------------------------- start process ----------------------------------
2021-10-02T21:37:48+09:00 (INFO): [----- process informations -----]
2021-10-02T21:37:48+09:00 (INFO): APPLICATION_PATH => /var/www/fass-dev.fresco-co.net/Web/application
2021-10-02T21:37:48+09:00 (INFO): APPLICATION_ENV => development
2021-10-02T21:37:48+09:00 (INFO): [-------------------------------]
2021-10-02T21:37:48+09:00 (INFO): total time: 0.035052061080933 sec
2021-10-02T21:37:48+09:00 (INFO): ----------------------------------  end process  ----------------------------------
2021-10-02T21:38:07+09:00 (INFO): ---------------------------------- start process ----------------------------------
2021-10-02T21:38:07+09:00 (INFO): [----- process informations -----]
2021-10-02T21:38:07+09:00 (INFO): APPLICATION_PATH => /var/www/fass-dev.fresco-co.net/Web/application
2021-10-02T21:38:07+09:00 (INFO): APPLICATION_ENV => development
2021-10-02T21:38:07+09:00 (INFO): [-------------------------------]
2021-10-02T21:38:24+09:00 (INFO): ---------------------------------- start process ----------------------------------
2021-10-02T21:38:24+09:00 (INFO): [----- process informations -----]
2021-10-02T21:38:24+09:00 (INFO): APPLICATION_PATH => /var/www/fass-dev.fresco-co.net/Web/application
2021-10-02T21:38:24+09:00 (INFO): APPLICATION_ENV => development
2021-10-02T21:38:24+09:00 (INFO): [-------------------------------]
2021-10-02T21:38:24+09:00 (INFO): total time: 0.023197174072266 sec
2021-10-02T21:38:24+09:00 (INFO): ----------------------------------  end process  ----------------------------------
2021-10-02T21:38:42+09:00 (INFO): ---------------------------------- start process ----------------------------------
2021-10-02T21:38:42+09:00 (INFO): [----- process informations -----]
2021-10-02T21:38:42+09:00 (INFO): APPLICATION_PATH => /var/www/fass-dev.fresco-co.net/Web/application
2021-10-02T21:38:42+09:00 (INFO): APPLICATION_ENV => development
2021-10-02T21:38:42+09:00 (INFO): [-------------------------------]
2021-10-02T21:38:59+09:00 (INFO): ---------------------------------- start process ----------------------------------
2021-10-02T21:38:59+09:00 (INFO): [----- process informations -----]
2021-10-02T21:38:59+09:00 (INFO): APPLICATION_PATH => /var/www/fass-dev.fresco-co.net/Web/application
2021-10-02T21:38:59+09:00 (INFO): APPLICATION_ENV => development
2021-10-02T21:38:59+09:00 (INFO): [-------------------------------]
2021-10-02T21:38:59+09:00 (INFO): total time: 0.023329019546509 sec
2021-10-02T21:38:59+09:00 (INFO): ----------------------------------  end process  ----------------------------------
2021-10-02T21:39:12+09:00 (INFO): ---------------------------------- start process ----------------------------------
2021-10-02T21:39:12+09:00 (INFO): [----- process informations -----]
2021-10-02T21:39:12+09:00 (INFO): APPLICATION_PATH => /var/www/fass-dev.fresco-co.net/Web/application
2021-10-02T21:39:12+09:00 (INFO): APPLICATION_ENV => development
2021-10-02T21:39:12+09:00 (INFO): [-------------------------------]
2021-10-02T21:39:12+09:00 (INFO): total time: 0.02324104309082 sec
2021-10-02T21:39:12+09:00 (INFO): ----------------------------------  end process  ----------------------------------
2021-10-02T21:39:38+09:00 (INFO): ---------------------------------- start process ----------------------------------
2021-10-02T21:39:38+09:00 (INFO): [----- process informations -----]
2021-10-02T21:39:38+09:00 (INFO): APPLICATION_PATH => /var/www/fass-dev.fresco-co.net/Web/application
2021-10-02T21:39:38+09:00 (INFO): APPLICATION_ENV => development
2021-10-02T21:39:38+09:00 (INFO): [-------------------------------]
2021-10-02T21:39:57+09:00 (INFO): ---------------------------------- start process ----------------------------------
2021-10-02T21:39:57+09:00 (INFO): [----- process informations -----]
2021-10-02T21:39:57+09:00 (INFO): APPLICATION_PATH => /var/www/fass-dev.fresco-co.net/Web/application
2021-10-02T21:39:57+09:00 (INFO): APPLICATION_ENV => development
2021-10-02T21:39:57+09:00 (INFO): [-------------------------------]
2021-10-02T21:39:57+09:00 (INFO): total time: 0.0097150802612305 sec
2021-10-02T21:39:57+09:00 (INFO): ----------------------------------  end process  ----------------------------------
2021-10-02T21:40:15+09:00 (INFO): ---------------------------------- start process ----------------------------------
2021-10-02T21:40:15+09:00 (INFO): [----- process informations -----]
2021-10-02T21:40:15+09:00 (INFO): APPLICATION_PATH => /var/www/fass-dev.fresco-co.net/Web/application
2021-10-02T21:40:15+09:00 (INFO): APPLICATION_ENV => development
2021-10-02T21:40:15+09:00 (INFO): [-------------------------------]
2021-10-02T21:40:15+09:00 (INFO): total time: 0.0068168640136719 sec
2021-10-02T21:40:15+09:00 (INFO): ----------------------------------  end process  ----------------------------------
2021-10-02T21:41:31+09:00 (INFO): ---------------------------------- start process ----------------------------------
2021-10-02T21:41:31+09:00 (INFO): [----- process informations -----]
2021-10-02T21:41:31+09:00 (INFO): APPLICATION_PATH => /var/www/fass-dev.fresco-co.net/Web/application
2021-10-02T21:41:31+09:00 (INFO): APPLICATION_ENV => development
2021-10-02T21:41:31+09:00 (INFO): [-------------------------------]
2021-10-02T21:41:32+09:00 (INFO): total time: 0.02355694770813 sec
2021-10-02T21:41:32+09:00 (INFO): ----------------------------------  end process  ----------------------------------
2021-10-02T21:42:00+09:00 (INFO): ---------------------------------- start process ----------------------------------
2021-10-02T21:42:00+09:00 (INFO): [----- process informations -----]
2021-10-02T21:42:00+09:00 (INFO): APPLICATION_PATH => /var/www/fass-dev.fresco-co.net/Web/application
2021-10-02T21:42:00+09:00 (INFO): APPLICATION_ENV => development
2021-10-02T21:42:00+09:00 (INFO): [-------------------------------]
2021-10-02T21:42:00+09:00 (INFO): total time: 0.023135900497437 sec
2021-10-02T21:42:00+09:00 (INFO): ----------------------------------  end process  ----------------------------------
2021-10-02T21:42:09+09:00 (INFO): ---------------------------------- start process ----------------------------------
2021-10-02T21:42:09+09:00 (INFO): [----- process informations -----]
2021-10-02T21:42:09+09:00 (INFO): APPLICATION_PATH => /var/www/fass-dev.fresco-co.net/Web/application
2021-10-02T21:42:09+09:00 (INFO): APPLICATION_ENV => development
2021-10-02T21:42:09+09:00 (INFO): [-------------------------------]
2021-10-02T21:42:10+09:00 (INFO): total time: 0.023619890213013 sec
2021-10-02T21:42:10+09:00 (INFO): ----------------------------------  end process  ----------------------------------
2021-10-02T21:42:31+09:00 (INFO): ---------------------------------- start process ----------------------------------
2021-10-02T21:42:31+09:00 (INFO): [----- process informations -----]
2021-10-02T21:42:31+09:00 (INFO): APPLICATION_PATH => /var/www/fass-dev.fresco-co.net/Web/application
2021-10-02T21:42:31+09:00 (INFO): APPLICATION_ENV => development
2021-10-02T21:42:31+09:00 (INFO): [-------------------------------]
2021-10-02T21:42:59+09:00 (INFO): ---------------------------------- start process ----------------------------------
2021-10-02T21:42:59+09:00 (INFO): [----- process informations -----]
2021-10-02T21:42:59+09:00 (INFO): APPLICATION_PATH => /var/www/fass-dev.fresco-co.net/Web/application
2021-10-02T21:42:59+09:00 (INFO): APPLICATION_ENV => development
2021-10-02T21:42:59+09:00 (INFO): [-------------------------------]
2021-10-02T21:42:59+09:00 (INFO): total time: 0.026331901550293 sec
2021-10-02T21:42:59+09:00 (INFO): ----------------------------------  end process  ----------------------------------
2021-10-02T21:43:24+09:00 (INFO): ---------------------------------- start process ----------------------------------
2021-10-02T21:43:24+09:00 (INFO): [----- process informations -----]
2021-10-02T21:43:24+09:00 (INFO): APPLICATION_PATH => /var/www/fass-dev.fresco-co.net/Web/application
2021-10-02T21:43:24+09:00 (INFO): APPLICATION_ENV => development
2021-10-02T21:43:24+09:00 (INFO): [-------------------------------]
2021-10-02T21:43:24+09:00 (INFO): total time: 0.025154113769531 sec
2021-10-02T21:43:24+09:00 (INFO): ----------------------------------  end process  ----------------------------------
2021-10-02T21:44:00+09:00 (INFO): ---------------------------------- start process ----------------------------------
2021-10-02T21:44:00+09:00 (INFO): [----- process informations -----]
2021-10-02T21:44:00+09:00 (INFO): APPLICATION_PATH => /var/www/fass-dev.fresco-co.net/Web/application
2021-10-02T21:44:00+09:00 (INFO): APPLICATION_ENV => development
2021-10-02T21:44:00+09:00 (INFO): [-------------------------------]
2021-10-02T21:44:00+09:00 (INFO): total time: 0.025005102157593 sec
2021-10-02T21:44:00+09:00 (INFO): ----------------------------------  end process  ----------------------------------
2021-10-02T21:45:17+09:00 (INFO): ---------------------------------- start process ----------------------------------
2021-10-02T21:45:17+09:00 (INFO): [----- process informations -----]
2021-10-02T21:45:17+09:00 (INFO): APPLICATION_PATH => /var/www/fass-dev.fresco-co.net/Web/application
2021-10-02T21:45:17+09:00 (INFO): APPLICATION_ENV => development
2021-10-02T21:45:17+09:00 (INFO): [-------------------------------]
2021-10-02T21:45:17+09:00 (INFO): total time: 0.023489952087402 sec
2021-10-02T21:45:17+09:00 (INFO): ----------------------------------  end process  ----------------------------------
2021-10-02T21:45:48+09:00 (INFO): ---------------------------------- start process ----------------------------------
2021-10-02T21:45:48+09:00 (INFO): [----- process informations -----]
2021-10-02T21:45:48+09:00 (INFO): APPLICATION_PATH => /var/www/fass-dev.fresco-co.net/Web/application
2021-10-02T21:45:48+09:00 (INFO): APPLICATION_ENV => development
2021-10-02T21:45:48+09:00 (INFO): [-------------------------------]
2021-10-02T21:45:48+09:00 (INFO): total time: 0.02186107635498 sec
2021-10-02T21:45:48+09:00 (INFO): ----------------------------------  end process  ----------------------------------
2021-10-02T21:46:20+09:00 (INFO): ---------------------------------- start process ----------------------------------
2021-10-02T21:46:20+09:00 (INFO): [----- process informations -----]
2021-10-02T21:46:20+09:00 (INFO): APPLICATION_PATH => /var/www/fass-dev.fresco-co.net/Web/application
2021-10-02T21:46:20+09:00 (INFO): APPLICATION_ENV => development
2021-10-02T21:46:20+09:00 (INFO): [-------------------------------]
2021-10-02T21:46:20+09:00 (INFO): total time: 0.023829936981201 sec
2021-10-02T21:46:20+09:00 (INFO): ----------------------------------  end process  ----------------------------------
2021-10-02T21:46:27+09:00 (INFO): ---------------------------------- start process ----------------------------------
2021-10-02T21:46:27+09:00 (INFO): [----- process informations -----]
2021-10-02T21:46:27+09:00 (INFO): APPLICATION_PATH => /var/www/fass-dev.fresco-co.net/Web/application
2021-10-02T21:46:27+09:00 (INFO): APPLICATION_ENV => development
2021-10-02T21:46:27+09:00 (INFO): [-------------------------------]
2021-10-02T21:46:27+09:00 (INFO): total time: 0.023352861404419 sec
2021-10-02T21:46:27+09:00 (INFO): ----------------------------------  end process  ----------------------------------
2021-10-02T21:47:04+09:00 (INFO): ---------------------------------- start process ----------------------------------
2021-10-02T21:47:04+09:00 (INFO): [----- process informations -----]
2021-10-02T21:47:04+09:00 (INFO): APPLICATION_PATH => /var/www/fass-dev.fresco-co.net/Web/application
2021-10-02T21:47:04+09:00 (INFO): APPLICATION_ENV => development
2021-10-02T21:47:04+09:00 (INFO): [-------------------------------]
2021-10-02T21:47:04+09:00 (INFO): total time: 0.031476020812988 sec
2021-10-02T21:47:04+09:00 (INFO): ----------------------------------  end process  ----------------------------------
2021-10-02T22:10:41+09:00 (INFO): ---------------------------------- start process ----------------------------------
2021-10-02T22:10:41+09:00 (INFO): [----- process informations -----]
2021-10-02T22:10:41+09:00 (INFO): APPLICATION_PATH => /var/www/fass-dev.fresco-co.net/Web/application
2021-10-02T22:10:41+09:00 (INFO): APPLICATION_ENV => development
2021-10-02T22:10:41+09:00 (INFO): [-------------------------------]
2021-10-02T22:10:41+09:00 (INFO): total time: 0.029647827148438 sec
2021-10-02T22:10:41+09:00 (INFO): ----------------------------------  end process  ----------------------------------
2021-10-02T22:14:35+09:00 (INFO): ---------------------------------- start process ----------------------------------
2021-10-02T22:14:35+09:00 (INFO): [----- process informations -----]
2021-10-02T22:14:35+09:00 (INFO): APPLICATION_PATH => /var/www/fass-dev.fresco-co.net/Web/application
2021-10-02T22:14:35+09:00 (INFO): APPLICATION_ENV => development
2021-10-02T22:14:35+09:00 (INFO): [-------------------------------]
2021-10-02T22:14:36+09:00 (INFO): total time: 0.86531496047974 sec
2021-10-02T22:14:36+09:00 (INFO): ----------------------------------  end process  ----------------------------------
2021-10-02T22:18:05+09:00 (INFO): ---------------------------------- start process ----------------------------------
2021-10-02T22:18:05+09:00 (INFO): [----- process informations -----]
2021-10-02T22:18:05+09:00 (INFO): APPLICATION_PATH => /var/www/fass-dev.fresco-co.net/Web/application
2021-10-02T22:18:05+09:00 (INFO): APPLICATION_ENV => development
2021-10-02T22:18:05+09:00 (INFO): [-------------------------------]
2021-10-02T22:18:06+09:00 (INFO): total time: 1.0044350624084 sec
2021-10-02T22:18:06+09:00 (INFO): ----------------------------------  end process  ----------------------------------
2021-10-02T22:20:46+09:00 (INFO): ---------------------------------- start process ----------------------------------
2021-10-02T22:20:46+09:00 (INFO): [----- process informations -----]
2021-10-02T22:20:46+09:00 (INFO): APPLICATION_PATH => /var/www/fass-dev.fresco-co.net/Web/application
2021-10-02T22:20:46+09:00 (INFO): APPLICATION_ENV => development
2021-10-02T22:20:46+09:00 (INFO): [-------------------------------]
2021-10-02T22:20:47+09:00 (INFO): total time: 0.71697497367859 sec
2021-10-02T22:20:47+09:00 (INFO): ----------------------------------  end process  ----------------------------------
