2021-10-06T19:43:00+09:00 (INFO): ---------------------------------- start process ----------------------------------
2021-10-06T19:43:00+09:00 (INFO): [----- process informations -----]
2021-10-06T19:43:00+09:00 (INFO): APPLICATION_PATH => /var/www/fass-dev.fresco-co.net/Web/application
2021-10-06T19:43:00+09:00 (INFO): APPLICATION_ENV => development
2021-10-06T19:43:00+09:00 (INFO): [-------------------------------]
2021-10-06T19:43:01+09:00 (INFO): total time: 1.0369699001312 sec
2021-10-06T19:43:01+09:00 (INFO): ----------------------------------  end process  ----------------------------------
2021-10-06T20:30:38+09:00 (INFO): ---------------------------------- start process ----------------------------------
2021-10-06T20:30:38+09:00 (INFO): [----- process informations -----]
2021-10-06T20:30:38+09:00 (INFO): APPLICATION_PATH => /var/www/fass-dev.fresco-co.net/Web/application
2021-10-06T20:30:38+09:00 (INFO): APPLICATION_ENV => development
2021-10-06T20:30:38+09:00 (INFO): [-------------------------------]
2021-10-06T20:31:16+09:00 (INFO): ---------------------------------- start process ----------------------------------
2021-10-06T20:31:16+09:00 (INFO): [----- process informations -----]
2021-10-06T20:31:16+09:00 (INFO): APPLICATION_PATH => /var/www/fass-dev.fresco-co.net/Web/application
2021-10-06T20:31:16+09:00 (INFO): APPLICATION_ENV => development
2021-10-06T20:31:16+09:00 (INFO): [-------------------------------]
2021-10-06T20:31:27+09:00 (INFO): ---------------------------------- start process ----------------------------------
2021-10-06T20:31:27+09:00 (INFO): [----- process informations -----]
2021-10-06T20:31:27+09:00 (INFO): APPLICATION_PATH => /var/www/fass-dev.fresco-co.net/Web/application
2021-10-06T20:31:27+09:00 (INFO): APPLICATION_ENV => development
2021-10-06T20:31:27+09:00 (INFO): [-------------------------------]
2021-10-06T20:31:27+09:00 (INFO): total time: 0.032011985778809 sec
2021-10-06T20:31:27+09:00 (INFO): ----------------------------------  end process  ----------------------------------
2021-10-06T20:32:49+09:00 (INFO): ---------------------------------- start process ----------------------------------
2021-10-06T20:32:49+09:00 (INFO): [----- process informations -----]
2021-10-06T20:32:49+09:00 (INFO): APPLICATION_PATH => /var/www/fass-dev.fresco-co.net/Web/application
2021-10-06T20:32:49+09:00 (INFO): APPLICATION_ENV => development
2021-10-06T20:32:49+09:00 (INFO): [-------------------------------]
2021-10-06T20:32:50+09:00 (INFO): total time: 1.3243598937988 sec
2021-10-06T20:32:50+09:00 (INFO): ----------------------------------  end process  ----------------------------------
2021-10-06T20:34:05+09:00 (INFO): ---------------------------------- start process ----------------------------------
2021-10-06T20:34:05+09:00 (INFO): [----- process informations -----]
2021-10-06T20:34:05+09:00 (INFO): APPLICATION_PATH => /var/www/fass-dev.fresco-co.net/Web/application
2021-10-06T20:34:05+09:00 (INFO): APPLICATION_ENV => development
2021-10-06T20:34:05+09:00 (INFO): [-------------------------------]
2021-10-06T20:34:06+09:00 (INFO): total time: 1.2450671195984 sec
2021-10-06T20:34:06+09:00 (INFO): ----------------------------------  end process  ----------------------------------
2021-10-06T20:42:30+09:00 (INFO): ---------------------------------- start process ----------------------------------
2021-10-06T20:42:30+09:00 (INFO): [----- process informations -----]
2021-10-06T20:42:30+09:00 (INFO): APPLICATION_PATH => /var/www/fass-dev.fresco-co.net/Web/application
2021-10-06T20:42:30+09:00 (INFO): APPLICATION_ENV => development
2021-10-06T20:42:30+09:00 (INFO): [-------------------------------]
2021-10-06T20:42:31+09:00 (INFO): total time: 1.1370251178741 sec
2021-10-06T20:42:31+09:00 (INFO): ----------------------------------  end process  ----------------------------------
2021-10-06T20:46:48+09:00 (INFO): ---------------------------------- start process ----------------------------------
2021-10-06T20:46:48+09:00 (INFO): [----- process informations -----]
2021-10-06T20:46:48+09:00 (INFO): APPLICATION_PATH => /var/www/fass-dev.fresco-co.net/Web/application
2021-10-06T20:46:48+09:00 (INFO): APPLICATION_ENV => development
2021-10-06T20:46:48+09:00 (INFO): [-------------------------------]
2021-10-06T20:46:49+09:00 (INFO): total time: 1.3191299438477 sec
2021-10-06T20:46:49+09:00 (INFO): ----------------------------------  end process  ----------------------------------
2021-10-06T23:12:07+09:00 (INFO): ---------------------------------- start process ----------------------------------
2021-10-06T23:12:07+09:00 (INFO): [----- process informations -----]
2021-10-06T23:12:07+09:00 (INFO): APPLICATION_PATH => /var/www/fass-dev.fresco-co.net/Web/application
2021-10-06T23:12:07+09:00 (INFO): APPLICATION_ENV => development
2021-10-06T23:12:07+09:00 (INFO): [-------------------------------]
2021-10-06T23:12:09+09:00 (INFO): total time: 1.444109916687 sec
2021-10-06T23:12:09+09:00 (INFO): ----------------------------------  end process  ----------------------------------
