2021-10-12T09:46:38+09:00 (INFO): ---------------------------------- start process ----------------------------------
2021-10-12T09:46:38+09:00 (INFO): [----- process informations -----]
2021-10-12T09:46:38+09:00 (INFO): APPLICATION_PATH => /var/www/fass-dev.fresco-co.net/Web/application
2021-10-12T09:46:38+09:00 (INFO): APPLICATION_ENV => development
2021-10-12T09:46:38+09:00 (INFO): [-------------------------------]
2021-10-12T09:46:39+09:00 (INFO): total time: 0.91718602180481 sec
2021-10-12T09:46:39+09:00 (INFO): ----------------------------------  end process  ----------------------------------
2021-10-12T09:49:02+09:00 (INFO): ---------------------------------- start process ----------------------------------
2021-10-12T09:49:02+09:00 (INFO): [----- process informations -----]
2021-10-12T09:49:02+09:00 (INFO): APPLICATION_PATH => /var/www/fass-dev.fresco-co.net/Web/application
2021-10-12T09:49:02+09:00 (INFO): APPLICATION_ENV => development
2021-10-12T09:49:02+09:00 (INFO): [-------------------------------]
2021-10-12T09:49:03+09:00 (INFO): total time: 0.68426394462585 sec
2021-10-12T09:49:03+09:00 (INFO): ----------------------------------  end process  ----------------------------------
2021-10-12T09:52:03+09:00 (INFO): ---------------------------------- start process ----------------------------------
2021-10-12T09:52:03+09:00 (INFO): [----- process informations -----]
2021-10-12T09:52:03+09:00 (INFO): APPLICATION_PATH => /var/www/fass-dev.fresco-co.net/Web/application
2021-10-12T09:52:03+09:00 (INFO): APPLICATION_ENV => development
2021-10-12T09:52:03+09:00 (INFO): [-------------------------------]
2021-10-12T09:52:04+09:00 (INFO): total time: 0.43295097351074 sec
2021-10-12T09:52:04+09:00 (INFO): ----------------------------------  end process  ----------------------------------
