2021-10-27T15:35:10+09:00 (NOTICE): Invalid controller specified (phpmyadmin) %info%
2021-10-27T15:35:10+09:00 (NOTICE): Request Parameters Array
(
    [controller] => phpmyadmin
    [module] => front
    [action] => index
)

2021-10-27T15:38:44+09:00 (NOTICE): Invalid controller specified (phpmyadmin) %info%
2021-10-27T15:38:44+09:00 (NOTICE): Request Parameters Array
(
    [controller] => phpmyadmin
    [module] => front
    [action] => index
)

2021-10-27T15:38:48+09:00 (NOTICE): Invalid controller specified (phpmyadmin) %info%
2021-10-27T15:38:48+09:00 (NOTICE): Request Parameters Array
(
    [controller] => phpmyadmin
    [module] => front
    [action] => index
)

