2021-10-09T18:26:20+09:00 (CRIT): SQLSTATE[HY093]: Invalid parameter number: no parameters were bound #0 /var/www/fass-dev.fresco-co.net/Web/library/Zend/Db/Statement.php(305): Zend_Db_Statement_Pdo->_execute(Array)
#1 /var/www/fass-dev.fresco-co.net/Web/library/Zend/Db/Adapter/Abstract.php(479): Zend_Db_Statement->execute(Array)
#2 /var/www/fass-dev.fresco-co.net/Web/library/Zend/Db/Adapter/Pdo/Abstract.php(238): Zend_Db_Adapter_Abstract->query(Object(Nutex_Data_Db_Select), Array)
#3 /var/www/fass-dev.fresco-co.net/Web/library/Nutex/Data/Db/Select.php(18): Zend_Db_Adapter_Pdo_Abstract->query(Object(Nutex_Data_Db_Select))
#4 /var/www/fass-dev.fresco-co.net/Web/application/models/Data/AccountBankHistoryItem.php(178): Nutex_Data_Db_Select->query()
#5 /var/www/fass-dev.fresco-co.net/Web/application/modules/front/controllers/TransactionBankController.php(352): Shared_Model_Data_AccountBankHistoryItem->haveNoneAttachWithTerm('16', '2021-10-01', '2021-10-31')
#6 /var/www/fass-dev.fresco-co.net/Web/library/Zend/Controller/Action.php(516): TransactionBankController->logListAction()
#7 /var/www/fass-dev.fresco-co.net/Web/library/Zend/Controller/Dispatcher/Standard.php(295): Zend_Controller_Action->dispatch('logListAction')
#8 /var/www/fass-dev.fresco-co.net/Web/library/Zend/Controller/Front.php(954): Zend_Controller_Dispatcher_Standard->dispatch(Object(Nutex_Request), Object(Nutex_Response))
#9 /var/www/fass-dev.fresco-co.net/Web/library/Zend/Application/Bootstrap/Bootstrap.php(97): Zend_Controller_Front->dispatch()
#10 /var/www/fass-dev.fresco-co.net/Web/library/Zend/Application.php(366): Zend_Application_Bootstrap_Bootstrap->run()
#11 /var/www/fass-dev.fresco-co.net/Web/public/index.php(22): Zend_Application->run()
#12 {main}
2021-10-09T18:26:20+09:00 (CRIT): Request Parameters Array
(
    [controller] => transaction-bank
    [action] => log-list
    [module] => front
    [bank_id] => 16
)

2021-10-09T19:21:35+09:00 (CRIT): SQLSTATE[42000]: Syntax error or access violation: 1064 You have an error in your SQL syntax; check the manual that corresponds to your MariaDB server version for the right syntax to use near '16') AND (frs_account_bank_history_item.status = 0) AND (frs_account_bank_histor' at line 1 #0 /var/www/fass-dev.fresco-co.net/Web/library/Zend/Db/Statement.php(305): Zend_Db_Statement_Pdo->_execute(Array)
#1 /var/www/fass-dev.fresco-co.net/Web/library/Zend/Db/Adapter/Abstract.php(479): Zend_Db_Statement->execute(Array)
#2 /var/www/fass-dev.fresco-co.net/Web/library/Zend/Db/Adapter/Pdo/Abstract.php(238): Zend_Db_Adapter_Abstract->query(Object(Nutex_Data_Db_Select), Array)
#3 /var/www/fass-dev.fresco-co.net/Web/library/Nutex/Data/Db/Select.php(18): Zend_Db_Adapter_Pdo_Abstract->query(Object(Nutex_Data_Db_Select))
#4 /var/www/fass-dev.fresco-co.net/Web/application/models/Data/AccountBankHistoryItem.php(178): Nutex_Data_Db_Select->query()
#5 /var/www/fass-dev.fresco-co.net/Web/application/modules/front/controllers/TransactionBankController.php(352): Shared_Model_Data_AccountBankHistoryItem->haveNoneAttachWithTerm('16', '2021-10-01', '2021-10-31')
#6 /var/www/fass-dev.fresco-co.net/Web/library/Zend/Controller/Action.php(516): TransactionBankController->logListAction()
#7 /var/www/fass-dev.fresco-co.net/Web/library/Zend/Controller/Dispatcher/Standard.php(295): Zend_Controller_Action->dispatch('logListAction')
#8 /var/www/fass-dev.fresco-co.net/Web/library/Zend/Controller/Front.php(954): Zend_Controller_Dispatcher_Standard->dispatch(Object(Nutex_Request), Object(Nutex_Response))
#9 /var/www/fass-dev.fresco-co.net/Web/library/Zend/Application/Bootstrap/Bootstrap.php(97): Zend_Controller_Front->dispatch()
#10 /var/www/fass-dev.fresco-co.net/Web/library/Zend/Application.php(366): Zend_Application_Bootstrap_Bootstrap->run()
#11 /var/www/fass-dev.fresco-co.net/Web/public/index.php(22): Zend_Application->run()
#12 {main}
2021-10-09T19:21:35+09:00 (CRIT): Request Parameters Array
(
    [controller] => transaction-bank
    [action] => log-list
    [module] => front
    [bank_id] => 16
)

2021-10-09T19:22:00+09:00 (CRIT): SQLSTATE[42000]: Syntax error or access violation: 1064 You have an error in your SQL syntax; check the manual that corresponds to your MariaDB server version for the right syntax to use near '16') AND (frs_account_bank_history_item.status = 0) AND (frs_account_bank_histor' at line 1 #0 /var/www/fass-dev.fresco-co.net/Web/library/Zend/Db/Statement.php(305): Zend_Db_Statement_Pdo->_execute(Array)
#1 /var/www/fass-dev.fresco-co.net/Web/library/Zend/Db/Adapter/Abstract.php(479): Zend_Db_Statement->execute(Array)
#2 /var/www/fass-dev.fresco-co.net/Web/library/Zend/Db/Adapter/Pdo/Abstract.php(238): Zend_Db_Adapter_Abstract->query(Object(Nutex_Data_Db_Select), Array)
#3 /var/www/fass-dev.fresco-co.net/Web/library/Nutex/Data/Db/Select.php(18): Zend_Db_Adapter_Pdo_Abstract->query(Object(Nutex_Data_Db_Select))
#4 /var/www/fass-dev.fresco-co.net/Web/application/models/Data/AccountBankHistoryItem.php(178): Nutex_Data_Db_Select->query()
#5 /var/www/fass-dev.fresco-co.net/Web/application/modules/front/controllers/TransactionBankController.php(352): Shared_Model_Data_AccountBankHistoryItem->haveNoneAttachWithTerm('16', '2021-10-01', '2021-10-31')
#6 /var/www/fass-dev.fresco-co.net/Web/library/Zend/Controller/Action.php(516): TransactionBankController->logListAction()
#7 /var/www/fass-dev.fresco-co.net/Web/library/Zend/Controller/Dispatcher/Standard.php(295): Zend_Controller_Action->dispatch('logListAction')
#8 /var/www/fass-dev.fresco-co.net/Web/library/Zend/Controller/Front.php(954): Zend_Controller_Dispatcher_Standard->dispatch(Object(Nutex_Request), Object(Nutex_Response))
#9 /var/www/fass-dev.fresco-co.net/Web/library/Zend/Application/Bootstrap/Bootstrap.php(97): Zend_Controller_Front->dispatch()
#10 /var/www/fass-dev.fresco-co.net/Web/library/Zend/Application.php(366): Zend_Application_Bootstrap_Bootstrap->run()
#11 /var/www/fass-dev.fresco-co.net/Web/public/index.php(22): Zend_Application->run()
#12 {main}
2021-10-09T19:22:00+09:00 (CRIT): Request Parameters Array
(
    [controller] => transaction-bank
    [action] => log-list
    [module] => front
    [bank_id] => 16
)

2021-10-09T19:22:02+09:00 (CRIT): SQLSTATE[42000]: Syntax error or access violation: 1064 You have an error in your SQL syntax; check the manual that corresponds to your MariaDB server version for the right syntax to use near '16') AND (frs_account_bank_history_item.status = 0) AND (frs_account_bank_histor' at line 1 #0 /var/www/fass-dev.fresco-co.net/Web/library/Zend/Db/Statement.php(305): Zend_Db_Statement_Pdo->_execute(Array)
#1 /var/www/fass-dev.fresco-co.net/Web/library/Zend/Db/Adapter/Abstract.php(479): Zend_Db_Statement->execute(Array)
#2 /var/www/fass-dev.fresco-co.net/Web/library/Zend/Db/Adapter/Pdo/Abstract.php(238): Zend_Db_Adapter_Abstract->query(Object(Nutex_Data_Db_Select), Array)
#3 /var/www/fass-dev.fresco-co.net/Web/library/Nutex/Data/Db/Select.php(18): Zend_Db_Adapter_Pdo_Abstract->query(Object(Nutex_Data_Db_Select))
#4 /var/www/fass-dev.fresco-co.net/Web/application/models/Data/AccountBankHistoryItem.php(178): Nutex_Data_Db_Select->query()
#5 /var/www/fass-dev.fresco-co.net/Web/application/modules/front/controllers/TransactionBankController.php(352): Shared_Model_Data_AccountBankHistoryItem->haveNoneAttachWithTerm('16', '2021-10-01', '2021-10-31')
#6 /var/www/fass-dev.fresco-co.net/Web/library/Zend/Controller/Action.php(516): TransactionBankController->logListAction()
#7 /var/www/fass-dev.fresco-co.net/Web/library/Zend/Controller/Dispatcher/Standard.php(295): Zend_Controller_Action->dispatch('logListAction')
#8 /var/www/fass-dev.fresco-co.net/Web/library/Zend/Controller/Front.php(954): Zend_Controller_Dispatcher_Standard->dispatch(Object(Nutex_Request), Object(Nutex_Response))
#9 /var/www/fass-dev.fresco-co.net/Web/library/Zend/Application/Bootstrap/Bootstrap.php(97): Zend_Controller_Front->dispatch()
#10 /var/www/fass-dev.fresco-co.net/Web/library/Zend/Application.php(366): Zend_Application_Bootstrap_Bootstrap->run()
#11 /var/www/fass-dev.fresco-co.net/Web/public/index.php(22): Zend_Application->run()
#12 {main}
2021-10-09T19:22:02+09:00 (CRIT): Request Parameters Array
(
    [controller] => transaction-bank
    [action] => log-list
    [module] => front
    [bank_id] => 16
)

2021-10-09T22:13:27+09:00 (CRIT): SQLSTATE[42S22]: Column not found: 1054 Unknown column 'is_attached' in 'where clause' #0 /var/www/fass-dev.fresco-co.net/Web/library/Zend/Db/Statement.php(305): Zend_Db_Statement_Pdo->_execute(Array)
#1 /var/www/fass-dev.fresco-co.net/Web/library/Zend/Db/Adapter/Abstract.php(479): Zend_Db_Statement->execute(Array)
#2 /var/www/fass-dev.fresco-co.net/Web/library/Zend/Db/Adapter/Pdo/Abstract.php(238): Zend_Db_Adapter_Abstract->query(Object(Nutex_Data_Db_Select), Array)
#3 /var/www/fass-dev.fresco-co.net/Web/library/Nutex/Data/Db/Select.php(18): Zend_Db_Adapter_Pdo_Abstract->query(Object(Nutex_Data_Db_Select))
#4 /var/www/fass-dev.fresco-co.net/Web/application/modules/front/controllers/TransactionPaidController.php(41): Nutex_Data_Db_Select->query()
#5 /var/www/fass-dev.fresco-co.net/Web/library/Zend/Controller/Action.php(516): TransactionPaidController->checkAction()
#6 /var/www/fass-dev.fresco-co.net/Web/library/Zend/Controller/Dispatcher/Standard.php(295): Zend_Controller_Action->dispatch('checkAction')
#7 /var/www/fass-dev.fresco-co.net/Web/library/Zend/Controller/Front.php(954): Zend_Controller_Dispatcher_Standard->dispatch(Object(Nutex_Request), Object(Nutex_Response))
#8 /var/www/fass-dev.fresco-co.net/Web/library/Zend/Application/Bootstrap/Bootstrap.php(97): Zend_Controller_Front->dispatch()
#9 /var/www/fass-dev.fresco-co.net/Web/library/Zend/Application.php(366): Zend_Application_Bootstrap_Bootstrap->run()
#10 /var/www/fass-dev.fresco-co.net/Web/public/index.php(22): Zend_Application->run()
#11 {main}
2021-10-09T22:13:27+09:00 (CRIT): Request Parameters Array
(
    [controller] => transaction-paid
    [action] => check
    [module] => front
)

