2021-10-01T14:33:58+09:00 (CRIT): script 'organization/gmo-set-up.phtml' not found in path (/var/www/fass-dev.fresco-co.net/Web/application/modules/front/views/default/scripts/:/var/www/fass-dev.fresco-co.net/Web/application/modules/front/views/scripts/) #0 /var/www/fass-dev.fresco-co.net/Web/library/Zend/View/Abstract.php(884): Zend_View_Abstract->_script('organization/gm...')
#1 /var/www/fass-dev.fresco-co.net/Web/library/Zend/Controller/Action/Helper/ViewRenderer.php(900): Zend_View_Abstract->render('organization/gm...')
#2 /var/www/fass-dev.fresco-co.net/Web/library/Zend/Controller/Action/Helper/ViewRenderer.php(921): Zend_Controller_Action_Helper_ViewRenderer->renderScript('organization/gm...', NULL)
#3 /var/www/fass-dev.fresco-co.net/Web/library/Zend/Controller/Action/Helper/ViewRenderer.php(960): Zend_Controller_Action_Helper_ViewRenderer->render()
#4 /var/www/fass-dev.fresco-co.net/Web/library/Zend/Controller/Action/HelperBroker.php(277): Zend_Controller_Action_Helper_ViewRenderer->postDispatch()
#5 /var/www/fass-dev.fresco-co.net/Web/library/Zend/Controller/Action.php(527): Zend_Controller_Action_HelperBroker->notifyPostDispatch()
#6 /var/www/fass-dev.fresco-co.net/Web/library/Zend/Controller/Dispatcher/Standard.php(295): Zend_Controller_Action->dispatch('gmoSetUpAction')
#7 /var/www/fass-dev.fresco-co.net/Web/library/Zend/Controller/Front.php(954): Zend_Controller_Dispatcher_Standard->dispatch(Object(Nutex_Request), Object(Nutex_Response))
#8 /var/www/fass-dev.fresco-co.net/Web/library/Zend/Application/Bootstrap/Bootstrap.php(97): Zend_Controller_Front->dispatch()
#9 /var/www/fass-dev.fresco-co.net/Web/library/Zend/Application.php(366): Zend_Application_Bootstrap_Bootstrap->run()
#10 /var/www/fass-dev.fresco-co.net/Web/public/index.php(22): Zend_Application->run()
#11 {main}
2021-10-01T14:33:58+09:00 (CRIT): Request Parameters Array
(
    [controller] => organization
    [action] => gmo-set-up
    [module] => front
)

2021-10-01T14:40:03+09:00 (CRIT): script 'organization/gmo-set-up.phtml' not found in path (/var/www/fass-dev.fresco-co.net/Web/application/modules/front/views/default/scripts/:/var/www/fass-dev.fresco-co.net/Web/application/modules/front/views/scripts/) #0 /var/www/fass-dev.fresco-co.net/Web/library/Zend/View/Abstract.php(884): Zend_View_Abstract->_script('organization/gm...')
#1 /var/www/fass-dev.fresco-co.net/Web/library/Zend/Controller/Action/Helper/ViewRenderer.php(900): Zend_View_Abstract->render('organization/gm...')
#2 /var/www/fass-dev.fresco-co.net/Web/library/Zend/Controller/Action/Helper/ViewRenderer.php(921): Zend_Controller_Action_Helper_ViewRenderer->renderScript('organization/gm...', NULL)
#3 /var/www/fass-dev.fresco-co.net/Web/library/Zend/Controller/Action/Helper/ViewRenderer.php(960): Zend_Controller_Action_Helper_ViewRenderer->render()
#4 /var/www/fass-dev.fresco-co.net/Web/library/Zend/Controller/Action/HelperBroker.php(277): Zend_Controller_Action_Helper_ViewRenderer->postDispatch()
#5 /var/www/fass-dev.fresco-co.net/Web/library/Zend/Controller/Action.php(527): Zend_Controller_Action_HelperBroker->notifyPostDispatch()
#6 /var/www/fass-dev.fresco-co.net/Web/library/Zend/Controller/Dispatcher/Standard.php(295): Zend_Controller_Action->dispatch('gmoSetUpAction')
#7 /var/www/fass-dev.fresco-co.net/Web/library/Zend/Controller/Front.php(954): Zend_Controller_Dispatcher_Standard->dispatch(Object(Nutex_Request), Object(Nutex_Response))
#8 /var/www/fass-dev.fresco-co.net/Web/library/Zend/Application/Bootstrap/Bootstrap.php(97): Zend_Controller_Front->dispatch()
#9 /var/www/fass-dev.fresco-co.net/Web/library/Zend/Application.php(366): Zend_Application_Bootstrap_Bootstrap->run()
#10 /var/www/fass-dev.fresco-co.net/Web/public/index.php(22): Zend_Application->run()
#11 {main}
2021-10-01T14:40:03+09:00 (CRIT): Request Parameters Array
(
    [controller] => organization
    [action] => gmo-set-up
    [module] => front
)

2021-10-01T14:55:46+09:00 (NOTICE): Invalid controller specified (favicon.ico) %info%
2021-10-01T14:55:46+09:00 (NOTICE): Request Parameters Array
(
    [controller] => favicon.ico
    [module] => front
    [action] => index
)

2021-10-01T15:13:15+09:00 (CRIT): SQLSTATE[42S22]: Column not found: 1054 Unknown column 'name' in 'field list' #0 /var/www/fass-dev.fresco-co.net/Web/library/Zend/Db/Statement.php(305): Zend_Db_Statement_Pdo->_execute(Array)
#1 /var/www/fass-dev.fresco-co.net/Web/library/Zend/Db/Adapter/Abstract.php(479): Zend_Db_Statement->execute(Array)
#2 /var/www/fass-dev.fresco-co.net/Web/library/Zend/Db/Adapter/Pdo/Abstract.php(238): Zend_Db_Adapter_Abstract->query('UPDATE `frs_man...', Array)
#3 /var/www/fass-dev.fresco-co.net/Web/library/Zend/Db/Adapter/Abstract.php(634): Zend_Db_Adapter_Pdo_Abstract->query('UPDATE `frs_man...', Array)
#4 /var/www/fass-dev.fresco-co.net/Web/library/Nutex/Data/Db/Abstract.php(192): Zend_Db_Adapter_Abstract->update('frs_management_...', Array, '`id` = '2' ')
#5 /var/www/fass-dev.fresco-co.net/Web/application/models/Data/DbAbstract.php(43): Nutex_Data_Db_Abstract->update(Array, Array)
#6 /var/www/fass-dev.fresco-co.net/Web/application/models/Data/ManagementGroup.php(151): Shared_Model_Data_DbAbstract->update(Array, Array)
#7 /var/www/fass-dev.fresco-co.net/Web/application/modules/front/controllers/OrganizationController.php(403): Shared_Model_Data_ManagementGroup->updateById('2', Array)
#8 /var/www/fass-dev.fresco-co.net/Web/library/Zend/Controller/Action.php(516): OrganizationController->gmoUpdateAction()
#9 /var/www/fass-dev.fresco-co.net/Web/library/Zend/Controller/Dispatcher/Standard.php(295): Zend_Controller_Action->dispatch('gmoUpdateAction')
#10 /var/www/fass-dev.fresco-co.net/Web/library/Zend/Controller/Front.php(954): Zend_Controller_Dispatcher_Standard->dispatch(Object(Nutex_Request), Object(Nutex_Response))
#11 /var/www/fass-dev.fresco-co.net/Web/library/Zend/Application/Bootstrap/Bootstrap.php(97): Zend_Controller_Front->dispatch()
#12 /var/www/fass-dev.fresco-co.net/Web/library/Zend/Application.php(366): Zend_Application_Bootstrap_Bootstrap->run()
#13 /var/www/fass-dev.fresco-co.net/Web/public/index.php(22): Zend_Application->run()
#14 {main}
2021-10-01T15:13:15+09:00 (CRIT): Request Parameters Array
(
    [controller] => organization
    [action] => gmo-update
    [module] => front
    [id] => 2
    [status] => 1
    [name] => ミクラン株式会社
    [app_client_id] => YxZYj8NaHnT376p4
    [app_client_secret] => uV1XLHzKWB3gI3XhMfAAuzjhHHo6WMZZBO7AhtrYNQ9cKjbLQH
)

2021-10-01T15:13:24+09:00 (CRIT): SQLSTATE[42S22]: Column not found: 1054 Unknown column 'name' in 'field list' #0 /var/www/fass-dev.fresco-co.net/Web/library/Zend/Db/Statement.php(305): Zend_Db_Statement_Pdo->_execute(Array)
#1 /var/www/fass-dev.fresco-co.net/Web/library/Zend/Db/Adapter/Abstract.php(479): Zend_Db_Statement->execute(Array)
#2 /var/www/fass-dev.fresco-co.net/Web/library/Zend/Db/Adapter/Pdo/Abstract.php(238): Zend_Db_Adapter_Abstract->query('UPDATE `frs_man...', Array)
#3 /var/www/fass-dev.fresco-co.net/Web/library/Zend/Db/Adapter/Abstract.php(634): Zend_Db_Adapter_Pdo_Abstract->query('UPDATE `frs_man...', Array)
#4 /var/www/fass-dev.fresco-co.net/Web/library/Nutex/Data/Db/Abstract.php(192): Zend_Db_Adapter_Abstract->update('frs_management_...', Array, '`id` = '2' ')
#5 /var/www/fass-dev.fresco-co.net/Web/application/models/Data/DbAbstract.php(43): Nutex_Data_Db_Abstract->update(Array, Array)
#6 /var/www/fass-dev.fresco-co.net/Web/application/models/Data/ManagementGroup.php(151): Shared_Model_Data_DbAbstract->update(Array, Array)
#7 /var/www/fass-dev.fresco-co.net/Web/application/modules/front/controllers/OrganizationController.php(403): Shared_Model_Data_ManagementGroup->updateById('2', Array)
#8 /var/www/fass-dev.fresco-co.net/Web/library/Zend/Controller/Action.php(516): OrganizationController->gmoUpdateAction()
#9 /var/www/fass-dev.fresco-co.net/Web/library/Zend/Controller/Dispatcher/Standard.php(295): Zend_Controller_Action->dispatch('gmoUpdateAction')
#10 /var/www/fass-dev.fresco-co.net/Web/library/Zend/Controller/Front.php(954): Zend_Controller_Dispatcher_Standard->dispatch(Object(Nutex_Request), Object(Nutex_Response))
#11 /var/www/fass-dev.fresco-co.net/Web/library/Zend/Application/Bootstrap/Bootstrap.php(97): Zend_Controller_Front->dispatch()
#12 /var/www/fass-dev.fresco-co.net/Web/library/Zend/Application.php(366): Zend_Application_Bootstrap_Bootstrap->run()
#13 /var/www/fass-dev.fresco-co.net/Web/public/index.php(22): Zend_Application->run()
#14 {main}
2021-10-01T15:13:24+09:00 (CRIT): Request Parameters Array
(
    [controller] => organization
    [action] => gmo-update
    [module] => front
    [id] => 2
    [status] => 1
    [name] => ミクラン株式会社
    [app_client_id] => YxZYj8NaHnT376p4
    [app_client_secret] => uV1XLHzKWB3gI3XhMfAAuzjhHHo6WMZZBO7AhtrYNQ9cKjbLQH
)

2021-10-01T16:14:34+09:00 (NOTICE): Action "cardList" does not exist and was not trapped in __call() %info%
2021-10-01T16:14:34+09:00 (NOTICE): Request Parameters Array
(
    [controller] => organization
    [action] => card-list
    [module] => front
)

2021-10-01T16:15:43+09:00 (NOTICE): Action "cardList" does not exist and was not trapped in __call() %info%
2021-10-01T16:15:43+09:00 (NOTICE): Request Parameters Array
(
    [controller] => organization
    [action] => card-list
    [module] => front
)

2021-10-01T16:23:50+09:00 (CRIT): Unable to Connect to ssl://dev.goosa.net:443. Error #0:  #0 /var/www/fass-dev.fresco-co.net/Web/library/Zend/Http/Client.php(1005): Zend_Http_Client_Adapter_Socket->connect('dev.goosa.net', 443, true)
#1 /var/www/fass-dev.fresco-co.net/Web/application/models/Gs/SupplierSetting.php(61): Zend_Http_Client->request('GET')
#2 /var/www/fass-dev.fresco-co.net/Web/application/modules/front/controllers/IndexController.php(110): Shared_Model_Gs_SupplierSetting::getApprovalCount(Array)
#3 /var/www/fass-dev.fresco-co.net/Web/library/Zend/Controller/Action.php(516): IndexController->indexAction()
#4 /var/www/fass-dev.fresco-co.net/Web/library/Zend/Controller/Dispatcher/Standard.php(295): Zend_Controller_Action->dispatch('indexAction')
#5 /var/www/fass-dev.fresco-co.net/Web/library/Zend/Controller/Front.php(954): Zend_Controller_Dispatcher_Standard->dispatch(Object(Nutex_Request), Object(Nutex_Response))
#6 /var/www/fass-dev.fresco-co.net/Web/library/Zend/Application/Bootstrap/Bootstrap.php(97): Zend_Controller_Front->dispatch()
#7 /var/www/fass-dev.fresco-co.net/Web/library/Zend/Application.php(366): Zend_Application_Bootstrap_Bootstrap->run()
#8 /var/www/fass-dev.fresco-co.net/Web/public/index.php(22): Zend_Application->run()
#9 {main}
2021-10-01T16:23:50+09:00 (CRIT): Request Parameters Array
(
    [controller] => index
    [module] => front
    [action] => index
)

2021-10-01T16:23:53+09:00 (CRIT): Unable to Connect to ssl://dev.goosa.net:443. Error #0:  #0 /var/www/fass-dev.fresco-co.net/Web/library/Zend/Http/Client.php(1005): Zend_Http_Client_Adapter_Socket->connect('dev.goosa.net', 443, true)
#1 /var/www/fass-dev.fresco-co.net/Web/application/models/Gs/SupplierSetting.php(61): Zend_Http_Client->request('GET')
#2 /var/www/fass-dev.fresco-co.net/Web/application/modules/front/controllers/IndexController.php(110): Shared_Model_Gs_SupplierSetting::getApprovalCount(Array)
#3 /var/www/fass-dev.fresco-co.net/Web/library/Zend/Controller/Action.php(516): IndexController->indexAction()
#4 /var/www/fass-dev.fresco-co.net/Web/library/Zend/Controller/Dispatcher/Standard.php(295): Zend_Controller_Action->dispatch('indexAction')
#5 /var/www/fass-dev.fresco-co.net/Web/library/Zend/Controller/Front.php(954): Zend_Controller_Dispatcher_Standard->dispatch(Object(Nutex_Request), Object(Nutex_Response))
#6 /var/www/fass-dev.fresco-co.net/Web/library/Zend/Application/Bootstrap/Bootstrap.php(97): Zend_Controller_Front->dispatch()
#7 /var/www/fass-dev.fresco-co.net/Web/library/Zend/Application.php(366): Zend_Application_Bootstrap_Bootstrap->run()
#8 /var/www/fass-dev.fresco-co.net/Web/public/index.php(22): Zend_Application->run()
#9 {main}
2021-10-01T16:23:53+09:00 (CRIT): Request Parameters Array
(
    [module] => front
    [controller] => index
    [action] => index
)

2021-10-01T16:24:09+09:00 (CRIT): Unable to Connect to ssl://dev.goosa.net:443. Error #0:  #0 /var/www/fass-dev.fresco-co.net/Web/library/Zend/Http/Client.php(1005): Zend_Http_Client_Adapter_Socket->connect('dev.goosa.net', 443, true)
#1 /var/www/fass-dev.fresco-co.net/Web/application/models/Gs/SupplierSetting.php(61): Zend_Http_Client->request('GET')
#2 /var/www/fass-dev.fresco-co.net/Web/application/modules/front/controllers/IndexController.php(110): Shared_Model_Gs_SupplierSetting::getApprovalCount(Array)
#3 /var/www/fass-dev.fresco-co.net/Web/library/Zend/Controller/Action.php(516): IndexController->indexAction()
#4 /var/www/fass-dev.fresco-co.net/Web/library/Zend/Controller/Dispatcher/Standard.php(295): Zend_Controller_Action->dispatch('indexAction')
#5 /var/www/fass-dev.fresco-co.net/Web/library/Zend/Controller/Front.php(954): Zend_Controller_Dispatcher_Standard->dispatch(Object(Nutex_Request), Object(Nutex_Response))
#6 /var/www/fass-dev.fresco-co.net/Web/library/Zend/Application/Bootstrap/Bootstrap.php(97): Zend_Controller_Front->dispatch()
#7 /var/www/fass-dev.fresco-co.net/Web/library/Zend/Application.php(366): Zend_Application_Bootstrap_Bootstrap->run()
#8 /var/www/fass-dev.fresco-co.net/Web/public/index.php(22): Zend_Application->run()
#9 {main}
2021-10-01T16:24:09+09:00 (CRIT): Request Parameters Array
(
    [module] => front
    [controller] => index
    [action] => index
)

2021-10-01T16:24:26+09:00 (CRIT): Unable to Connect to ssl://dev.goosa.net:443. Error #0:  #0 /var/www/fass-dev.fresco-co.net/Web/library/Zend/Http/Client.php(1005): Zend_Http_Client_Adapter_Socket->connect('dev.goosa.net', 443, true)
#1 /var/www/fass-dev.fresco-co.net/Web/application/models/Gs/SupplierSetting.php(61): Zend_Http_Client->request('GET')
#2 /var/www/fass-dev.fresco-co.net/Web/application/modules/front/controllers/IndexController.php(110): Shared_Model_Gs_SupplierSetting::getApprovalCount(Array)
#3 /var/www/fass-dev.fresco-co.net/Web/library/Zend/Controller/Action.php(516): IndexController->indexAction()
#4 /var/www/fass-dev.fresco-co.net/Web/library/Zend/Controller/Dispatcher/Standard.php(295): Zend_Controller_Action->dispatch('indexAction')
#5 /var/www/fass-dev.fresco-co.net/Web/library/Zend/Controller/Front.php(954): Zend_Controller_Dispatcher_Standard->dispatch(Object(Nutex_Request), Object(Nutex_Response))
#6 /var/www/fass-dev.fresco-co.net/Web/library/Zend/Application/Bootstrap/Bootstrap.php(97): Zend_Controller_Front->dispatch()
#7 /var/www/fass-dev.fresco-co.net/Web/library/Zend/Application.php(366): Zend_Application_Bootstrap_Bootstrap->run()
#8 /var/www/fass-dev.fresco-co.net/Web/public/index.php(22): Zend_Application->run()
#9 {main}
2021-10-01T16:24:26+09:00 (CRIT): Request Parameters Array
(
    [module] => front
    [controller] => index
    [action] => index
)

2021-10-01T16:24:33+09:00 (CRIT): Unable to Connect to ssl://dev.goosa.net:443. Error #0:  #0 /var/www/fass-dev.fresco-co.net/Web/library/Zend/Http/Client.php(1005): Zend_Http_Client_Adapter_Socket->connect('dev.goosa.net', 443, true)
#1 /var/www/fass-dev.fresco-co.net/Web/application/models/Gs/SupplierSetting.php(61): Zend_Http_Client->request('GET')
#2 /var/www/fass-dev.fresco-co.net/Web/application/modules/front/controllers/IndexController.php(110): Shared_Model_Gs_SupplierSetting::getApprovalCount(Array)
#3 /var/www/fass-dev.fresco-co.net/Web/library/Zend/Controller/Action.php(516): IndexController->indexAction()
#4 /var/www/fass-dev.fresco-co.net/Web/library/Zend/Controller/Dispatcher/Standard.php(295): Zend_Controller_Action->dispatch('indexAction')
#5 /var/www/fass-dev.fresco-co.net/Web/library/Zend/Controller/Front.php(954): Zend_Controller_Dispatcher_Standard->dispatch(Object(Nutex_Request), Object(Nutex_Response))
#6 /var/www/fass-dev.fresco-co.net/Web/library/Zend/Application/Bootstrap/Bootstrap.php(97): Zend_Controller_Front->dispatch()
#7 /var/www/fass-dev.fresco-co.net/Web/library/Zend/Application.php(366): Zend_Application_Bootstrap_Bootstrap->run()
#8 /var/www/fass-dev.fresco-co.net/Web/public/index.php(22): Zend_Application->run()
#9 {main}
2021-10-01T16:24:33+09:00 (CRIT): Request Parameters Array
(
    [module] => front
    [controller] => index
    [action] => index
)

2021-10-01T16:25:07+09:00 (CRIT): Unable to Connect to ssl://dev.goosa.net:443. Error #0:  #0 /var/www/fass-dev.fresco-co.net/Web/library/Zend/Http/Client.php(1005): Zend_Http_Client_Adapter_Socket->connect('dev.goosa.net', 443, true)
#1 /var/www/fass-dev.fresco-co.net/Web/application/models/Gs/SupplierSetting.php(61): Zend_Http_Client->request('GET')
#2 /var/www/fass-dev.fresco-co.net/Web/application/modules/front/controllers/IndexController.php(110): Shared_Model_Gs_SupplierSetting::getApprovalCount(Array)
#3 /var/www/fass-dev.fresco-co.net/Web/library/Zend/Controller/Action.php(516): IndexController->indexAction()
#4 /var/www/fass-dev.fresco-co.net/Web/library/Zend/Controller/Dispatcher/Standard.php(295): Zend_Controller_Action->dispatch('indexAction')
#5 /var/www/fass-dev.fresco-co.net/Web/library/Zend/Controller/Front.php(954): Zend_Controller_Dispatcher_Standard->dispatch(Object(Nutex_Request), Object(Nutex_Response))
#6 /var/www/fass-dev.fresco-co.net/Web/library/Zend/Application/Bootstrap/Bootstrap.php(97): Zend_Controller_Front->dispatch()
#7 /var/www/fass-dev.fresco-co.net/Web/library/Zend/Application.php(366): Zend_Application_Bootstrap_Bootstrap->run()
#8 /var/www/fass-dev.fresco-co.net/Web/public/index.php(22): Zend_Application->run()
#9 {main}
2021-10-01T16:25:07+09:00 (CRIT): Request Parameters Array
(
    [module] => front
    [controller] => index
    [action] => index
)

2021-10-01T17:10:53+09:00 (NOTICE): Invalid controller specified (wp-includes) %info%
2021-10-01T17:10:53+09:00 (NOTICE): Request Parameters Array
(
    [controller] => wp-includes
    [action] => wlwmanifest.xml
    [module] => front
)

2021-10-01T17:10:54+09:00 (NOTICE): Invalid controller specified (xmlrpc.php) %info%
2021-10-01T17:10:54+09:00 (NOTICE): Request Parameters Array
(
    [controller] => xmlrpc.php
    [module] => front
    [action] => index
    [rsd] => 
)

2021-10-01T19:01:42+09:00 (CRIT): Exception when calling AccountApi->accountsUsingGET: Missing the required parameter $x_access_token when calling accountsUsingGET #0 /var/www/fass-dev.fresco-co.net/Web/library/Zend/Controller/Action.php(516): OauthController->accountAction()
#1 /var/www/fass-dev.fresco-co.net/Web/library/Zend/Controller/Dispatcher/Standard.php(295): Zend_Controller_Action->dispatch('accountAction')
#2 /var/www/fass-dev.fresco-co.net/Web/library/Zend/Controller/Front.php(954): Zend_Controller_Dispatcher_Standard->dispatch(Object(Nutex_Request), Object(Nutex_Response))
#3 /var/www/fass-dev.fresco-co.net/Web/library/Zend/Application/Bootstrap/Bootstrap.php(97): Zend_Controller_Front->dispatch()
#4 /var/www/fass-dev.fresco-co.net/Web/library/Zend/Application.php(366): Zend_Application_Bootstrap_Bootstrap->run()
#5 /var/www/fass-dev.fresco-co.net/Web/public/index.php(22): Zend_Application->run()
#6 {main}
2021-10-01T19:01:42+09:00 (CRIT): Request Parameters Array
(
    [controller] => oauth
    [action] => account
    [module] => front
)

2021-10-01T23:04:51+09:00 (CRIT): Exception when calling AccountApi->accountsUsingGET: [403] Client error: `GET https://api.gmo-aozora.com/ganb/api/corporation/v1/accounts` resulted in a `403 Forbidden` response:
<!DOCTYPE HTML PUBLIC "-//IETF//DTD HTML 2.0//EN">
<html><head>
<title>403 Forbidden</title>
</head><body>
<h1>Forbidden (truncated...)
 #0 /var/www/fass-dev.fresco-co.net/Web/library/Zend/Controller/Action.php(516): OauthController->accountAction()
#1 /var/www/fass-dev.fresco-co.net/Web/library/Zend/Controller/Dispatcher/Standard.php(295): Zend_Controller_Action->dispatch('accountAction')
#2 /var/www/fass-dev.fresco-co.net/Web/library/Zend/Controller/Front.php(954): Zend_Controller_Dispatcher_Standard->dispatch(Object(Nutex_Request), Object(Nutex_Response))
#3 /var/www/fass-dev.fresco-co.net/Web/library/Zend/Application/Bootstrap/Bootstrap.php(97): Zend_Controller_Front->dispatch()
#4 /var/www/fass-dev.fresco-co.net/Web/library/Zend/Application.php(366): Zend_Application_Bootstrap_Bootstrap->run()
#5 /var/www/fass-dev.fresco-co.net/Web/public/index.php(22): Zend_Application->run()
#6 {main}
2021-10-01T23:04:51+09:00 (CRIT): Request Parameters Array
(
    [controller] => oauth
    [action] => account
    [module] => front
    [id] => 2
)

2021-10-01T23:07:15+09:00 (CRIT): Exception when calling AccountApi->accountsUsingGET: [403] Client error: `GET https://api.gmo-aozora.com/ganb/api/corporation/v1/accounts` resulted in a `403 Forbidden` response:
<!DOCTYPE HTML PUBLIC "-//IETF//DTD HTML 2.0//EN">
<html><head>
<title>403 Forbidden</title>
</head><body>
<h1>Forbidden (truncated...)
 #0 /var/www/fass-dev.fresco-co.net/Web/library/Zend/Controller/Action.php(516): OauthController->accountAction()
#1 /var/www/fass-dev.fresco-co.net/Web/library/Zend/Controller/Dispatcher/Standard.php(295): Zend_Controller_Action->dispatch('accountAction')
#2 /var/www/fass-dev.fresco-co.net/Web/library/Zend/Controller/Front.php(954): Zend_Controller_Dispatcher_Standard->dispatch(Object(Nutex_Request), Object(Nutex_Response))
#3 /var/www/fass-dev.fresco-co.net/Web/library/Zend/Application/Bootstrap/Bootstrap.php(97): Zend_Controller_Front->dispatch()
#4 /var/www/fass-dev.fresco-co.net/Web/library/Zend/Application.php(366): Zend_Application_Bootstrap_Bootstrap->run()
#5 /var/www/fass-dev.fresco-co.net/Web/public/index.php(22): Zend_Application->run()
#6 {main}
2021-10-01T23:07:15+09:00 (CRIT): Request Parameters Array
(
    [controller] => oauth
    [action] => account
    [module] => front
    [id] => 2
)

2021-10-01T23:12:53+09:00 (NOTICE): Action "developList" does not exist and was not trapped in __call() %info%
2021-10-01T23:12:53+09:00 (NOTICE): Request Parameters Array
(
    [controller] => approval
    [action] => develop-list
    [module] => front
)

2021-10-01T23:13:05+09:00 (NOTICE): Action "listDevelop" does not exist and was not trapped in __call() %info%
2021-10-01T23:13:05+09:00 (NOTICE): Request Parameters Array
(
    [controller] => approval
    [action] => list-develop
    [module] => front
)

