2021-10-12T11:08:05+09:00 (CRIT): SQLSTATE[21000]: Cardinality violation: 1241 Operand should contain 1 column(s) #0 /var/www/fass-dev.fresco-co.net/Web/library/Zend/Db/Statement.php(305): Zend_Db_Statement_Pdo->_execute(Array)
#1 /var/www/fass-dev.fresco-co.net/Web/library/Zend/Db/Adapter/Abstract.php(479): Zend_Db_Statement->execute(Array)
#2 /var/www/fass-dev.fresco-co.net/Web/library/Zend/Db/Adapter/Pdo/Abstract.php(238): Zend_Db_Adapter_Abstract->query(Object(Nutex_Data_Db_Select), Array)
#3 /var/www/fass-dev.fresco-co.net/Web/library/Nutex/Data/Db/Select.php(18): Zend_Db_Adapter_Pdo_Abstract->query(Object(Nutex_Data_Db_Select))
#4 /var/www/fass-dev.fresco-co.net/Web/application/models/Data/ManagementGmoAccount.php(70): Nutex_Data_Db_Select->query()
#5 /var/www/fass-dev.fresco-co.net/Web/application/models/Utility/GmoBank.php(19): Shared_Model_Data_ManagementGmoAccount->getById(Array)
#6 /var/www/fass-dev.fresco-co.net/Web/application/modules/front/controllers/OauthController.php(982): Shared_Model_Utility_GmoBank::getToken(Array)
#7 /var/www/fass-dev.fresco-co.net/Web/library/Zend/Controller/Action.php(516): OauthController->cancelAction()
#8 /var/www/fass-dev.fresco-co.net/Web/library/Zend/Controller/Dispatcher/Standard.php(295): Zend_Controller_Action->dispatch('cancelAction')
#9 /var/www/fass-dev.fresco-co.net/Web/library/Zend/Controller/Front.php(954): Zend_Controller_Dispatcher_Standard->dispatch(Object(Nutex_Request), Object(Nutex_Response))
#10 /var/www/fass-dev.fresco-co.net/Web/library/Zend/Application/Bootstrap/Bootstrap.php(97): Zend_Controller_Front->dispatch()
#11 /var/www/fass-dev.fresco-co.net/Web/library/Zend/Application.php(366): Zend_Application_Bootstrap_Bootstrap->run()
#12 /var/www/fass-dev.fresco-co.net/Web/public/index.php(22): Zend_Application->run()
#13 {main}
2021-10-12T11:08:05+09:00 (CRIT): Request Parameters Array
(
    [controller] => oauth
    [action] => cancel
    [module] => front
    [account_id] => 101011003463
    [apply_no] => 2021101200000004
)

