2021-10-02T08:52:38+09:00 (CRIT): Exception when calling AccountApi->accountsUsingGET: [403] Client error: `GET https://api.gmo-aozora.com/ganb/api/corporation/v1/accounts` resulted in a `403 Forbidden` response:
<!DOCTYPE HTML PUBLIC "-//IETF//DTD HTML 2.0//EN">
<html><head>
<title>403 Forbidden</title>
</head><body>
<h1>Forbidden (truncated...)
 #0 /var/www/fass-dev.fresco-co.net/Web/library/Zend/Controller/Action.php(516): OauthController->accountAction()
#1 /var/www/fass-dev.fresco-co.net/Web/library/Zend/Controller/Dispatcher/Standard.php(295): Zend_Controller_Action->dispatch('accountAction')
#2 /var/www/fass-dev.fresco-co.net/Web/library/Zend/Controller/Front.php(954): Zend_Controller_Dispatcher_Standard->dispatch(Object(Nutex_Request), Object(Nutex_Response))
#3 /var/www/fass-dev.fresco-co.net/Web/library/Zend/Application/Bootstrap/Bootstrap.php(97): Zend_Controller_Front->dispatch()
#4 /var/www/fass-dev.fresco-co.net/Web/library/Zend/Application.php(366): Zend_Application_Bootstrap_Bootstrap->run()
#5 /var/www/fass-dev.fresco-co.net/Web/public/index.php(22): Zend_Application->run()
#6 {main}
2021-10-02T08:52:38+09:00 (CRIT): Request Parameters Array
(
    [controller] => oauth
    [action] => account
    [module] => front
    [id] => 2
)

2021-10-02T09:00:57+09:00 (NOTICE): Invalid controller specified (_profiler) %info%
2021-10-02T09:00:57+09:00 (NOTICE): Request Parameters Array
(
    [controller] => _profiler
    [action] => phpinfo
    [module] => front
)

2021-10-02T16:49:32+09:00 (CRIT): SQLSTATE[HY093]: Invalid parameter number: no parameters were bound #0 /var/www/fass-dev.fresco-co.net/Web/library/Zend/Db/Statement.php(305): Zend_Db_Statement_Pdo->_execute(Array)
#1 /var/www/fass-dev.fresco-co.net/Web/library/Zend/Db/Adapter/Abstract.php(479): Zend_Db_Statement->execute(Array)
#2 /var/www/fass-dev.fresco-co.net/Web/library/Zend/Db/Adapter/Pdo/Abstract.php(238): Zend_Db_Adapter_Abstract->query(Object(Nutex_Data_Db_Select), Array)
#3 /var/www/fass-dev.fresco-co.net/Web/library/Nutex/Data/Db/Select.php(18): Zend_Db_Adapter_Pdo_Abstract->query(Object(Nutex_Data_Db_Select))
#4 /var/www/fass-dev.fresco-co.net/Web/application/models/Data/ManagementGmoAccount.php(70): Nutex_Data_Db_Select->query()
#5 /var/www/fass-dev.fresco-co.net/Web/application/models/Utility/GmoBank.php(19): Shared_Model_Data_ManagementGmoAccount->getById(NULL)
#6 /var/www/fass-dev.fresco-co.net/Web/application/modules/front/controllers/OauthController.php(897): Shared_Model_Utility_GmoBank::getToken(NULL)
#7 /var/www/fass-dev.fresco-co.net/Web/library/Zend/Controller/Action.php(516): OauthController->transferStatusAction()
#8 /var/www/fass-dev.fresco-co.net/Web/library/Zend/Controller/Dispatcher/Standard.php(295): Zend_Controller_Action->dispatch('transferStatusA...')
#9 /var/www/fass-dev.fresco-co.net/Web/library/Zend/Controller/Front.php(954): Zend_Controller_Dispatcher_Standard->dispatch(Object(Nutex_Request), Object(Nutex_Response))
#10 /var/www/fass-dev.fresco-co.net/Web/library/Zend/Application/Bootstrap/Bootstrap.php(97): Zend_Controller_Front->dispatch()
#11 /var/www/fass-dev.fresco-co.net/Web/library/Zend/Application.php(366): Zend_Application_Bootstrap_Bootstrap->run()
#12 /var/www/fass-dev.fresco-co.net/Web/public/index.php(22): Zend_Application->run()
#13 {main}
2021-10-02T16:49:32+09:00 (CRIT): Request Parameters Array
(
    [controller] => oauth
    [action] => transfer-status
    [module] => front
    [account_id] => 101011003463
    [apply_no] => 2021100400000001
)

2021-10-02T16:51:12+09:00 (NOTICE): Invalid controller specified (favicon.ico) %info%
2021-10-02T16:51:12+09:00 (NOTICE): Request Parameters Array
(
    [controller] => favicon.ico
    [module] => front
    [action] => index
)

