2021-10-21T06:18:19+09:00 (NOTICE): Invalid controller specified (.env) %info%
2021-10-21T06:18:19+09:00 (NOTICE): Request Parameters Array
(
    [controller] => .env
    [module] => front
    [action] => index
)

2021-10-21T06:18:22+09:00 (NOTICE): Invalid controller specified (vendor) %info%
2021-10-21T06:18:22+09:00 (NOTICE): Request Parameters Array
(
    [controller] => vendor
    [action] => .env
    [module] => front
)

2021-10-21T06:18:23+09:00 (NOTICE): Invalid controller specified (storage) %info%
2021-10-21T06:18:23+09:00 (NOTICE): Request Parameters Array
(
    [controller] => storage
    [action] => .env
    [module] => front
)

2021-10-21T06:18:27+09:00 (NOTICE): Invalid controller specified (public) %info%
2021-10-21T06:18:27+09:00 (NOTICE): Request Parameters Array
(
    [controller] => public
    [action] => .env
    [module] => front
)

2021-10-21T16:10:02+09:00 (NOTICE): Invalid controller specified (favicon.ico) %info%
2021-10-21T16:10:02+09:00 (NOTICE): Request Parameters Array
(
    [controller] => favicon.ico
    [module] => front
    [action] => index
)

