2021-10-07T07:16:59+09:00 (NOTICE): Invalid controller specified (.env) %info%
2021-10-07T07:16:59+09:00 (NOTICE): Request Parameters Array
(
    [controller] => .env
    [module] => front
    [action] => index
)

2021-10-07T07:17:02+09:00 (NOTICE): Invalid controller specified (vendor) %info%
2021-10-07T07:17:02+09:00 (NOTICE): Request Parameters Array
(
    [controller] => vendor
    [action] => .env
    [module] => front
)

2021-10-07T07:17:04+09:00 (NOTICE): Invalid controller specified (storage) %info%
2021-10-07T07:17:04+09:00 (NOTICE): Request Parameters Array
(
    [controller] => storage
    [action] => .env
    [module] => front
)

2021-10-07T07:17:06+09:00 (NOTICE): Invalid controller specified (public) %info%
2021-10-07T07:17:06+09:00 (NOTICE): Request Parameters Array
(
    [controller] => public
    [action] => .env
    [module] => front
)

2021-10-07T20:06:49+09:00 (NOTICE): Invalid controller specified (favicon.ico) %info%
2021-10-07T20:06:49+09:00 (NOTICE): Request Parameters Array
(
    [controller] => favicon.ico
    [module] => front
    [action] => index
)

2021-10-07T20:56:18+09:00 (NOTICE): Action "log" does not exist and was not trapped in __call() %info%
2021-10-07T20:56:18+09:00 (NOTICE): Request Parameters Array
(
    [controller] => system
    [action] => log
    [module] => front
)

2021-10-07T21:08:28+09:00 (NOTICE): Action "log" does not exist and was not trapped in __call() %info%
2021-10-07T21:08:28+09:00 (NOTICE): Request Parameters Array
(
    [controller] => system
    [action] => log
    [module] => front
)

2021-10-07T21:08:30+09:00 (NOTICE): Action "log" does not exist and was not trapped in __call() %info%
2021-10-07T21:08:30+09:00 (NOTICE): Request Parameters Array
(
    [controller] => system
    [action] => log
    [module] => front
)

2021-10-07T21:12:02+09:00 (NOTICE): Action "log" does not exist and was not trapped in __call() %info%
2021-10-07T21:12:02+09:00 (NOTICE): Request Parameters Array
(
    [controller] => system
    [action] => log
    [module] => front
)

2021-10-07T21:12:04+09:00 (CRIT): SQLSTATE[42S22]: Column not found: 1054 Unknown column 'gs_site_log.id' in 'order clause' #0 /var/www/fass-dev.fresco-co.net/Web/library/Zend/Db/Statement.php(305): Zend_Db_Statement_Pdo->_execute(Array)
#1 /var/www/fass-dev.fresco-co.net/Web/library/Zend/Db/Adapter/Abstract.php(479): Zend_Db_Statement->execute(Array)
#2 /var/www/fass-dev.fresco-co.net/Web/library/Zend/Db/Adapter/Pdo/Abstract.php(238): Zend_Db_Adapter_Abstract->query(Object(Nutex_Data_Db_Select), Array)
#3 /var/www/fass-dev.fresco-co.net/Web/library/Nutex/Data/Db/Select.php(18): Zend_Db_Adapter_Pdo_Abstract->query(Object(Nutex_Data_Db_Select))
#4 /var/www/fass-dev.fresco-co.net/Web/library/Zend/Paginator/Adapter/DbSelect.php(151): Nutex_Data_Db_Select->query()
#5 /var/www/fass-dev.fresco-co.net/Web/library/Zend/Paginator.php(784): Zend_Paginator_Adapter_DbSelect->getItems(0, 50)
#6 /var/www/fass-dev.fresco-co.net/Web/library/Zend/Paginator.php(613): Zend_Paginator->getItemsByPage(1)
#7 /var/www/fass-dev.fresco-co.net/Web/application/modules/front/controllers/SystemLogController.php(81): Zend_Paginator->getCurrentItems()
#8 /var/www/fass-dev.fresco-co.net/Web/library/Zend/Controller/Action.php(516): SystemLogController->listAction()
#9 /var/www/fass-dev.fresco-co.net/Web/library/Zend/Controller/Dispatcher/Standard.php(295): Zend_Controller_Action->dispatch('listAction')
#10 /var/www/fass-dev.fresco-co.net/Web/library/Zend/Controller/Front.php(954): Zend_Controller_Dispatcher_Standard->dispatch(Object(Nutex_Request), Object(Nutex_Response))
#11 /var/www/fass-dev.fresco-co.net/Web/library/Zend/Application/Bootstrap/Bootstrap.php(97): Zend_Controller_Front->dispatch()
#12 /var/www/fass-dev.fresco-co.net/Web/library/Zend/Application.php(366): Zend_Application_Bootstrap_Bootstrap->run()
#13 /var/www/fass-dev.fresco-co.net/Web/public/index.php(22): Zend_Application->run()
#14 {main}
2021-10-07T21:12:04+09:00 (CRIT): Request Parameters Array
(
    [controller] => system-log
    [action] => list
    [module] => front
)

