2021-11-05T12:14:52+09:00 (NOTICE): Invalid controller specified (management) %info%
2021-11-05T12:14:52+09:00 (NOTICE): Request Parameters Array
(
    [controller] => management
    [action] => list
    [module] => front
)

2021-11-05T12:22:00+09:00 (NOTICE): Invalid controller specified (management) %info%
2021-11-05T12:22:00+09:00 (NOTICE): Request Parameters Array
(
    [controller] => management
    [action] => list
    [module] => front
)

2021-11-05T12:22:03+09:00 (NOTICE): Invalid controller specified (management) %info%
2021-11-05T12:22:03+09:00 (NOTICE): Request Parameters Array
(
    [controller] => management
    [action] => list
    [module] => front
)

2021-11-05T12:22:10+09:00 (NOTICE): Invalid controller specified (management) %info%
2021-11-05T12:22:10+09:00 (NOTICE): Request Parameters Array
(
    [controller] => management
    [module] => front
    [action] => index
)

